arg real
start pre-train generator:
epoch:0	 time:37.51185965538025
time elapsed of EmbeddingSimilarity: 47.36680579185486
time elapsed of nll-test: 15.994799137115479
epoch:1	EmbeddingSimilarity:-0.018701729419858273	nll-test:1.5550382	
epoch:1	 time:36.53689193725586
epoch:2	 time:36.429545879364014
epoch:3	 time:36.28007936477661
epoch:4	 time:36.402934074401855
epoch:5	 time:36.22025918960571
time elapsed of EmbeddingSimilarity: 22.32045841217041
time elapsed of nll-test: 15.777318000793457
epoch:6	EmbeddingSimilarity:-0.013352077524713247	nll-test:1.1153965	
epoch:6	 time:36.852004051208496
epoch:7	 time:36.30311107635498
epoch:8	 time:35.99913311004639
epoch:9	 time:36.72987174987793
epoch:10	 time:35.96061110496521
time elapsed of EmbeddingSimilarity: 22.921205282211304
time elapsed of nll-test: 16.190635919570923
epoch:11	EmbeddingSimilarity:-0.0120568382730482	nll-test:0.9752379	
epoch:11	 time:36.876585483551025
epoch:12	 time:36.01213812828064
epoch:13	 time:36.00564503669739
epoch:14	 time:36.46852993965149
epoch:15	 time:36.46773838996887
time elapsed of EmbeddingSimilarity: 22.83060908317566
time elapsed of nll-test: 15.5809006690979
epoch:16	EmbeddingSimilarity:-0.011268508080068603	nll-test:0.8951396	
epoch:16	 time:35.96660661697388
epoch:17	 time:36.586453676223755
epoch:18	 time:36.19377422332764
epoch:19	 time:36.50343942642212
epoch:20	 time:36.35467791557312
time elapsed of EmbeddingSimilarity: 22.669158220291138
time elapsed of nll-test: 15.517321348190308
epoch:21	EmbeddingSimilarity:-0.011110178840060771	nll-test:0.8522915	
epoch:21	 time:36.672263860702515
epoch:22	 time:36.3797972202301
epoch:23	 time:36.73704934120178
epoch:24	 time:36.51589894294739
epoch:25	 time:36.06446957588196
time elapsed of EmbeddingSimilarity: 23.314380645751953
time elapsed of nll-test: 16.63950204849243
epoch:26	EmbeddingSimilarity:-0.011574015912785408	nll-test:0.8242775	
epoch:26	 time:36.50186061859131
epoch:27	 time:36.81882953643799
epoch:28	 time:36.586421251297
epoch:29	 time:36.847344398498535
epoch:30	 time:36.258503675460815
time elapsed of EmbeddingSimilarity: 22.332409858703613
time elapsed of nll-test: 15.837966442108154
epoch:31	EmbeddingSimilarity:-0.011055658840364566	nll-test:0.80618757	
epoch:31	 time:36.0149040222168
epoch:32	 time:35.82944941520691
epoch:33	 time:36.650378942489624
epoch:34	 time:36.39506506919861
epoch:35	 time:36.81817674636841
time elapsed of EmbeddingSimilarity: 22.410096168518066
time elapsed of nll-test: 16.362735986709595
epoch:36	EmbeddingSimilarity:-0.011065163918107204	nll-test:0.7879425	
epoch:36	 time:36.57986497879028
epoch:37	 time:37.193034410476685
epoch:38	 time:36.62302899360657
epoch:39	 time:36.6652307510376
epoch:40	 time:36.733975410461426
time elapsed of EmbeddingSimilarity: 23.319666862487793
time elapsed of nll-test: 16.24945855140686
epoch:41	EmbeddingSimilarity:-0.011379519026441166	nll-test:0.77778643	
epoch:41	 time:36.72457957267761
epoch:42	 time:36.84952473640442
epoch:43	 time:35.771929025650024
epoch:44	 time:36.73746204376221
epoch:45	 time:36.80700922012329
time elapsed of EmbeddingSimilarity: 22.395400047302246
time elapsed of nll-test: 15.909505844116211
epoch:46	EmbeddingSimilarity:-0.010864700993729538	nll-test:0.7692475	
epoch:46	 time:37.471062898635864
epoch:47	 time:35.96632385253906
epoch:48	 time:36.15344166755676
epoch:49	 time:36.575464487075806
epoch:50	 time:37.15572929382324
time elapsed of EmbeddingSimilarity: 23.125853538513184
time elapsed of nll-test: 16.052682399749756
epoch:51	EmbeddingSimilarity:-0.011134458023722656	nll-test:0.7621005	
epoch:51	 time:37.07503867149353
epoch:52	 time:37.000834226608276
epoch:53	 time:36.96776819229126
epoch:54	 time:37.02115440368652
epoch:55	 time:36.65571737289429
time elapsed of EmbeddingSimilarity: 22.142245292663574
time elapsed of nll-test: 16.30025577545166
epoch:56	EmbeddingSimilarity:-0.011350145942058564	nll-test:0.7582952	
epoch:56	 time:37.29971671104431
epoch:57	 time:36.7578399181366
epoch:58	 time:36.98070693016052
epoch:59	 time:37.4407114982605
epoch:60	 time:37.48637342453003
time elapsed of EmbeddingSimilarity: 23.526801347732544
time elapsed of nll-test: 16.15714979171753
epoch:61	EmbeddingSimilarity:-0.011137079241727462	nll-test:0.7537296	
epoch:61	 time:36.10651516914368
epoch:62	 time:36.58658766746521
epoch:63	 time:37.03708744049072
epoch:64	 time:36.86595606803894
epoch:65	 time:36.335421323776245
time elapsed of EmbeddingSimilarity: 23.07811689376831
time elapsed of nll-test: 16.810303449630737
epoch:66	EmbeddingSimilarity:-0.011208099400930958	nll-test:0.75021166	
epoch:66	 time:37.11279273033142
epoch:67	 time:36.689066886901855
epoch:68	 time:36.99602937698364
epoch:69	 time:37.208277225494385
epoch:70	 time:36.86247205734253
time elapsed of EmbeddingSimilarity: 22.28289031982422
time elapsed of nll-test: 16.322452068328857
epoch:71	EmbeddingSimilarity:-0.011103095047226128	nll-test:0.7499114	
epoch:71	 time:36.7060444355011
epoch:72	 time:37.09010434150696
epoch:73	 time:36.652705907821655
epoch:74	 time:37.068337202072144
epoch:75	 time:36.507561922073364
time elapsed of EmbeddingSimilarity: 22.382092475891113
time elapsed of nll-test: 15.630601167678833
epoch:76	EmbeddingSimilarity:-0.011272056796052447	nll-test:0.7440389	
epoch:76	 time:36.93980956077576
epoch:77	 time:36.95370554924011
epoch:78	 time:36.557297229766846
epoch:79	 time:37.13213849067688
start pre-train discriminator:
epoch:0
[1.5555007]
[1.7933344]
[1.6502597]
epoch:1
[1.3833206]
[1.1747346]
[1.1768703]
epoch:2
[1.179793]
[1.1341313]
[1.2026339]
epoch:3
[1.1753112]
[1.2043443]
[1.1777139]
epoch:4
[1.2531687]
[1.3104281]
[1.2880497]
epoch:5
[1.2949183]
[1.1772006]
[1.088032]
epoch:6
[1.141552]
[1.193309]
[1.1532559]
epoch:7
[1.2091829]
[1.1606195]
[1.1459606]
epoch:8
[1.1535677]
[1.1957155]
[1.1950345]
epoch:9
[1.1478822]
[1.1570376]
[1.1409048]
epoch:10
[1.2212582]
[1.1760616]
[1.2267634]
epoch:11
[1.2105188]
[1.2135237]
[1.1517214]
epoch:12
[1.1599902]
[1.1070882]
[1.1715037]
epoch:13
[1.1967746]
[1.1535332]
[1.1441344]
epoch:14
[1.1792281]
[1.1593149]
[1.1692961]
epoch:15
[1.1462584]
[1.177579]
[1.1607864]
epoch:16
[1.1575654]
[1.1808474]
[1.1657577]
epoch:17
[1.1437237]
[1.1415199]
[1.1581979]
epoch:18
[1.148638]
[1.1549798]
[1.1799924]
epoch:19
[1.1745108]
[1.1218106]
[1.1432734]
epoch:20
[1.1439635]
[1.1244644]
[1.1183323]
epoch:21
[1.11369]
[1.1623151]
[1.1572933]
epoch:22
[1.1286142]
[1.1415348]
[1.1897498]
epoch:23
[1.160945]
[1.1595742]
[1.1365855]
epoch:24
[1.1660581]
[1.1359146]
[1.1446805]
epoch:25
[1.1180739]
[1.1061261]
[1.1144066]
epoch:26
[1.1659745]
[1.1701677]
[1.1142983]
epoch:27
[1.1404867]
[1.1792597]
[1.11602]
epoch:28
[1.1158961]
[1.1582124]
[1.1206448]
epoch:29
[1.1726203]
[1.137637]
[1.1130257]
epoch:30
[1.1784792]
[1.14075]
[1.1696191]
epoch:31
[1.1518495]
[1.1344001]
[1.1295972]
epoch:32
[1.1421981]
[1.1642313]
[1.1078434]
epoch:33
[1.131469]
[1.1784544]
[1.1433809]
epoch:34
[1.1274256]
[1.1478169]
[1.1674659]
epoch:35
[1.1100672]
[1.1368765]
[1.1371619]
epoch:36
[1.1362009]
[1.1224794]
[1.1520718]
epoch:37
[1.1754189]
[1.1201345]
[1.1244793]
epoch:38
[1.1555415]
[1.1239398]
[1.1547614]
epoch:39
[1.0954921]
[1.1235563]
[1.1210234]
epoch:40
[1.1374608]
[1.1311634]
[1.1025052]
epoch:41
[1.1190195]
[1.110307]
[1.1480131]
epoch:42
[1.1577991]
[1.1135914]
[1.1424621]
epoch:43
[1.1164757]
[1.1158031]
[1.137963]
epoch:44
[1.1121609]
[1.1320522]
[1.1210277]
epoch:45
[1.1612939]
[1.1130418]
[1.1302955]
epoch:46
[1.0858638]
[1.1171105]
[1.0833011]
epoch:47
[1.1126989]
[1.1158934]
[1.14905]
epoch:48
[1.0918149]
[1.1134142]
[1.088995]
epoch:49
[1.1128353]
[1.1139126]
[1.1415725]
epoch:50
[1.1094625]
[1.1039696]
[1.1261394]
epoch:51
[1.1375386]
[1.1240366]
[1.1420345]
epoch:52
[1.0997642]
[1.1086544]
[1.1290969]
epoch:53
[1.1225567]
[1.1363795]
[1.1340132]
epoch:54
[1.0845363]
[1.114802]
[1.1224773]
epoch:55
[1.124567]
[1.1053108]
[1.0807396]
epoch:56
[1.111564]
[1.1018196]
[1.132061]
epoch:57
[1.1143093]
[1.0910125]
[1.100125]
epoch:58
[1.0938737]
[1.113538]
[1.1145025]
epoch:59
[1.1100979]
[1.0850801]
[1.1117142]
epoch:60
[1.1019301]
[1.0949763]
[1.1312332]
epoch:61
[1.1169187]
[1.1337578]
[1.0683768]
epoch:62
[1.1092494]
[1.1023929]
[1.097703]
epoch:63
[1.0837234]
[1.1138941]
[1.0637459]
epoch:64
[1.1318331]
[1.1178076]
[1.1180999]
epoch:65
[1.0674348]
[1.1062996]
[1.1197535]
epoch:66
[1.1007997]
[1.0770744]
[1.1286948]
epoch:67
[1.0831503]
[1.1188347]
[1.1116284]
epoch:68
[1.108301]
[1.136448]
[1.0922422]
epoch:69
[1.0674707]
[1.0789814]
[1.0993146]
epoch:70
[1.109636]
[1.1113487]
[1.083573]
epoch:71
[1.0992476]
[1.0771679]
[1.0966302]
epoch:72
[1.1116956]
[1.046724]
[1.1306871]
epoch:73
[1.0621647]
[1.1038446]
[1.0899818]
epoch:74
[1.1104743]
[1.1543318]
[1.0769879]
epoch:75
[1.0975618]
[1.0844802]
[1.0564076]
epoch:76
[1.1077517]
[1.0798719]
[1.0376492]
epoch:77
[1.1041605]
[1.1078058]
[1.0833814]
epoch:78
[1.0889611]
[1.0623]
[1.0612425]
epoch:79
[1.0959616]
[1.068965]
[1.0618471]
adversarial training:
853.05975
epoch:81	 time:31.654165029525757
time elapsed of EmbeddingSimilarity: 22.295732021331787
time elapsed of nll-test: 16.394042015075684
epoch:81	EmbeddingSimilarity:-0.010949340293725088	nll-test:0.7409648	
[1.1199228]
[1.0647333]
[1.089802]
[1.1181909]
[1.0755295]
[1.1164335]
[1.1219307]
[1.1141098]
[1.0749916]
[1.0774274]
[1.0485054]
[1.0680108]
[1.0739127]
[1.1243901]
[1.0824181]
[1.0906761]
[1.0884172]
[1.0705062]
[1.1248775]
[1.0736752]
[1.0506184]
[1.0787392]
[1.0880972]
[1.0990676]
[1.0941978]
[1.1000051]
[1.0582576]
[1.0668159]
[1.0885539]
[1.0630312]
[1.0691983]
[1.050478]
[1.1051028]
[1.0502589]
[1.1006796]
[1.0695528]
[1.044709]
[1.0498168]
[1.0874342]
[1.1137127]
[1.102213]
[1.0527234]
[1.0879984]
[1.0840973]
[1.0854897]
790.3646
epoch:82	 time:31.601847410202026
[1.0736338]
[1.1265547]
[1.0668496]
[1.0902941]
[1.0734832]
[1.0669343]
[1.080843]
[1.0539292]
[1.0537554]
[1.0729094]
[1.1106179]
[1.0719767]
[1.0565386]
[1.075588]
[1.0925902]
[1.0789949]
[1.0964012]
[1.0818743]
[1.0701911]
[1.0597254]
[1.0940945]
[1.0601592]
[1.0803814]
[1.0582331]
[1.0518873]
[1.0686516]
[1.0626832]
[1.0827045]
[1.0751361]
[1.0368729]
[1.0671129]
[1.0649732]
[1.0924953]
[1.0723702]
[1.0349226]
[1.0537221]
[1.1060607]
[1.0594293]
[1.0731492]
[1.0449756]
[1.0708672]
[1.0892038]
[1.0597632]
[1.0580662]
[1.0935047]
995.1686
epoch:83	 time:31.488747119903564
[1.0672867]
[1.0859458]
[1.0669099]
[1.0641592]
[1.0531154]
[1.0680437]
[1.0594891]
[1.0879501]
[1.0991309]
[1.0877984]
[1.0855526]
[1.0496635]
[1.059567]
[1.0399216]
[1.0610316]
[1.0258554]
[1.0340228]
[1.0764842]
[1.0280513]
[1.0546854]
[1.0199907]
[1.0307391]
[1.0472635]
[1.0519438]
[1.0318782]
[1.0435799]
[1.0673449]
[1.036711]
[1.074523]
[1.0536301]
[1.0676788]
[1.0041237]
[1.0209328]
[1.044075]
[1.0667006]
[1.0737967]
[1.0574232]
[1.0471511]
[1.0566297]
[1.0496261]
[1.0522212]
[1.0356536]
[1.0278213]
[1.040426]
[1.0504848]
891.684
epoch:84	 time:31.823952436447144
[1.0518504]
[1.0608987]
[1.0479896]
[1.0344961]
[1.055795]
[1.0527128]
[1.0363897]
[1.0515311]
[1.0176972]
[1.0241547]
[1.0203654]
[1.0235852]
[1.0420837]
[1.0283219]
[1.0591935]
[1.042952]
[1.0348725]
[1.0370172]
[1.0346688]
[1.0260297]
[1.026134]
[1.027843]
[1.0065252]
[1.0372617]
[1.0188617]
[1.0508928]
[1.0173451]
[1.0271649]
[1.0229123]
[1.0035957]
[1.0467448]
[0.9980532]
[1.0899978]
[1.0594032]
[1.0762603]
[1.0486792]
[1.0520648]
[1.0125535]
[1.0176594]
[1.0615269]
[1.0799356]
[1.0656325]
[1.0447611]
[0.99216795]
[1.118304]
643.922
epoch:85	 time:31.058342695236206
[1.043584]
[0.9870477]
[0.99970067]
[1.035986]
[1.0249411]
[1.0080186]
[0.98163295]
[1.0664191]
[1.0477129]
[0.9939329]
[1.0446485]
[1.0345026]
[1.0229486]
[1.0056235]
[1.0040228]
[1.028583]
[1.018745]
[1.031596]
[1.0090781]
[1.0329595]
[0.9903625]
[1.000069]
[0.98367953]
[0.9772264]
[1.0380447]
[0.9709684]
[1.0052377]
[1.0297925]
[0.99741673]
[1.0219686]
[1.0278139]
[1.0071338]
[1.0054203]
[1.0094702]
[1.0062714]
[1.0010574]
[1.0026178]
[1.0198231]
[1.0257537]
[1.009943]
[0.9952693]
[1.0192314]
[1.0427773]
[0.9840175]
[1.0227933]
667.9469
epoch:86	 time:32.10589790344238
time elapsed of EmbeddingSimilarity: 22.650412797927856
time elapsed of nll-test: 16.35133457183838
epoch:86	EmbeddingSimilarity:-0.010466462405279755	nll-test:0.7845078	
[1.0144128]
[1.0651385]
[1.0489236]
[1.0188549]
[1.0187674]
[1.018303]
[0.99823296]
[0.98915005]
[0.9983711]
[0.9660735]
[0.9971589]
[1.043976]
[0.9770663]
[0.9681679]
[1.0005147]
[0.98429084]
[1.0322334]
[0.968534]
[0.99871284]
[0.96792525]
[0.97937113]
[1.0063126]
[1.0182062]
[0.9589391]
[0.9972112]
[0.9987006]
[0.9962845]
[1.0189352]
[0.97794306]
[1.006875]
[1.0195127]
[0.95180786]
[0.98616517]
[0.9869296]
[0.97023606]
[0.9824333]
[0.97744536]
[0.9767517]
[1.0072966]
[0.9703635]
[0.9923892]
[1.006152]
[0.9895512]
[0.93963945]
[1.0077142]
778.20703
epoch:87	 time:31.616092205047607
[0.96011245]
[0.970767]
[1.0069563]
[0.95800304]
[0.9868348]
[0.9663794]
[0.99579227]
[0.99063253]
[1.0036914]
[0.96859777]
[0.97746134]
[0.9530654]
[0.96582913]
[0.9683384]
[0.9514078]
[0.9465339]
[0.9468962]
[1.0111134]
[1.0066888]
[0.97651625]
[0.96834415]
[0.98399234]
[0.98181593]
[0.961697]
[0.971925]
[0.9499046]
[0.99284345]
[0.9625666]
[0.9831812]
[0.9661576]
[0.9751897]
[1.0231597]
[0.9339514]
[0.9622618]
[0.9532578]
[0.9688073]
[0.99166715]
[0.94005036]
[0.93941355]
[0.9677906]
[0.9700872]
[0.97136986]
[0.9767295]
[0.952546]
[0.9466848]
712.5637
epoch:88	 time:31.946972608566284
[0.9739211]
[0.9558797]
[0.9679971]
[0.9402619]
[0.93029726]
[0.9619823]
[0.9597374]
[0.95321786]
[0.92810357]
[0.94855976]
[0.9319751]
[0.9581922]
[1.0030171]
[0.97557735]
[0.9348911]
[0.9945693]
[0.9524118]
[0.9197822]
[0.9663657]
[0.96975756]
[0.9371953]
[0.9424454]
[0.9689177]
[0.90307647]
[0.98388314]
[0.9683364]
[0.94733787]
[0.8725097]
[0.9455999]
[0.95764244]
[0.9584271]
[0.9208688]
[0.93594325]
[0.9600946]
[0.9125787]
[0.932054]
[0.9624463]
[0.9300097]
[0.9111366]
[0.9969722]
[0.9469919]
[0.9576657]
[0.93430924]
[0.9288901]
[0.9081514]
774.55334
epoch:89	 time:32.73410177230835
[0.9522314]
[0.94537103]
[0.9325346]
[0.9717678]
[0.96900314]
[0.94339705]
[0.93901175]
[0.95568156]
[0.9547927]
[0.8969847]
[0.9042214]
[0.9361042]
[0.9210064]
[0.8870652]
[0.9044869]
[0.88870573]
[0.9339509]
[0.9180287]
[0.89840984]
[0.9162693]
[0.88840586]
[0.9138912]
[0.93268335]
[0.96002865]
[0.9251778]
[0.9117654]
[0.92874765]
[0.91287506]
[0.92802906]
[0.9177975]
[0.8839637]
[0.90143824]
[0.90372]
[0.94596624]
[0.94623077]
[0.9064683]
[0.93092316]
[0.89536035]
[0.91275406]
[0.8980818]
[0.88337684]
[0.93944365]
[0.9477078]
[0.8911687]
[0.9236541]
744.16943
epoch:90	 time:31.981342792510986
[0.89181983]
[0.930941]
[0.9268422]
[0.9355421]
[0.8990525]
[0.8648256]
[0.8954016]
[0.93137753]
[0.8947543]
[0.91279185]
[0.8697822]
[0.90062445]
[0.9283174]
[0.9070835]
[0.9075855]
[0.9327296]
[0.8854096]
[0.8829507]
[0.96658206]
[0.90367323]
[0.94215655]
[0.8785513]
[0.8923452]
[0.8799804]
[0.85169834]
[0.8721348]
[0.9219731]
[0.899849]
[0.9130404]
[0.8578427]
[0.90138876]
[0.899457]
[0.8913742]
[0.88357747]
[0.9069113]
[0.8988216]
[0.88929236]
[0.8707119]
[0.889264]
[0.9158746]
[0.92244256]
[0.9216286]
[0.91370326]
[0.93813133]
[0.8575865]
621.32886
epoch:91	 time:32.5056426525116
time elapsed of EmbeddingSimilarity: 21.99566650390625
time elapsed of nll-test: 16.28513240814209
epoch:91	EmbeddingSimilarity:-0.010659614040273676	nll-test:0.8343013	
[0.8772515]
[0.9012226]
[0.86830515]
[0.9082521]
[0.8827661]
[0.9703274]
[0.94848067]
[0.88704395]
[0.8755255]
[0.97896844]
[0.8715806]
[0.92134917]
[0.9039966]
[0.88673174]
[0.8772235]
[0.8950571]
[0.83865833]
[0.95057344]
[0.8678738]
[0.8725207]
[0.8757708]
[0.85565805]
[0.9045744]
[0.94583]
[0.84284174]
[0.8508891]
[0.8720384]
[0.8404076]
[0.92144287]
[0.8838676]
[0.8295336]
[0.88541687]
[0.8980441]
[0.93452054]
[0.8945528]
[0.8342769]
[0.90978754]
[0.92150116]
[0.9100399]
[0.9056127]
[0.9096205]
[0.8197973]
[0.90976584]
[0.89453363]
[0.89221084]
665.90607
epoch:92	 time:31.59154748916626
[0.87355334]
[0.89716375]
[0.86122876]
[0.83323467]
[0.84251755]
[0.87372255]
[0.9164469]
[0.86526656]
[0.8514135]
[0.8712539]
[0.8491049]
[0.84427714]
[0.81968945]
[0.80421114]
[0.8665706]
[0.91284347]
[0.87793225]
[0.87873524]
[0.8586501]
[0.8106207]
[0.9180993]
[0.80703413]
[0.8878046]
[0.8505177]
[0.87248784]
[0.8218051]
[0.86824155]
[0.9300379]
[0.84185183]
[0.8671339]
[0.9062093]
[0.9070599]
[0.88137746]
[0.87518847]
[0.8259018]
[0.8543881]
[0.91414416]
[0.8526178]
[0.8849844]
[0.8073155]
[0.83770144]
[0.85464513]
[0.9048412]
[0.888599]
[0.87268746]
615.7765
epoch:93	 time:30.953551292419434
[0.84751725]
[0.88901806]
[0.8435675]
[0.85836995]
[0.90433365]
[0.8784133]
[0.8600994]
[0.89675736]
[0.874438]
[0.9162222]
[0.8100114]
[0.7842999]
[0.85821044]
[0.8662728]
[0.92695546]
[0.8204663]
[0.87522626]
[0.8727911]
[0.8968593]
[0.82148373]
[0.82843435]
[0.84826946]
[0.82485765]
[0.88602066]
[0.82609606]
[0.919853]
[0.8174617]
[0.8413724]
[0.81717545]
[0.8365791]
[0.8267004]
[0.8468988]
[0.82441795]
[0.7746765]
[0.8216058]
[0.80185056]
[0.78943455]
[0.90890896]
[0.94477415]
[0.79460764]
[0.8258791]
[0.8760658]
[0.81197435]
[0.8648664]
[0.90666044]
653.0491
epoch:94	 time:31.102329969406128
[0.82839835]
[0.8091558]
[0.84381336]
[0.7735878]
[0.8718477]
[0.8260393]
[0.85887516]
[0.8541424]
[0.8617051]
[0.81492865]
[0.8641784]
[0.82492304]
[0.9053776]
[0.8290489]
[0.8580235]
[0.80857223]
[0.89282835]
[0.89369106]
[0.8214077]
[0.8306601]
[0.81867945]
[0.8250421]
[0.8669727]
[0.8892582]
[0.8957707]
[0.85514045]
[0.83605146]
[0.8793126]
[0.9422785]
[0.803285]
[0.8724129]
[0.8406042]
[0.84508747]
[0.8391936]
[0.85206836]
[0.85084504]
[0.8364691]
[0.8472508]
[0.8646908]
[0.79889524]
[0.8599383]
[0.8434711]
[0.8037883]
[0.8317503]
[0.8035928]
480.986
epoch:95	 time:31.179243564605713
[0.86942285]
[0.7853213]
[0.8481855]
[0.7784466]
[0.8256643]
[0.8258775]
[0.8073687]
[0.85218906]
[0.82766336]
[0.8140098]
[0.8288177]
[0.8334795]
[0.85643464]
[0.86548007]
[0.75654274]
[0.78496355]
[0.8681893]
[0.79584587]
[0.85483146]
[0.8136208]
[0.90701175]
[0.80121815]
[0.79635227]
[0.85086197]
[0.7708775]
[0.8922469]
[0.8574759]
[0.7878386]
[0.8238676]
[0.89878654]
[0.87782073]
[0.8261996]
[0.8417442]
[0.8091343]
[0.83174276]
[0.8276477]
[0.7934616]
[0.875822]
[0.802361]
[0.8239166]
[0.8388397]
[0.7995811]
[0.837265]
[0.78712755]
[0.8534896]
632.495
epoch:96	 time:31.189820766448975
time elapsed of EmbeddingSimilarity: 21.96955680847168
time elapsed of nll-test: 16.42753314971924
epoch:96	EmbeddingSimilarity:-0.011471784364572668	nll-test:0.8715477	
[0.82212454]
[0.79256207]
[0.8483987]
[0.8148544]
[0.7881567]
[0.76948]
[0.79707086]
[0.80141234]
[0.84285796]
[0.8144112]
[0.810071]
[0.82486725]
[0.74594164]
[0.7884495]
[0.76737857]
[0.8160533]
[0.8291627]
[0.7276491]
[0.79490423]
[0.822986]
[0.834316]
[0.8223722]
[0.8515448]
[0.76825017]
[0.8255335]
[0.7839965]
[0.7952232]
[0.760543]
[0.83680385]
[0.7904332]
[0.79021424]
[0.81308746]
[0.81550777]
[0.8315848]
[0.7731146]
[0.7613034]
[0.77325124]
[0.81273574]
[0.75427157]
[0.8646603]
[0.75877804]
[0.8505246]
[0.7996269]
[0.7992497]
[0.8190534]
563.1103
epoch:97	 time:31.81031584739685
[0.73635006]
[0.7517263]
[0.80791473]
[0.76487327]
[0.813065]
[0.77583027]
[0.7679412]
[0.7646839]
[0.848919]
[0.8101431]
[0.7675372]
[0.82929456]
[0.77747464]
[0.7746768]
[0.75699717]
[0.79529554]
[0.8280076]
[0.8101108]
[0.72333664]
[0.7565552]
[0.74663985]
[0.77663326]
[0.83876103]
[0.74285966]
[0.8276486]
[0.74786764]
[0.70538926]
[0.7874082]
[0.7570342]
[0.81508344]
[0.79545414]
[0.78162706]
[0.88092655]
[0.7775593]
[0.8100803]
[0.84660053]
[0.75387275]
[0.73744464]
[0.818324]
[0.795335]
[0.73851365]
[0.8000057]
[0.8063889]
[0.70397466]
[0.80926114]
498.52676
epoch:98	 time:31.532076597213745
[0.8348793]
[0.7432903]
[0.8141373]
[0.74621475]
[0.7817946]
[0.8263215]
[0.7650011]
[0.79306006]
[0.77970475]
[0.79487425]
[0.7768357]
[0.69564694]
[0.7400557]
[0.75577796]
[0.7569664]
[0.7736707]
[0.7589844]
[0.78360456]
[0.68210375]
[0.7409353]
[0.84367126]
[0.7623344]
[0.7717658]
[0.89853895]
[0.7493419]
[0.74896723]
[0.84056574]
[0.714681]
[0.79648304]
[0.7303758]
[0.85028654]
[0.7772906]
[0.7393922]
[0.7880732]
[0.7727615]
[0.7543089]
[0.74686015]
[0.7097571]
[0.8422634]
[0.716305]
[0.7134665]
[0.78991216]
[0.76860654]
[0.7374289]
[0.82453877]
645.0062
epoch:99	 time:31.861043453216553
[0.81748277]
[0.7488398]
[0.7269009]
[0.75297487]
[0.67063]
[0.8244341]
[0.7871747]
[0.74353814]
[0.6996882]
[0.7651028]
[0.77978003]
[0.83325684]
[0.8313817]
[0.7595154]
[0.7568741]
[0.82525283]
[0.67066056]
[0.8000393]
[0.7789835]
[0.78727674]
[0.7723785]
[0.8007175]
[0.779844]
[0.7531053]
[0.70412916]
[0.80288553]
[0.8196322]
[0.7676877]
[0.7067407]
[0.7324814]
[0.71357715]
[0.7244787]
[0.8311175]
[0.8100575]
[0.7572181]
[0.8622148]
[0.7669062]
[0.7337153]
[0.72721684]
[0.7609899]
[0.72269017]
[0.77462566]
[0.8230437]
[0.7603084]
[0.7939608]
573.0373
epoch:100	 time:31.516374588012695
[0.79129064]
[0.78058577]
[0.814618]
[0.83568674]
[0.74811536]
[0.8067369]
[0.7821817]
[0.70530164]
[0.7442087]
[0.789498]
[0.72712564]
[0.81951874]
[0.7940556]
[0.7687813]
[0.70994127]
[0.807671]
[0.6939941]
[0.7205896]
[0.70684904]
[0.75195295]
[0.7774719]
[0.78792775]
[0.68973124]
[0.76824766]
[0.73520815]
[0.7582594]
[0.7025927]
[0.7208399]
[0.7422982]
[0.7665404]
[0.7528374]
[0.7033069]
[0.7445768]
[0.6567806]
[0.763335]
[0.7546081]
[0.74987036]
[0.7391881]
[0.7218186]
[0.70109326]
[0.73544645]
[0.71548694]
[0.7525286]
[0.86822486]
[0.6685228]
559.72656
epoch:101	 time:31.341376543045044
time elapsed of EmbeddingSimilarity: 22.181022882461548
time elapsed of nll-test: 16.291687488555908
epoch:101	EmbeddingSimilarity:-0.011570492514078773	nll-test:0.89060956	
[0.7903335]
[0.6897928]
[0.7919351]
[0.7875596]
[0.8521385]
[0.74353975]
[0.7257073]
[0.66552377]
[0.7392128]
[0.7766293]
[0.8144504]
[0.71252817]
[0.6593837]
[0.8365132]
[0.76149744]
[0.7458769]
[0.7000427]
[0.79838115]
[0.77170885]
[0.7561463]
[0.7300422]
[0.77780986]
[0.73084676]
[0.73111784]
[0.79840803]
[0.78486997]
[0.6718719]
[0.8198846]
[0.8191755]
[0.71997947]
[0.7375132]
[0.7021517]
[0.78970027]
[0.7952787]
[0.71203965]
[0.7019088]
[0.69620913]
[0.8100636]
[0.81099796]
[0.7149107]
[0.6604916]
[0.74207014]
[0.7638149]
[0.7859504]
[0.6923233]
621.48145
epoch:102	 time:30.34812903404236
[0.8152276]
[0.80078346]
[0.78257054]
[0.84757006]
[0.6971887]
[0.675689]
[0.7341087]
[0.76997554]
[0.8018546]
[0.7826455]
[0.75146544]
[0.7589447]
[0.7117879]
[0.7584131]
[0.6545576]
[0.8214754]
[0.77475053]
[0.7319399]
[0.77992773]
[0.70142674]
[0.74241245]
[0.7159549]
[0.78769183]
[0.72759664]
[0.94352293]
[0.7114947]
[0.7067119]
[0.6983856]
[0.76235497]
[0.72361344]
[0.7335307]
[0.7553648]
[0.73601407]
[0.8058652]
[0.6913995]
[0.74960524]
[0.71973133]
[0.70676446]
[0.75697196]
[0.73163307]
[0.76445234]
[0.75979865]
[0.75752544]
[0.6617006]
[0.7302757]
510.08423
epoch:103	 time:31.457847356796265
[0.7573694]
[0.7057547]
[0.5830034]
[0.6743969]
[0.6902394]
[0.73664117]
[0.75736094]
[0.8339006]
[0.6683307]
[0.6724672]
[0.67533773]
[0.72294265]
[0.763644]
[0.72755355]
[0.7369946]
[0.7549158]
[0.73659277]
[0.7791551]
[0.7351468]
[0.74430144]
[0.7508168]
[0.74762845]
[0.61523396]
[0.6791889]
[0.72649133]
[0.7344171]
[0.72571886]
[0.71336085]
[0.7697759]
[0.7774515]
[0.72461873]
[0.7199946]
[0.8119001]
[0.7254284]
[0.6495266]
[0.7430569]
[0.65431976]
[0.7582023]
[0.7470753]
[0.7657422]
[0.6958419]
[0.6835482]
[0.6699562]
[0.6967947]
[0.71416193]
562.9518
epoch:104	 time:31.016721963882446
[0.8286667]
[0.72355]
[0.7672288]
[0.67301583]
[0.843751]
[0.67374605]
[0.81661606]
[0.828582]
[0.7580737]
[0.7979163]
[0.6312758]
[0.6673576]
[0.7175931]
[0.7036921]
[0.6479669]
[0.73581046]
[0.6676793]
[0.7440789]
[0.6697506]
[0.70871484]
[0.7416568]
[0.67835337]
[0.708319]
[0.68001324]
[0.8343532]
[0.9037559]
[0.690728]
[0.756714]
[0.74922436]
[0.7912519]
[0.73689544]
[0.6561922]
[0.6658519]
[0.7003732]
[0.6979104]
[0.7212898]
[0.6646976]
[0.738866]
[0.7555158]
[0.70757663]
[0.7021064]
[0.7508934]
[0.6517161]
[0.7093442]
[0.65657526]
662.0936
epoch:105	 time:31.386298179626465
[0.8432221]
[0.7060871]
[0.7424934]
[0.7236279]
[0.6755508]
[0.72719765]
[0.74008584]
[0.71533394]
[0.81279385]
[0.6697287]
[0.74524564]
[0.732022]
[0.7253876]
[0.634456]
[0.7466039]
[0.72047055]
[0.68398714]
[0.70681834]
[0.7640123]
[0.6254017]
[0.7400517]
[0.6598505]
[0.7820299]
[0.7139976]
[0.68016833]
[0.7542828]
[0.6729869]
[0.7262187]
[0.6600744]
[0.75627685]
[0.7120506]
[0.71910167]
[0.68941593]
[0.73929733]
[0.7484227]
[0.6273279]
[0.67280173]
[0.73429155]
[0.6819648]
[0.6991815]
[0.6775288]
[0.74838805]
[0.6991916]
[0.73049474]
[0.7078014]
607.17236
epoch:106	 time:30.321293354034424
time elapsed of EmbeddingSimilarity: 23.303085803985596
time elapsed of nll-test: 15.287360668182373
epoch:106	EmbeddingSimilarity:-0.012034446631960462	nll-test:0.8896854	
[0.7393398]
[0.72688997]
[0.74341077]
[0.6887884]
[0.67565525]
[0.7978775]
[0.68561625]
[0.7739899]
[0.78779536]
[0.6476015]
[0.7731891]
[0.73837274]
[0.7158331]
[0.65542704]
[0.7047686]
[0.6549167]
[0.6909286]
[0.7463669]
[0.79172087]
[0.73957294]
[0.7996542]
[0.6355566]
[0.74743295]
[0.72379327]
[0.806221]
[0.6531234]
[0.7066416]
[0.6523355]
[0.6781048]
[0.70919174]
[0.6460242]
[0.74691033]
[0.7146059]
[0.6750592]
[0.7067734]
[0.71913]
[0.7122909]
[0.8357238]
[0.67866707]
[0.64049435]
[0.68660176]
[0.7738784]
[0.7224274]
[0.77241117]
[0.7776717]
545.11804
epoch:107	 time:30.980143308639526
[0.67376333]
[0.7201118]
[0.64426804]
[0.7406856]
[0.634721]
[0.68587285]
[0.72279227]
[0.7046516]
[0.7399686]
[0.7377278]
[0.6365745]
[0.6315612]
[0.6181595]
[0.77444065]
[0.630078]
[0.72101593]
[0.6312229]
[0.66291255]
[0.66229194]
[0.6908111]
[0.72269225]
[0.680591]
[0.7296202]
[0.6783775]
[0.69618505]
[0.6864102]
[0.64269084]
[0.7051468]
[0.6015198]
[0.72678465]
[0.78395426]
[0.7108351]
[0.7424189]
[0.64898723]
[0.65072393]
[0.7315772]
[0.7151542]
[0.7396219]
[0.6035961]
[0.71747583]
[0.74640685]
[0.7046615]
[0.6741804]
[0.6793567]
[0.64644396]
636.2357
epoch:108	 time:31.086929082870483
[0.74532205]
[0.78790426]
[0.7191014]
[0.68812567]
[0.6960749]
[0.7351881]
[0.77947]
[0.7139337]
[0.6853161]
[0.63310534]
[0.76565105]
[0.6954618]
[0.6802534]
[0.6840935]
[0.69108754]
[0.7474088]
[0.68626535]
[0.72884905]
[0.6098914]
[0.7317867]
[0.7147713]
[0.72216177]
[0.7448053]
[0.65513676]
[0.7117156]
[0.6760965]
[0.72922766]
[0.6954767]
[0.65286946]
[0.6266548]
[0.7228832]
[0.6742181]
[0.6548839]
[0.70164007]
[0.65470475]
[0.68093896]
[0.7492089]
[0.6769868]
[0.71130574]
[0.7376376]
[0.7795264]
[0.75070524]
[0.70972574]
[0.7325784]
[0.71793723]
587.27515
epoch:109	 time:30.966196537017822
[0.67078805]
[0.70311356]
[0.72444034]
[0.70833147]
[0.7293977]
[0.70853823]
[0.7081239]
[0.7277503]
[0.7348858]
[0.74601424]
[0.6613819]
[0.64362115]
[0.66729534]
[0.6902394]
[0.7726867]
[0.7933591]
[0.6637969]
[0.7170066]
[0.73344225]
[0.7790025]
[0.65292513]
[0.7003167]
[0.6515961]
[0.6463793]
[0.7599277]
[0.72119355]
[0.73099786]
[0.71148044]
[0.70180225]
[0.65567255]
[0.7689159]
[0.69718254]
[0.6317333]
[0.6692894]
[0.69258267]
[0.7855233]
[0.66557103]
[0.6356163]
[0.5931686]
[0.7199332]
[0.6958951]
[0.72270656]
[0.73229474]
[0.7910985]
[0.6306597]
580.6808
epoch:110	 time:31.256451845169067
[0.7114041]
[0.7494955]
[0.64379585]
[0.67983043]
[0.66800916]
[0.6803858]
[0.6201285]
[0.6790172]
[0.65476793]
[0.6923844]
[0.6875397]
[0.63767964]
[0.7563425]
[0.6562691]
[0.7075758]
[0.6743226]
[0.6175]
[0.712084]
[0.61115575]
[0.667412]
[0.6630783]
[0.8169284]
[0.72636]
[0.6343721]
[0.65002066]
[0.6986511]
[0.6230893]
[0.71467763]
[0.76142323]
[0.6002543]
[0.7409965]
[0.76516837]
[0.64025843]
[0.73994815]
[0.6633283]
[0.6513523]
[0.75036466]
[0.7595646]
[0.7410977]
[0.70258117]
[0.7413315]
[0.7236188]
[0.6480351]
[0.6808707]
[0.7260791]
699.10767
epoch:111	 time:30.727776288986206
time elapsed of EmbeddingSimilarity: 22.663267850875854
time elapsed of nll-test: 15.243908882141113
epoch:111	EmbeddingSimilarity:-0.012759362014857039	nll-test:0.8803982	
[0.6485292]
[0.74890965]
[0.7248275]
[0.6246699]
[0.67048454]
[0.714118]
[0.6962174]
[0.7297484]
[0.78700936]
[0.644496]
[0.70799005]
[0.6352572]
[0.7089262]
[0.7037354]
[0.6407311]
[0.69152224]
[0.76455486]
[0.68530923]
[0.72279775]
[0.6933743]
[0.7458567]
[0.74460804]
[0.64559984]
[0.67339855]
[0.61803347]
[0.76448774]
[0.8068954]
[0.72567344]
[0.7174067]
[0.65894103]
[0.746207]
[0.70892465]
[0.65842724]
[0.648776]
[0.6751714]
[0.6901655]
[0.6935171]
[0.68003577]
[0.7532306]
[0.65412164]
[0.7036055]
[0.69370574]
[0.6601145]
[0.6946351]
[0.71246034]
685.88293
epoch:112	 time:30.64412260055542
[0.6636683]
[0.7161215]
[0.68044275]
[0.6620953]
[0.7417775]
[0.6900241]
[0.66717315]
[0.7488828]
[0.6286446]
[0.7171038]
[0.6985569]
[0.67500466]
[0.7498515]
[0.72994334]
[0.58043164]
[0.70365596]
[0.6596709]
[0.72945917]
[0.63385314]
[0.68663394]
[0.6777843]
[0.613729]
[0.6637254]
[0.76437783]
[0.729902]
[0.69401526]
[0.6654392]
[0.6876643]
[0.6442122]
[0.70558965]
[0.6274551]
[0.6447426]
[0.6295423]
[0.6755383]
[0.67681134]
[0.6923981]
[0.65381896]
[0.76532555]
[0.7042492]
[0.66537064]
[0.73715603]
[0.7513185]
[0.6739338]
[0.65586036]
[0.6930851]
757.09656
epoch:113	 time:30.96303963661194
[0.70471346]
[0.72640336]
[0.69154185]
[0.69117755]
[0.61564916]
[0.7051686]
[0.7626227]
[0.74641603]
[0.7182664]
[0.65418804]
[0.65991616]
[0.70697606]
[0.7369813]
[0.72602206]
[0.7561765]
[0.7359802]
[0.7335918]
[0.7271176]
[0.72606593]
[0.6377682]
[0.75048745]
[0.6374592]
[0.68685365]
[0.6626779]
[0.6493628]
[0.65414727]
[0.6239552]
[0.7084828]
[0.7510253]
[0.67487526]
[0.7410766]
[0.64598525]
[0.6783238]
[0.66122293]
[0.7764325]
[0.6737429]
[0.6939618]
[0.67819524]
[0.72633314]
[0.7085125]
[0.75387526]
[0.69479954]
[0.6160879]
[0.69071037]
[0.7301161]
738.34265
epoch:114	 time:31.32362127304077
[0.76942897]
[0.71920645]
[0.6823577]
[0.71544206]
[0.6530614]
[0.70201296]
[0.63349104]
[0.6263596]
[0.63188815]
[0.7560063]
[0.6987372]
[0.74381405]
[0.66726714]
[0.7277379]
[0.73342025]
[0.73302656]
[0.6364497]
[0.6974971]
[0.7102246]
[0.73933005]
[0.73216355]
[0.74941516]
[0.7099711]
[0.6323668]
[0.76091236]
[0.76446104]
[0.6599288]
[0.7299607]
[0.6435543]
[0.61440617]
[0.67585623]
[0.67729616]
[0.6227196]
[0.7204349]
[0.6311687]
[0.7115138]
[0.72734845]
[0.6561707]
[0.7022517]
[0.7485478]
[0.652392]
[0.6794456]
[0.7698492]
[0.7002957]
[0.6233982]
672.5939
epoch:115	 time:30.732534646987915
[0.6343136]
[0.61771387]
[0.6245896]
[0.72133]
[0.6880281]
[0.66323805]
[0.84393257]
[0.7155297]
[0.68871105]
[0.6522889]
[0.6589241]
[0.67792654]
[0.7621814]
[0.6793419]
[0.6449251]
[0.6285833]
[0.7051421]
[0.75498897]
[0.68920696]
[0.6711698]
[0.7003017]
[0.71737105]
[0.6340083]
[0.68617]
[0.67005795]
[0.76342344]
[0.7528001]
[0.7267354]
[0.6596323]
[0.6599786]
[0.70649445]
[0.63765776]
[0.67635953]
[0.67232156]
[0.76129746]
[0.65559]
[0.6401461]
[0.73897976]
[0.6989633]
[0.7479398]
[0.67620945]
[0.73097223]
[0.6588095]
[0.7236253]
[0.70266986]
633.4336
epoch:116	 time:30.6159987449646
time elapsed of EmbeddingSimilarity: 23.49012279510498
time elapsed of nll-test: 15.368468523025513
epoch:116	EmbeddingSimilarity:-0.013696388049259777	nll-test:0.88168746	
[0.7450084]
[0.7327211]
[0.7586413]
[0.7104433]
[0.7166338]
[0.89029586]
[0.7575994]
[0.6824779]
[0.7348128]
[0.6732758]
[0.79330087]
[0.7414608]
[0.6699279]
[0.6686979]
[0.72816473]
[0.6995483]
[0.6365435]
[0.75281245]
[0.6772647]
[0.80957973]
[0.69027346]
[0.6670249]
[0.61329377]
[0.70944625]
[0.6985405]
[0.7326479]
[0.65866506]
[0.61788726]
[0.6848352]
[0.64538896]
[0.7487437]
[0.7328774]
[0.6648773]
[0.6672927]
[0.7194711]
[0.7355743]
[0.71828276]
[0.77077526]
[0.7270545]
[0.6057978]
[0.64728934]
[0.6047151]
[0.69438463]
[0.58990514]
[0.7308933]
637.45105
epoch:117	 time:31.1074697971344
[0.70290965]
[0.69006026]
[0.72887784]
[0.65999687]
[0.74693584]
[0.75142217]
[0.66218805]
[0.733715]
[0.7310283]
[0.7024826]
[0.70944846]
[0.7415223]
[0.7116539]
[0.614046]
[0.5901524]
[0.6142802]
[0.6574591]
[0.6811056]
[0.62167835]
[0.70737153]
[0.64041716]
[0.7113936]
[0.67860085]
[0.5906082]
[0.75418925]
[0.7571989]
[0.71058905]
[0.68975145]
[0.71792]
[0.64297724]
[0.6811578]
[0.6252279]
[0.66410524]
[0.6602912]
[0.74309015]
[0.7087738]
[0.7138469]
[0.7053171]
[0.699655]
[0.6966264]
[0.7123715]
[0.6400421]
[0.7078823]
[0.64643264]
[0.77009314]
772.8728
epoch:118	 time:30.90464997291565
[0.7476135]
[0.69104993]
[0.739766]
[0.73509914]
[0.7381315]
[0.7736972]
[0.64696664]
[0.67660946]
[0.7394943]
[0.6917183]
[0.6277985]
[0.7435493]
[0.7043076]
[0.74876726]
[0.6499943]
[0.64153355]
[0.6643846]
[0.7230856]
[0.64010364]
[0.72367525]
[0.7345972]
[0.71837026]
[0.6702584]
[0.67564344]
[0.66996586]
[0.59842384]
[0.6705566]
[0.66510874]
[0.64695567]
[0.6805235]
[0.7390819]
[0.77018976]
[0.69796705]
[0.73712593]
[0.6039808]
[0.6814112]
[0.6880795]
[0.61003315]
[0.7788092]
[0.6948934]
[0.6738519]
[0.6115451]
[0.6250689]
[0.6086485]
[0.6567506]
661.6652
epoch:119	 time:30.654419422149658
[0.6799128]
[0.67962116]
[0.66918844]
[0.63289416]
[0.63925976]
[0.66126305]
[0.63779026]
[0.71649486]
[0.6407417]
[0.6451037]
[0.7560402]
[0.63589585]
[0.7695173]
[0.69779235]
[0.698259]
[0.7306075]
[0.7129648]
[0.7534439]
[0.6488696]
[0.6839209]
[0.7569603]
[0.74036115]
[0.7622768]
[0.6951297]
[0.64063066]
[0.6785523]
[0.678678]
[0.677986]
[0.71731186]
[0.6447556]
[0.76090664]
[0.6400925]
[0.63754743]
[0.73662424]
[0.70987517]
[0.7317704]
[0.74363595]
[0.67359596]
[0.62475145]
[0.66240925]
[0.754898]
[0.7487533]
[0.75549257]
[0.7284985]
[0.6656106]
697.22375
epoch:120	 time:31.521089792251587
[0.65125614]
[0.68347526]
[0.7470344]
[0.73044837]
[0.64674324]
[0.7550219]
[0.61215836]
[0.7324137]
[0.64248556]
[0.6867884]
[0.6121181]
[0.67088836]
[0.5842261]
[0.67168784]
[0.7167933]
[0.7220874]
[0.6483387]
[0.60737133]
[0.69273514]
[0.70148987]
[0.6213672]
[0.6421456]
[0.65972155]
[0.6663919]
[0.61247724]
[0.72799474]
[0.6290608]
[0.74203956]
[0.72623277]
[0.65137786]
[0.70673263]
[0.65031064]
[0.710841]
[0.6234685]
[0.6633377]
[0.761058]
[0.68321157]
[0.6338305]
[0.68103594]
[0.65862]
[0.597861]
[0.7608491]
[0.71460474]
[0.58599305]
[0.62938005]
674.3181
epoch:121	 time:31.59434223175049
time elapsed of EmbeddingSimilarity: 23.024115085601807
time elapsed of nll-test: 14.973758220672607
epoch:121	EmbeddingSimilarity:-0.014286539006016069	nll-test:0.8974698	
[0.641977]
[0.6379485]
[0.6351718]
[0.73939985]
[0.65939885]
[0.72225386]
[0.6772265]
[0.70818186]
[0.6542663]
[0.6814681]
[0.65973115]
[0.68543327]
[0.7048243]
[0.64112633]
[0.64624894]
[0.72612387]
[0.6552838]
[0.68473196]
[0.7215373]
[0.67923766]
[0.59421146]
[0.6671663]
[0.7175698]
[0.6715548]
[0.7216643]
[0.6527187]
[0.73082453]
[0.62856513]
[0.70727444]
[0.63901675]
[0.6930558]
[0.67601097]
[0.61971736]
[0.6943795]
[0.67626584]
[0.69001603]
[0.66559595]
[0.67899877]
[0.6691355]
[0.6021808]
[0.7072553]
[0.6750638]
[0.6192422]
[0.6183728]
[0.63537794]
883.8621
epoch:122	 time:30.736452341079712
[0.65992945]
[0.69358486]
[0.6797885]
[0.6771502]
[0.6550716]
[0.7955038]
[0.68393874]
[0.6221506]
[0.67681146]
[0.66221964]
[0.6642434]
[0.64125854]
[0.759623]
[0.6648869]
[0.5628983]
[0.61875576]
[0.6499987]
[0.6782638]
[0.6307638]
[0.6163096]
[0.61703944]
[0.7545503]
[0.78233624]
[0.7077969]
[0.6393172]
[0.6539084]
[0.6355867]
[0.6390435]
[0.6517304]
[0.6150379]
[0.6725169]
[0.76222354]
[0.6546178]
[0.6458044]
[0.65090626]
[0.62233895]
[0.5908446]
[0.71091]
[0.699051]
[0.5495921]
[0.65614945]
[0.69027215]
[0.6203446]
[0.67858064]
[0.6890953]
651.7162
epoch:123	 time:31.10478162765503
[0.6480551]
[0.6783884]
[0.6952553]
[0.7309026]
[0.731642]
[0.62530535]
[0.6252299]
[0.7250431]
[0.6520708]
[0.6407896]
[0.62466174]
[0.6490167]
[0.58422756]
[0.6444043]
[0.6560045]
[0.6508004]
[0.6626887]
[0.7054013]
[0.647455]
[0.69689095]
[0.6733507]
[0.7078126]
[0.6544132]
[0.60799474]
[0.7099017]
[0.7280081]
[0.6436733]
[0.6379575]
[0.72016186]
[0.6144413]
[0.58818644]
[0.59689134]
[0.6384597]
[0.6204531]
[0.684263]
[0.6611514]
[0.67151093]
[0.6256808]
[0.6991798]
[0.6119017]
[0.73257]
[0.6654075]
[0.71791947]
[0.6706154]
[0.71688753]
626.5882
epoch:124	 time:30.995924472808838
[0.65477085]
[0.7155051]
[0.6713528]
[0.67978925]
[0.5754358]
[0.6183654]
[0.6747151]
[0.5332687]
[0.61476976]
[0.66345966]
[0.6886359]
[0.62802035]
[0.6284979]
[0.68538165]
[0.68072045]
[0.68682927]
[0.6416398]
[0.64455503]
[0.6268241]
[0.56648135]
[0.71798396]
[0.66169745]
[0.65385544]
[0.6165357]
[0.72858167]
[0.69279385]
[0.6482961]
[0.5903732]
[0.69899845]
[0.6057105]
[0.7240226]
[0.5436144]
[0.63982767]
[0.6481511]
[0.61738384]
[0.6113633]
[0.65261126]
[0.7278061]
[0.66859]
[0.6384579]
[0.6677862]
[0.61863756]
[0.65261453]
[0.5795127]
[0.65575916]
736.98694
epoch:125	 time:31.05372929573059
[0.75132614]
[0.5897024]
[0.63260484]
[0.67083293]
[0.6689811]
[0.6134515]
[0.64957213]
[0.68915266]
[0.7936202]
[0.63840514]
[0.6596079]
[0.69552594]
[0.63884526]
[0.61169004]
[0.61693335]
[0.6506809]
[0.584745]
[0.588102]
[0.6408199]
[0.6392897]
[0.6593054]
[0.64129233]
[0.6038003]
[0.63460475]
[0.6700505]
[0.5969672]
[0.6509461]
[0.6019859]
[0.53563225]
[0.6725596]
[0.646119]
[0.6339195]
[0.54360735]
[0.61224306]
[0.7094555]
[0.6014495]
[0.530265]
[0.65699065]
[0.71412885]
[0.6132064]
[0.5810186]
[0.62157714]
[0.6734826]
[0.6514868]
[0.6004088]
680.6881
epoch:126	 time:30.701939582824707
time elapsed of EmbeddingSimilarity: 24.07634449005127
time elapsed of nll-test: 15.212667226791382
epoch:126	EmbeddingSimilarity:-0.014856134301676026	nll-test:0.92265964	
[0.6850136]
[0.65334177]
[0.6413095]
[0.6105409]
[0.641938]
[0.6406413]
[0.66725934]
[0.5797622]
[0.5957952]
[0.59070826]
[0.70684856]
[0.5997831]
[0.6812869]
[0.5634821]
[0.6059194]
[0.59805095]
[0.6688766]
[0.6373017]
[0.68488294]
[0.6217382]
[0.6680738]
[0.6489341]
[0.66551405]
[0.61545116]
[0.59587455]
[0.61257213]
[0.70761275]
[0.6038428]
[0.65283537]
[0.66095006]
[0.6910286]
[0.5696125]
[0.61788774]
[0.6739598]
[0.56181824]
[0.63648814]
[0.6223759]
[0.6225107]
[0.6826247]
[0.5919183]
[0.66789335]
[0.77277386]
[0.6825443]
[0.6666359]
[0.6264033]
659.083
epoch:127	 time:31.371777296066284
[0.6294524]
[0.6762108]
[0.6015697]
[0.6034619]
[0.5727658]
[0.7503412]
[0.6713487]
[0.64509386]
[0.67105585]
[0.61253494]
[0.6392032]
[0.634797]
[0.6272468]
[0.60668886]
[0.60776824]
[0.7178257]
[0.6386908]
[0.63916856]
[0.6217614]
[0.660121]
[0.6779516]
[0.6533383]
[0.6439343]
[0.7170883]
[0.5942182]
[0.6555401]
[0.6300301]
[0.58234]
[0.6837504]
[0.6215571]
[0.5828898]
[0.5862886]
[0.5511572]
[0.61557305]
[0.62386614]
[0.54992324]
[0.6631166]
[0.6433999]
[0.6901491]
[0.6162174]
[0.6317642]
[0.6752776]
[0.64551747]
[0.6007531]
[0.63080657]
747.59534
epoch:128	 time:30.91818904876709
[0.59009826]
[0.57971483]
[0.68087775]
[0.6269026]
[0.6486556]
[0.640756]
[0.5961672]
[0.6374503]
[0.60976005]
[0.68276703]
[0.59704417]
[0.6370594]
[0.69934356]
[0.6311964]
[0.55441576]
[0.65129817]
[0.5971994]
[0.67393774]
[0.6935788]
[0.66298944]
[0.6000038]
[0.6197828]
[0.6542897]
[0.58312035]
[0.5827429]
[0.6693625]
[0.5853947]
[0.49716115]
[0.6125597]
[0.5948601]
[0.7321669]
[0.5943847]
[0.5992065]
[0.70358884]
[0.622648]
[0.54056686]
[0.5987806]
[0.73211044]
[0.6736251]
[0.677638]
[0.59750026]
[0.58451945]
[0.56991166]
[0.5632244]
[0.6001701]
647.5218
epoch:129	 time:30.942158699035645
[0.6417278]
[0.72469044]
[0.6246829]
[0.6238693]
[0.6630243]
[0.6236266]
[0.6003375]
[0.5946146]
[0.6305581]
[0.6638384]
[0.612135]
[0.710386]
[0.62969494]
[0.65844905]
[0.6718403]
[0.6669135]
[0.617528]
[0.57827824]
[0.6532949]
[0.5911361]
[0.6525857]
[0.5941453]
[0.652433]
[0.5865981]
[0.5841072]
[0.54775715]
[0.60440755]
[0.69736695]
[0.63305485]
[0.5974801]
[0.6376859]
[0.5981875]
[0.58187985]
[0.600085]
[0.7180088]
[0.59545356]
[0.69361186]
[0.5406843]
[0.63035196]
[0.7113658]
[0.6360879]
[0.57129866]
[0.60900664]
[0.64153606]
[0.64021355]
622.9241
epoch:130	 time:30.817214727401733
[0.61476415]
[0.5532751]
[0.60244316]
[0.5361913]
[0.66302204]
[0.5687318]
[0.5377717]
[0.58060455]
[0.60865426]
[0.5976343]
[0.62386036]
[0.64290154]
[0.6817018]
[0.53657216]
[0.7115951]
[0.5998754]
[0.5821182]
[0.5994988]
[0.61978334]
[0.6273491]
[0.5973344]
[0.65616065]
[0.60488117]
[0.62858474]
[0.6776328]
[0.6204244]
[0.64821833]
[0.5506561]
[0.5895698]
[0.60405177]
[0.5593915]
[0.64328504]
[0.67867386]
[0.6040572]
[0.65289503]
[0.6400327]
[0.58809286]
[0.63516825]
[0.6502175]
[0.6420617]
[0.6519649]
[0.5471388]
[0.6167214]
[0.57802004]
[0.5594082]
736.7936
epoch:131	 time:31.208983421325684
time elapsed of EmbeddingSimilarity: 23.421910285949707
time elapsed of nll-test: 15.207131147384644
epoch:131	EmbeddingSimilarity:-0.01514235976802035	nll-test:0.947137	
[0.66068023]
[0.53078085]
[0.5830606]
[0.6764445]
[0.6472659]
[0.6174697]
[0.66111755]
[0.5948555]
[0.5581381]
[0.57378936]
[0.6034291]
[0.6335536]
[0.55916077]
[0.5849329]
[0.64621174]
[0.6775761]
[0.56120896]
[0.71143436]
[0.60397375]
[0.58212095]
[0.5988236]
[0.56097364]
[0.56254566]
[0.6024986]
[0.6052212]
[0.60799545]
[0.6784641]
[0.6390187]
[0.5965141]
[0.5352765]
[0.5822485]
[0.5835258]
[0.5827822]
[0.6514007]
[0.6633611]
[0.59873104]
[0.68812823]
[0.50932926]
[0.6223427]
[0.6029234]
[0.5756314]
[0.66821975]
[0.6136946]
[0.6423268]
[0.6548421]
715.1814
epoch:132	 time:30.37338662147522
[0.5596948]
[0.6093582]
[0.4949356]
[0.53991747]
[0.59157676]
[0.5421074]
[0.5453057]
[0.64879]
[0.53176844]
[0.64085096]
[0.575202]
[0.6008211]
[0.61645406]
[0.6112145]
[0.5676957]
[0.63738465]
[0.5959127]
[0.6652201]
[0.6137445]
[0.5308329]
[0.6636937]
[0.58452964]
[0.6647219]
[0.6219381]
[0.6516054]
[0.5546588]
[0.5362644]
[0.6473855]
[0.5797792]
[0.54648674]
[0.5931066]
[0.5097736]
[0.52151954]
[0.5664066]
[0.5594034]
[0.65390766]
[0.652887]
[0.6022097]
[0.5332093]
[0.5573189]
[0.5957469]
[0.5950137]
[0.60625595]
[0.6056937]
[0.6766033]
611.55237
epoch:133	 time:30.855170726776123
[0.6072049]
[0.57043576]
[0.5928047]
[0.587127]
[0.60871863]
[0.6209311]
[0.64154273]
[0.6262257]
[0.5742058]
[0.6204939]
[0.6099898]
[0.6081257]
[0.53879154]
[0.56901693]
[0.7337618]
[0.64684904]
[0.6046065]
[0.5850364]
[0.5375625]
[0.53235525]
[0.6694784]
[0.5903314]
[0.55451083]
[0.66997373]
[0.6671069]
[0.612099]
[0.60004675]
[0.6108302]
[0.61818564]
[0.5472782]
[0.6190969]
[0.5256471]
[0.59977627]
[0.5810052]
[0.53096616]
[0.67838037]
[0.5604487]
[0.54036295]
[0.5301518]
[0.672514]
[0.59622824]
[0.65153646]
[0.54324746]
[0.54505193]
[0.59042835]
731.1272
epoch:134	 time:30.74833369255066
[0.55795324]
[0.67540103]
[0.6090355]
[0.599992]
[0.6163985]
[0.55476475]
[0.57963324]
[0.5676629]
[0.57612866]
[0.57326347]
[0.54405487]
[0.60274464]
[0.5352138]
[0.65718234]
[0.60680515]
[0.6046147]
[0.57357454]
[0.5803297]
[0.57035875]
[0.5975201]
[0.63335323]
[0.60157746]
[0.6648297]
[0.5500208]
[0.5866512]
[0.57907873]
[0.6117574]
[0.56851435]
[0.62023544]
[0.5856299]
[0.6039842]
[0.5955549]
[0.48599637]
[0.5677341]
[0.57162213]
[0.48910648]
[0.6042621]
[0.53262717]
[0.5102251]
[0.5914629]
[0.6301557]
[0.5795704]
[0.5242877]
[0.5566976]
[0.5427563]
675.8787
epoch:135	 time:30.855963945388794
[0.57157546]
[0.63083243]
[0.55120724]
[0.5535066]
[0.5773837]
[0.55852336]
[0.71540755]
[0.53665066]
[0.57437366]
[0.56755114]
[0.6255647]
[0.6712935]
[0.5923103]
[0.56888336]
[0.6544932]
[0.6492907]
[0.5580781]
[0.601655]
[0.55545175]
[0.6107767]
[0.61932987]
[0.53417987]
[0.6007373]
[0.588043]
[0.58850276]
[0.5568779]
[0.5974636]
[0.59968156]
[0.59962064]
[0.52205986]
[0.6211399]
[0.52970505]
[0.5618945]
[0.5658447]
[0.56909275]
[0.5702616]
[0.4835068]
[0.61361325]
[0.64745134]
[0.57395816]
[0.5611148]
[0.5721956]
[0.61092126]
[0.59420705]
[0.6034935]
558.0928
epoch:136	 time:30.797558784484863
time elapsed of EmbeddingSimilarity: 23.471367597579956
time elapsed of nll-test: 15.042823314666748
epoch:136	EmbeddingSimilarity:-0.015243293333923647	nll-test:0.9635436	
[0.64696366]
[0.6217759]
[0.76117885]
[0.5075739]
[0.6216475]
[0.5924952]
[0.51452464]
[0.6545013]
[0.54153764]
[0.5977075]
[0.5927402]
[0.5578742]
[0.58251184]
[0.63223284]
[0.58948684]
[0.5478526]
[0.574579]
[0.62087226]
[0.5626514]
[0.5736099]
[0.49718702]
[0.49420175]
[0.5118006]
[0.6007803]
[0.53670245]
[0.64780474]
[0.56963944]
[0.66522115]
[0.5630514]
[0.55861163]
[0.63504124]
[0.57621986]
[0.561566]
[0.48741066]
[0.44603357]
[0.54833007]
[0.559316]
[0.6453665]
[0.5739669]
[0.7011517]
[0.5689876]
[0.69104064]
[0.57858753]
[0.5996637]
[0.58492976]
659.6532
epoch:137	 time:30.757253646850586
[0.5660704]
[0.6482208]
[0.57950604]
[0.58402336]
[0.6143727]
[0.48003325]
[0.6250255]
[0.54937017]
[0.5339993]
[0.53899145]
[0.48400176]
[0.6583867]
[0.5936449]
[0.6281172]
[0.6403638]
[0.6040589]
[0.48472744]
[0.58203644]
[0.5580019]
[0.5805431]
[0.51777136]
[0.547552]
[0.68768966]
[0.59479815]
[0.53056306]
[0.5629056]
[0.64919376]
[0.6308596]
[0.5368604]
[0.53286415]
[0.59250665]
[0.5383109]
[0.5647737]
[0.57977337]
[0.6371814]
[0.5516312]
[0.65961194]
[0.5924908]
[0.5285358]
[0.58877915]
[0.5857138]
[0.47415662]
[0.5730007]
[0.67795485]
[0.5529259]
519.19617
epoch:138	 time:30.903991222381592
[0.53115934]
[0.54016215]
[0.5706358]
[0.5868517]
[0.52103406]
[0.52286863]
[0.6782075]
[0.62065154]
[0.5220909]
[0.6250103]
[0.48550197]
[0.53116685]
[0.5900066]
[0.52261525]
[0.5680536]
[0.5193326]
[0.5677116]
[0.64598256]
[0.61024606]
[0.52889353]
[0.5814521]
[0.50636655]
[0.5343661]
[0.5585153]
[0.560452]
[0.61060077]
[0.51072156]
[0.48104244]
[0.596971]
[0.5646668]
[0.6377187]
[0.5497214]
[0.5674879]
[0.62264895]
[0.520731]
[0.55138284]
[0.54447097]
[0.52891946]
[0.5279157]
[0.54150844]
[0.6214529]
[0.48729992]
[0.5429266]
[0.58252513]
[0.54052466]
544.36786
epoch:139	 time:30.447393655776978
[0.60223496]
[0.58991]
[0.6274227]
[0.5688603]
[0.574853]
[0.61999404]
[0.67939025]
[0.5829431]
[0.58148694]
[0.5898936]
[0.5175586]
[0.5566926]
[0.5484416]
[0.68073547]
[0.5911824]
[0.4767997]
[0.5094566]
[0.5653144]
[0.5766628]
[0.57444537]
[0.5774182]
[0.54536283]
[0.6678654]
[0.58149004]
[0.6303622]
[0.5455139]
[0.63298637]
[0.5845179]
[0.55901766]
[0.50958645]
[0.61682206]
[0.46410534]
[0.59063065]
[0.52064615]
[0.50295854]
[0.56408]
[0.5214277]
[0.6344372]
[0.548024]
[0.51464427]
[0.5803297]
[0.51801705]
[0.5531999]
[0.52882063]
[0.5921509]
631.66986
epoch:140	 time:29.99830961227417
[0.54283]
[0.60754055]
[0.5090013]
[0.6319483]
[0.5593718]
[0.6185846]
[0.5280299]
[0.5745397]
[0.556902]
[0.70181173]
[0.6501606]
[0.57682353]
[0.52026284]
[0.556015]
[0.5590562]
[0.5912841]
[0.559474]
[0.5190503]
[0.5885936]
[0.6652421]
[0.5394596]
[0.56767046]
[0.5736283]
[0.53946435]
[0.5791151]
[0.65706563]
[0.53255427]
[0.6038662]
[0.63287765]
[0.63460827]
[0.4945855]
[0.5770928]
[0.52353257]
[0.5630081]
[0.52463937]
[0.5871055]
[0.48909798]
[0.5602778]
[0.4950398]
[0.5489526]
[0.5628884]
[0.5692925]
[0.575498]
[0.5673354]
[0.558606]
498.3579
epoch:141	 time:31.1328547000885
time elapsed of EmbeddingSimilarity: 22.859970569610596
time elapsed of nll-test: 15.35720181465149
epoch:141	EmbeddingSimilarity:-0.01486192126453049	nll-test:0.97735476	
[0.54809266]
[0.5426657]
[0.6433803]
[0.5160863]
[0.4808632]
[0.7020653]
[0.6265996]
[0.56806403]
[0.4992489]
[0.55787843]
[0.4890098]
[0.6188895]
[0.5714094]
[0.5167397]
[0.5015115]
[0.53764606]
[0.55571544]
[0.5869603]
[0.5782795]
[0.50765455]
[0.55948]
[0.5350871]
[0.5118326]
[0.5645842]
[0.6037821]
[0.5596476]
[0.63366485]
[0.52523804]
[0.56797105]
[0.6197818]
[0.49231842]
[0.52243125]
[0.5375824]
[0.50715464]
[0.53902274]
[0.50132674]
[0.5777489]
[0.661673]
[0.5807833]
[0.5020894]
[0.51911116]
[0.61985886]
[0.6516305]
[0.55761063]
[0.49266967]
483.0746
epoch:142	 time:31.09754514694214
[0.5660275]
[0.54808396]
[0.57183367]
[0.56887144]
[0.598693]
[0.51686823]
[0.6243198]
[0.5294796]
[0.5218154]
[0.5237763]
[0.49161923]
[0.5781212]
[0.51046693]
[0.48020777]
[0.6041755]
[0.5984325]
[0.5245639]
[0.5835066]
[0.5326726]
[0.65965134]
[0.51351416]
[0.48413673]
[0.5189788]
[0.44951427]
[0.58212644]
[0.59434175]
[0.5179469]
[0.6838005]
[0.46874955]
[0.46186703]
[0.58611476]
[0.5534788]
[0.5286066]
[0.5285396]
[0.5673543]
[0.43049476]
[0.62013566]
[0.67168283]
[0.51424253]
[0.5203951]
[0.6056233]
[0.56306255]
[0.6220312]
[0.5669911]
[0.69346434]
630.1061
epoch:143	 time:30.86967897415161
[0.52725303]
[0.54468507]
[0.5190745]
[0.65331227]
[0.5235098]
[0.59911746]
[0.5182433]
[0.5154445]
[0.5317886]
[0.5588224]
[0.6585756]
[0.54688364]
[0.6371317]
[0.61274207]
[0.5071509]
[0.5653814]
[0.51376104]
[0.4976817]
[0.539701]
[0.5720298]
[0.6230651]
[0.56905687]
[0.5626129]
[0.549129]
[0.563405]
[0.53784615]
[0.53434336]
[0.5660641]
[0.5936191]
[0.55110174]
[0.5539005]
[0.5287581]
[0.52464134]
[0.52694446]
[0.5547382]
[0.49281457]
[0.593062]
[0.58574235]
[0.5471229]
[0.47151774]
[0.6309403]
[0.503081]
[0.58494675]
[0.5789748]
[0.5667763]
647.66327
epoch:144	 time:30.692649364471436
[0.5997166]
[0.55352104]
[0.5774397]
[0.5061957]
[0.5440606]
[0.5718033]
[0.53241765]
[0.580891]
[0.5187285]
[0.5425348]
[0.55354154]
[0.522683]
[0.47143084]
[0.6149099]
[0.612431]
[0.51774645]
[0.65453875]
[0.47703648]
[0.54628336]
[0.5449925]
[0.59286165]
[0.5913987]
[0.5876107]
[0.5331258]
[0.44371557]
[0.5095192]
[0.5502746]
[0.47253472]
[0.50866854]
[0.50297254]
[0.53659093]
[0.5426772]
[0.5856518]
[0.53881264]
[0.68262327]
[0.4783245]
[0.5328951]
[0.59477836]
[0.53931016]
[0.58258605]
[0.50207126]
[0.51378924]
[0.56088823]
[0.4821795]
[0.5675428]
529.2508
epoch:145	 time:31.580753564834595
[0.5880075]
[0.5730797]
[0.5064146]
[0.6241634]
[0.51779276]
[0.6272093]
[0.5334999]
[0.5826365]
[0.520985]
[0.4852427]
[0.48097053]
[0.54388916]
[0.47664592]
[0.6419998]
[0.56941074]
[0.48187533]
[0.44611934]
[0.5772277]
[0.5972482]
[0.5421589]
[0.5906352]
[0.5714131]
[0.58143055]
[0.51572776]
[0.41946286]
[0.55146027]
[0.41703027]
[0.5201846]
[0.4842902]
[0.5659824]
[0.5188439]
[0.45960265]
[0.43793815]
[0.47714835]
[0.55458385]
[0.60006845]
[0.52883214]
[0.49263695]
[0.49828082]
[0.5737897]
[0.66210735]
[0.5161814]
[0.49984822]
[0.5283097]
[0.505931]
578.3451
epoch:146	 time:30.67659568786621
time elapsed of EmbeddingSimilarity: 23.2405424118042
time elapsed of nll-test: 15.266350984573364
epoch:146	EmbeddingSimilarity:-0.015033452967860234	nll-test:0.9916043	
[0.5494367]
[0.63699603]
[0.5789584]
[0.5225761]
[0.4841423]
[0.5071286]
[0.6208505]
[0.523031]
[0.5655297]
[0.4794125]
[0.55254525]
[0.5617317]
[0.56341493]
[0.6044147]
[0.54329467]
[0.5487351]
[0.46815494]
[0.52117497]
[0.48044634]
[0.48046008]
[0.5559479]
[0.51740205]
[0.55317867]
[0.5149494]
[0.5716315]
[0.57680714]
[0.5908309]
[0.53627545]
[0.5880795]
[0.41708645]
[0.66484636]
[0.6363323]
[0.58260584]
[0.55243367]
[0.5042645]
[0.5303437]
[0.51582146]
[0.381073]
[0.52852786]
[0.56332904]
[0.6345919]
[0.6176852]
[0.51641256]
[0.51787776]
[0.55015254]
633.5509
epoch:147	 time:29.787523984909058
[0.59671015]
[0.5374891]
[0.5665571]
[0.4999665]
[0.56966734]
[0.5741169]
[0.52349424]
[0.53569406]
[0.4736817]
[0.52439904]
[0.5578662]
[0.54578906]
[0.51040685]
[0.5943885]
[0.49848896]
[0.45614624]
[0.42804125]
[0.56175774]
[0.66244036]
[0.50172335]
[0.54881]
[0.5325866]
[0.48763707]
[0.5944736]
[0.5841414]
[0.49777958]
[0.52680445]
[0.51290566]
[0.541775]
[0.5103419]
[0.49093264]
[0.39920568]
[0.4764136]
[0.5191758]
[0.43279594]
[0.5213221]
[0.59986615]
[0.49305788]
[0.52184385]
[0.58747315]
[0.5062367]
[0.5446609]
[0.46646875]
[0.6281526]
[0.48083937]
507.15106
epoch:148	 time:30.82047462463379
[0.5378887]
[0.6121705]
[0.42730707]
[0.56182444]
[0.52931833]
[0.47033337]
[0.5547973]
[0.5019119]
[0.4781674]
[0.55804765]
[0.51540124]
[0.6836177]
[0.56057364]
[0.49947277]
[0.50456345]
[0.49468023]
[0.62353903]
[0.4807868]
[0.480737]
[0.5354787]
[0.47575125]
[0.5642388]
[0.57958674]
[0.51718956]
[0.50655055]
[0.51999384]
[0.46544677]
[0.6807949]
[0.38448358]
[0.5952983]
[0.49474257]
[0.458343]
[0.58900285]
[0.50849396]
[0.45647153]
[0.4859254]
[0.59369594]
[0.4626526]
[0.5546242]
[0.55138]
[0.6239862]
[0.58670175]
[0.55982774]
[0.4750686]
[0.51852304]
633.115
epoch:149	 time:30.57985019683838
[0.5250878]
[0.66239583]
[0.5860748]
[0.5303137]
[0.6146154]
[0.61389637]
[0.45216414]
[0.4509297]
[0.54075086]
[0.48265246]
[0.45887583]
[0.5389935]
[0.5219042]
[0.4848769]
[0.4897769]
[0.50574255]
[0.58945704]
[0.55549884]
[0.48184398]
[0.6440167]
[0.50438106]
[0.4891151]
[0.53149086]
[0.60232836]
[0.5127218]
[0.56795925]
[0.5259924]
[0.5572404]
[0.49104685]
[0.5067672]
[0.5533606]
[0.5284666]
[0.56330985]
[0.45606604]
[0.5150546]
[0.49793944]
[0.5743429]
[0.5466894]
[0.5960803]
[0.44491455]
[0.50198585]
[0.49997547]
[0.49724036]
[0.48549643]
[0.5579317]
568.9748
epoch:150	 time:30.336165189743042
[0.48200902]
[0.6080349]
[0.57395977]
[0.60734993]
[0.51925176]
[0.5428262]
[0.48259023]
[0.447349]
[0.57893574]
[0.44954664]
[0.53619975]
[0.5562372]
[0.43322024]
[0.5131955]
[0.5360313]
[0.53319615]
[0.44810918]
[0.4920441]
[0.5527515]
[0.5171602]
[0.44845116]
[0.47298935]
[0.5278452]
[0.50565785]
[0.579976]
[0.51307786]
[0.49091655]
[0.54766005]
[0.48440087]
[0.5037186]
[0.55823916]
[0.6397023]
[0.55690235]
[0.44332504]
[0.5494913]
[0.58775395]
[0.5991387]
[0.5028602]
[0.59532213]
[0.5117762]
[0.6166636]
[0.51588845]
[0.47167474]
[0.529055]
[0.48780856]
559.6909
epoch:151	 time:31.085659980773926
time elapsed of EmbeddingSimilarity: 23.174304246902466
time elapsed of nll-test: 14.971940755844116
epoch:151	EmbeddingSimilarity:-0.014117712788161265	nll-test:1.0056027	
[0.42450634]
[0.4844245]
[0.53109723]
[0.48779044]
[0.5676894]
[0.47731197]
[0.4619784]
[0.5907155]
[0.43652585]
[0.5657119]
[0.5257566]
[0.5542468]
[0.56442904]
[0.56963164]
[0.55645967]
[0.50564224]
[0.44320378]
[0.46323735]
[0.5429491]
[0.5670282]
[0.47251904]
[0.5273569]
[0.507866]
[0.54398495]
[0.48930594]
[0.44753692]
[0.4725251]
[0.55148274]
[0.5737597]
[0.43350664]
[0.56107354]
[0.5477086]
[0.49283504]
[0.4707276]
[0.45959252]
[0.54373574]
[0.43926704]
[0.44592658]
[0.50718147]
[0.6025799]
[0.5698958]
[0.4221778]
[0.4916205]
[0.5144223]
[0.5316875]
509.959
epoch:152	 time:30.613226413726807
[0.56133586]
[0.47994718]
[0.5464075]
[0.5036495]
[0.472746]
[0.4895575]
[0.50738543]
[0.52697927]
[0.53225595]
[0.48800313]
[0.56527793]
[0.5419263]
[0.46964115]
[0.5407488]
[0.5603213]
[0.5300398]
[0.51364386]
[0.51331186]
[0.54516196]
[0.45586935]
[0.57546747]
[0.5136632]
[0.56026006]
[0.46449015]
[0.4947771]
[0.49390617]
[0.5110437]
[0.5661622]
[0.5624054]
[0.4946175]
[0.52612436]
[0.470221]
[0.46290544]
[0.5909731]
[0.56476563]
[0.557449]
[0.55865604]
[0.5071118]
[0.5322011]
[0.42833766]
[0.52624]
[0.46000835]
[0.59000576]
[0.50955653]
[0.5525198]
536.1903
epoch:153	 time:31.045145988464355
[0.5597545]
[0.53674144]
[0.4404631]
[0.4445888]
[0.50250345]
[0.4345829]
[0.5803966]
[0.5110381]
[0.52675146]
[0.48082832]
[0.51955885]
[0.5331666]
[0.5451088]
[0.5923363]
[0.53838086]
[0.5208093]
[0.52765274]
[0.5627344]
[0.5162228]
[0.5747881]
[0.4545069]
[0.5044524]
[0.48048303]
[0.45219877]
[0.49845293]
[0.48506624]
[0.518007]
[0.53111637]
[0.42004678]
[0.52122575]
[0.52716124]
[0.46666005]
[0.5131589]
[0.47038633]
[0.59014016]
[0.56089246]
[0.4711127]
[0.51569545]
[0.44065768]
[0.51912206]
[0.48896834]
[0.5363198]
[0.45475227]
[0.48238453]
[0.48184982]
453.8028
epoch:154	 time:30.923967599868774
[0.48340324]
[0.5263185]
[0.47985938]
[0.5569147]
[0.5070361]
[0.485766]
[0.47322994]
[0.50138783]
[0.511484]
[0.5528525]
[0.6019664]
[0.5584753]
[0.44241142]
[0.47120073]
[0.5509694]
[0.54567105]
[0.46397272]
[0.5397366]
[0.5610777]
[0.5556866]
[0.5083124]
[0.5428111]
[0.49647063]
[0.49803394]
[0.6328521]
[0.53299826]
[0.5523356]
[0.5744476]
[0.49554235]
[0.48666245]
[0.5420913]
[0.50760734]
[0.5575336]
[0.5888684]
[0.46693414]
[0.52258694]
[0.5398556]
[0.5858071]
[0.55927026]
[0.46997836]
[0.40641862]
[0.4390564]
[0.45170164]
[0.47107545]
[0.53481317]
473.0042
epoch:155	 time:31.02570343017578
[0.52914536]
[0.5279175]
[0.42548686]
[0.5300162]
[0.6006443]
[0.44347247]
[0.6266706]
[0.47675878]
[0.5178279]
[0.4268084]
[0.51921344]
[0.5456526]
[0.46319607]
[0.5537849]
[0.49421555]
[0.49531806]
[0.50850713]
[0.5127664]
[0.55477375]
[0.4679823]
[0.47519305]
[0.5076742]
[0.5178834]
[0.5798566]
[0.6651983]
[0.5594073]
[0.5375845]
[0.5865958]
[0.4592112]
[0.599621]
[0.453927]
[0.5938267]
[0.47867867]
[0.4026228]
[0.4904108]
[0.4743564]
[0.51733154]
[0.5639542]
[0.5521225]
[0.4859991]
[0.5169206]
[0.5594288]
[0.56919175]
[0.5083124]
[0.4371849]
639.68616
epoch:156	 time:30.659711837768555
time elapsed of EmbeddingSimilarity: 23.09798812866211
time elapsed of nll-test: 15.657012939453125
epoch:156	EmbeddingSimilarity:-0.01392464206108968	nll-test:1.0061628	
[0.5174843]
[0.48618558]
[0.41408458]
[0.5214428]
[0.5003375]
[0.5323385]
[0.6395486]
[0.4846025]
[0.58658034]
[0.52747655]
[0.49999878]
[0.44329524]
[0.60500216]
[0.50326604]
[0.70768327]
[0.58855623]
[0.4721001]
[0.5103821]
[0.4510193]
[0.51926243]
[0.52458405]
[0.62362957]
[0.46252325]
[0.5036351]
[0.51483405]
[0.52446675]
[0.53424203]
[0.531975]
[0.52415454]
[0.5680829]
[0.44986472]
[0.56702906]
[0.38612336]
[0.54006076]
[0.56090784]
[0.6077327]
[0.5142042]
[0.58337975]
[0.5260098]
[0.50373495]
[0.52863806]
[0.4851655]
[0.62051034]
[0.61441004]
[0.6101352]
586.56525
epoch:157	 time:30.51029348373413
[0.54133075]
[0.54571533]
[0.48559958]
[0.52778304]
[0.5961969]
[0.5964259]
[0.55111265]
[0.5461762]
[0.4772127]
[0.6137186]
[0.5175002]
[0.50550383]
[0.45894623]
[0.5338302]
[0.57223004]
[0.47257313]
[0.55720425]
[0.5784717]
[0.44751552]
[0.54294866]
[0.5556755]
[0.5239703]
[0.54727256]
[0.48758444]
[0.5289482]
[0.5800638]
[0.57887864]
[0.5271051]
[0.4972962]
[0.5209063]
[0.45664003]
[0.38376766]
[0.52574867]
[0.6701191]
[0.4643255]
[0.40373597]
[0.6283208]
[0.5903751]
[0.4923468]
[0.4984502]
[0.5049275]
[0.500869]
[0.53355706]
[0.48249695]
[0.42530575]
440.61542
epoch:158	 time:30.471555948257446
[0.4648585]
[0.49788857]
[0.57737607]
[0.48971137]
[0.5745022]
[0.6214672]
[0.59207034]
[0.5191061]
[0.53126025]
[0.4577942]
[0.4958078]
[0.54593337]
[0.54822266]
[0.49003732]
[0.5174546]
[0.5716958]
[0.55205303]
[0.5868095]
[0.6101524]
[0.45104262]
[0.5732594]
[0.4869278]
[0.5338306]
[0.4259866]
[0.5050473]
[0.50579256]
[0.4483045]
[0.5321747]
[0.48742774]
[0.53506875]
[0.46427125]
[0.5930802]
[0.44574115]
[0.606542]
[0.6149207]
[0.47230342]
[0.5374877]
[0.6485129]
[0.5460677]
[0.42323354]
[0.4922373]
[0.52088004]
[0.47093576]
[0.54617506]
[0.63258904]
624.5657
epoch:159	 time:30.525756120681763
[0.5262544]
[0.55059755]
[0.6201013]
[0.54801065]
[0.48393542]
[0.5329933]
[0.47931552]
[0.5232372]
[0.5503626]
[0.47960082]
[0.44413266]
[0.4636622]
[0.45522404]
[0.44019675]
[0.4996348]
[0.5284782]
[0.50363714]
[0.49525967]
[0.542284]
[0.4020561]
[0.6353862]
[0.5677829]
[0.45558637]
[0.5278772]
[0.39360455]
[0.60255945]
[0.4985711]
[0.46274]
[0.517654]
[0.55562955]
[0.6356076]
[0.56216335]
[0.5588541]
[0.57879084]
[0.565963]
[0.4482534]
[0.51921934]
[0.599142]
[0.44893622]
[0.471237]
[0.48275563]
[0.5561062]
[0.6575551]
[0.49430582]
[0.4448115]
614.579
epoch:160	 time:31.06603980064392
[0.47620493]
[0.563684]
[0.5277305]
[0.5791858]
[0.5156171]
[0.41815487]
[0.5494589]
[0.4615254]
[0.570013]
[0.4592087]
[0.59987557]
[0.548554]
[0.54038095]
[0.5456852]
[0.54319817]
[0.54693663]
[0.43955097]
[0.5254968]
[0.53883845]
[0.49244484]
[0.5409599]
[0.5167173]
[0.5002522]
[0.5164242]
[0.5939217]
[0.4522932]
[0.52517396]
[0.5410785]
[0.47972187]
[0.56532574]
[0.44312832]
[0.4546769]
[0.5502448]
[0.49462387]
[0.4560034]
[0.53355545]
[0.6397783]
[0.5131642]
[0.5875676]
[0.5718002]
[0.5282652]
[0.5360184]
[0.5795717]
[0.5193271]
[0.47578853]
569.16284
epoch:161	 time:30.521276712417603
time elapsed of EmbeddingSimilarity: 23.340819358825684
time elapsed of nll-test: 15.338310956954956
epoch:161	EmbeddingSimilarity:-0.013690184388058038	nll-test:0.9992157	
[0.4821347]
[0.56306046]
[0.50686616]
[0.48945034]
[0.5451178]
[0.59765935]
[0.43566915]
[0.49566224]
[0.48011014]
[0.49788398]
[0.57418895]
[0.39497554]
[0.5444788]
[0.53345585]
[0.46582612]
[0.5264177]
[0.66149426]
[0.53542703]
[0.5312482]
[0.57751477]
[0.5197931]
[0.54147416]
[0.4565514]
[0.48033032]
[0.40061]
[0.43793577]
[0.6210659]
[0.55716157]
[0.5108769]
[0.60316813]
[0.55783194]
[0.51228875]
[0.5149913]
[0.6304502]
[0.47716144]
[0.5160481]
[0.49017408]
[0.56101304]
[0.5147168]
[0.52951384]
[0.46446013]
[0.45605764]
[0.5666996]
[0.5009458]
[0.48571774]
601.9263
epoch:162	 time:30.638954162597656
[0.5151503]
[0.58555174]
[0.49041045]
[0.55098623]
[0.6039464]
[0.48881775]
[0.5737876]
[0.4600148]
[0.56218314]
[0.57539463]
[0.49541962]
[0.57120043]
[0.5539372]
[0.43813905]
[0.58464545]
[0.5550708]
[0.5020761]
[0.6340017]
[0.55329233]
[0.5176982]
[0.46429077]
[0.49873292]
[0.43945685]
[0.4684217]
[0.55068696]
[0.47430116]
[0.494232]
[0.5360383]
[0.55452836]
[0.5194848]
[0.5234369]
[0.5214273]
[0.49638313]
[0.531998]
[0.57283515]
[0.5377681]
[0.48986033]
[0.57711285]
[0.52908933]
[0.47002575]
[0.6150853]
[0.50048816]
[0.6481334]
[0.5316484]
[0.59268665]
530.3547
epoch:163	 time:30.747209787368774
[0.63735306]
[0.6426659]
[0.62740904]
[0.43869266]
[0.52898324]
[0.4700347]
[0.47688305]
[0.53507113]
[0.47660068]
[0.53914785]
[0.589797]
[0.4786505]
[0.55608565]
[0.5627418]
[0.5923069]
[0.65059084]
[0.6018117]
[0.5635975]
[0.53156155]
[0.47234988]
[0.5134811]
[0.431084]
[0.71275234]
[0.6002821]
[0.5494108]
[0.6331475]
[0.55254287]
[0.49151197]
[0.5052809]
[0.49298945]
[0.5233245]
[0.5971617]
[0.53753984]
[0.57043976]
[0.56424326]
[0.4917637]
[0.4543323]
[0.5609103]
[0.5425629]
[0.5269546]
[0.66984236]
[0.46520513]
[0.57509047]
[0.45753223]
[0.51816875]
551.4144
epoch:164	 time:30.711001873016357
[0.59334946]
[0.45979568]
[0.56430495]
[0.59659135]
[0.4753624]
[0.5483757]
[0.48572254]
[0.51649326]
[0.538262]
[0.58277154]
[0.56666017]
[0.6355787]
[0.5889123]
[0.6167593]
[0.5536385]
[0.54987025]
[0.63197523]
[0.5162959]
[0.4680588]
[0.5084655]
[0.5376619]
[0.5604391]
[0.44708177]
[0.5205448]
[0.5605408]
[0.5379038]
[0.5183413]
[0.49803466]
[0.5575502]
[0.5506374]
[0.5121495]
[0.52676684]
[0.62427646]
[0.49886572]
[0.4809225]
[0.5131205]
[0.50450003]
[0.63194317]
[0.47408965]
[0.54534256]
[0.47460553]
[0.52232325]
[0.47807503]
[0.4528324]
[0.5141825]
531.1456
epoch:165	 time:30.29013156890869
[0.5499547]
[0.5229221]
[0.540651]
[0.509875]
[0.54070485]
[0.6382322]
[0.49199134]
[0.51514167]
[0.54854864]
[0.594155]
[0.5614562]
[0.54530394]
[0.5719896]
[0.6348044]
[0.5622507]
[0.6197579]
[0.5019502]
[0.47929028]
[0.6173111]
[0.5675054]
[0.47525105]
[0.4876031]
[0.43519264]
[0.5173805]
[0.51304907]
[0.5398754]
[0.5475272]
[0.48582783]
[0.53247505]
[0.51431805]
[0.4453965]
[0.49626806]
[0.4937535]
[0.622406]
[0.42337266]
[0.50419176]
[0.48275873]
[0.5185372]
[0.67637134]
[0.50672126]
[0.5629945]
[0.5940127]
[0.65556103]
[0.47374234]
[0.5677571]
563.09735
epoch:166	 time:31.155542612075806
time elapsed of EmbeddingSimilarity: 22.788930892944336
time elapsed of nll-test: 15.386844158172607
epoch:166	EmbeddingSimilarity:-0.014319953879489833	nll-test:0.9954617	
[0.5548941]
[0.55643016]
[0.4774267]
[0.52486306]
[0.5248001]
[0.5323855]
[0.48396128]
[0.4811671]
[0.41134995]
[0.53591436]
[0.5558436]
[0.5079813]
[0.6292971]
[0.5461495]
[0.5089405]
[0.58576256]
[0.45743027]
[0.53557605]
[0.59185535]
[0.4671195]
[0.5431424]
[0.52900136]
[0.50555825]
[0.49837896]
[0.47603473]
[0.5320071]
[0.586977]
[0.53108287]
[0.45944968]
[0.47147435]
[0.5570619]
[0.5532661]
[0.4934553]
[0.50770307]
[0.53927124]
[0.5779098]
[0.5275571]
[0.53812045]
[0.5450922]
[0.6314054]
[0.61644596]
[0.51686203]
[0.5503854]
[0.46439716]
[0.55038315]
541.6874
epoch:167	 time:31.1904034614563
[0.56673634]
[0.5753183]
[0.52295285]
[0.60241914]
[0.56401455]
[0.59074694]
[0.5497552]
[0.57594275]
[0.532693]
[0.5399761]
[0.5131621]
[0.53339916]
[0.57250524]
[0.5278749]
[0.42757347]
[0.5997812]
[0.65419054]
[0.49704617]
[0.55037045]
[0.5028096]
[0.44374412]
[0.65157294]
[0.51182896]
[0.58767897]
[0.57164]
[0.47928858]
[0.5580678]
[0.6617813]
[0.5323693]
[0.5466523]
[0.49018925]
[0.57378584]
[0.4706046]
[0.5880202]
[0.5345671]
[0.493653]
[0.5033366]
[0.55796117]
[0.4992849]
[0.5448046]
[0.5814475]
[0.6330677]
[0.57149273]
[0.49693418]
[0.64712024]
538.7911
epoch:168	 time:30.873262882232666
[0.4982093]
[0.51344377]
[0.48637664]
[0.52590585]
[0.62438226]
[0.4545789]
[0.5299728]
[0.6145293]
[0.6235127]
[0.5605796]
[0.5478562]
[0.6343699]
[0.47020394]
[0.6008605]
[0.63071376]
[0.47608733]
[0.5242984]
[0.4326583]
[0.4710164]
[0.5344616]
[0.503535]
[0.5269577]
[0.5387873]
[0.49939707]
[0.5028551]
[0.48467952]
[0.5003646]
[0.475146]
[0.50584334]
[0.50302434]
[0.5818802]
[0.66666144]
[0.52038157]
[0.44910142]
[0.51660347]
[0.6463208]
[0.50776243]
[0.51124823]
[0.5784696]
[0.51624703]
[0.48516357]
[0.49160632]
[0.55201954]
[0.66037405]
[0.49818566]
662.9053
epoch:169	 time:30.865407466888428
[0.5537952]
[0.550477]
[0.59080875]
[0.5606281]
[0.53157336]
[0.44835013]
[0.54229975]
[0.5924741]
[0.5516395]
[0.5871816]
[0.4823852]
[0.5233921]
[0.5380791]
[0.45576608]
[0.6520481]
[0.41114557]
[0.4656976]
[0.50095326]
[0.5884078]
[0.542536]
[0.5050738]
[0.57721233]
[0.5643688]
[0.6279966]
[0.4300101]
[0.5163977]
[0.61586267]
[0.5986383]
[0.5495707]
[0.48744223]
[0.47725686]
[0.529965]
[0.47506034]
[0.4980623]
[0.52418804]
[0.46623936]
[0.5445463]
[0.6481172]
[0.543558]
[0.49239075]
[0.56262296]
[0.5496399]
[0.5966946]
[0.45325193]
[0.56233454]
475.66962
epoch:170	 time:31.23557996749878
[0.593107]
[0.5752337]
[0.48914018]
[0.5127965]
[0.4829632]
[0.5130654]
[0.54532915]
[0.5764286]
[0.57162416]
[0.5513669]
[0.564058]
[0.57080984]
[0.51082355]
[0.6231736]
[0.5721158]
[0.51493883]
[0.51826435]
[0.55954987]
[0.54820013]
[0.5710148]
[0.62137175]
[0.56142426]
[0.47741383]
[0.5760894]
[0.5418885]
[0.5857203]
[0.5245732]
[0.6613782]
[0.46984246]
[0.60953486]
[0.5116191]
[0.579101]
[0.5172591]
[0.51967967]
[0.6083421]
[0.5330247]
[0.5453794]
[0.5281227]
[0.46879336]
[0.5636924]
[0.46798968]
[0.5069896]
[0.5360338]
[0.5988859]
[0.5482555]
601.39996
epoch:171	 time:30.860894441604614
time elapsed of EmbeddingSimilarity: 22.95151948928833
time elapsed of nll-test: 15.219125509262085
epoch:171	EmbeddingSimilarity:-0.014763011367564478	nll-test:0.99591434	
[0.49370536]
[0.58360124]
[0.55436313]
[0.5328224]
[0.600093]
[0.59917176]
[0.51295465]
[0.4597028]
[0.59926516]
[0.5420872]
[0.5807556]
[0.47405106]
[0.48631203]
[0.58761233]
[0.6098567]
[0.53616524]
[0.5964082]
[0.57823193]
[0.5396511]
[0.5294516]
[0.5327784]
[0.5314056]
[0.53222865]
[0.4671172]
[0.59652]
[0.5700545]
[0.57066107]
[0.48461497]
[0.5686123]
[0.46307695]
[0.44479695]
[0.49569303]
[0.56153566]
[0.66337544]
[0.39688691]
[0.5154166]
[0.42603573]
[0.5838641]
[0.5683107]
[0.44386685]
[0.5343514]
[0.5038654]
[0.6145652]
[0.6326967]
[0.54532456]
466.92856
epoch:172	 time:30.038933515548706
[0.5447177]
[0.50129867]
[0.47968447]
[0.5025601]
[0.55596036]
[0.57341534]
[0.5397241]
[0.59999245]
[0.49037096]
[0.5749158]
[0.5894441]
[0.49702907]
[0.527886]
[0.543138]
[0.5114052]
[0.46430543]
[0.50506306]
[0.44791302]
[0.5269503]
[0.52621377]
[0.5272591]
[0.43965915]
[0.54779905]
[0.6015947]
[0.4970133]
[0.5191919]
[0.58415437]
[0.58260846]
[0.44157293]
[0.513764]
[0.58188003]
[0.5258929]
[0.5590781]
[0.4969406]
[0.45894262]
[0.4801511]
[0.6217112]
[0.42348367]
[0.55012846]
[0.54502344]
[0.5705787]
[0.5320997]
[0.48777768]
[0.58843243]
[0.5138637]
596.62415
epoch:173	 time:30.677452564239502
[0.6007204]
[0.63684165]
[0.5716796]
[0.5281231]
[0.55581546]
[0.6183281]
[0.50144565]
[0.5779164]
[0.55592173]
[0.5427897]
[0.5644076]
[0.5271731]
[0.635693]
[0.45605323]
[0.5129969]
[0.47884732]
[0.56091785]
[0.49043912]
[0.46271533]
[0.53493774]
[0.55439484]
[0.5160514]
[0.44119522]
[0.5643713]
[0.52763206]
[0.4209288]
[0.5412494]
[0.5785714]
[0.5726073]
[0.40933025]
[0.54360926]
[0.504568]
[0.5786722]
[0.5504278]
[0.5963671]
[0.6190559]
[0.5418897]
[0.4372822]
[0.57615817]
[0.52453583]
[0.5972038]
[0.5250651]
[0.4688716]
[0.46811387]
[0.55321157]
621.394
epoch:174	 time:30.955684661865234
[0.54837024]
[0.52300745]
[0.51384526]
[0.6039114]
[0.5685022]
[0.5397026]
[0.53454524]
[0.53787076]
[0.505843]
[0.48599762]
[0.5382494]
[0.448648]
[0.49916112]
[0.5393812]
[0.5235963]
[0.489328]
[0.5765026]
[0.5874756]
[0.42076784]
[0.55620444]
[0.54286593]
[0.5053919]
[0.4713902]
[0.47340515]
[0.55753654]
[0.47515178]
[0.5616642]
[0.48930043]
[0.562731]
[0.58382714]
[0.4806152]
[0.44293144]
[0.5245914]
[0.4755724]
[0.5889387]
[0.45439136]
[0.4970338]
[0.52631414]
[0.6609517]
[0.41445428]
[0.5651216]
[0.44848025]
[0.593767]
[0.5155419]
[0.51178735]
372.20425
epoch:175	 time:30.608524799346924
[0.6091872]
[0.56248075]
[0.5275181]
[0.40607813]
[0.5390379]
[0.5382068]
[0.48515955]
[0.57043135]
[0.5803234]
[0.5700147]
[0.59394497]
[0.53644586]
[0.520513]
[0.5683604]
[0.57539487]
[0.56575793]
[0.46203727]
[0.5066886]
[0.51708174]
[0.48892325]
[0.5423879]
[0.50353247]
[0.46806887]
[0.4626562]
[0.61845386]
[0.5525877]
[0.48442203]
[0.53628606]
[0.4895206]
[0.51678574]
[0.51769614]
[0.46400607]
[0.61499935]
[0.5898448]
[0.52335125]
[0.4994352]
[0.5191869]
[0.51483166]
[0.49651217]
[0.6125487]
[0.603689]
[0.41365948]
[0.4494747]
[0.4991651]
[0.6082433]
592.9934
epoch:176	 time:31.233657836914062
time elapsed of EmbeddingSimilarity: 23.557987451553345
time elapsed of nll-test: 15.293427228927612
epoch:176	EmbeddingSimilarity:-0.01403897215932109	nll-test:1.0031626	
[0.5474284]
[0.521478]
[0.5098619]
[0.5355839]
[0.60364985]
[0.61854386]
[0.54452634]
[0.4978809]
[0.5407672]
[0.4982741]
[0.51669866]
[0.5674447]
[0.6017627]
[0.5499218]
[0.46003547]
[0.5699639]
[0.600334]
[0.45638245]
[0.60170704]
[0.47267663]
[0.5072286]
[0.6257065]
[0.46378776]
[0.5290788]
[0.50837934]
[0.48645064]
[0.49445045]
[0.5709037]
[0.5879668]
[0.57000566]
[0.49668854]
[0.53000003]
[0.46642986]
[0.50680304]
[0.4946666]
[0.46518078]
[0.5526587]
[0.56786084]
[0.4729845]
[0.5088103]
[0.48992288]
[0.41140527]
[0.51616263]
[0.493927]
[0.5253872]
551.06824
epoch:177	 time:30.93960213661194
[0.5264822]
[0.47757596]
[0.5147095]
[0.4715749]
[0.6442626]
[0.4586318]
[0.56027234]
[0.5376351]
[0.5215071]
[0.4950837]
[0.43668514]
[0.47602254]
[0.5887575]
[0.5717973]
[0.46813163]
[0.50575495]
[0.62962794]
[0.48648295]
[0.5742889]
[0.57320446]
[0.41718787]
[0.44567987]
[0.4765132]
[0.57289916]
[0.47456038]
[0.40021455]
[0.39708477]
[0.5707221]
[0.5510483]
[0.44045398]
[0.441926]
[0.46609643]
[0.5497582]
[0.5308655]
[0.50470567]
[0.60994524]
[0.5420337]
[0.52413195]
[0.45028418]
[0.5974774]
[0.5710385]
[0.58150715]
[0.5031131]
[0.4612808]
[0.5190573]
486.13342
epoch:178	 time:31.085572957992554
[0.50483656]
[0.5710472]
[0.55045885]
[0.4884721]
[0.56071776]
[0.4608736]
[0.5812093]
[0.53547204]
[0.50781447]
[0.5113552]
[0.58088905]
[0.5347941]
[0.48371398]
[0.5673926]
[0.4655036]
[0.5778319]
[0.5269603]
[0.52798575]
[0.44933948]
[0.53253245]
[0.53707653]
[0.48293912]
[0.5357001]
[0.4841111]
[0.54459274]
[0.4354782]
[0.48449984]
[0.46410164]
[0.5342295]
[0.48449287]
[0.46516764]
[0.49903876]
[0.45208457]
[0.47063237]
[0.4356707]
[0.45963007]
[0.47033465]
[0.50366795]
[0.5214899]
[0.48219123]
[0.45510742]
[0.48698804]
[0.45342585]
[0.53457564]
[0.47285202]
513.47034
epoch:179	 time:30.75082230567932
[0.51672006]
[0.54012126]
[0.4494902]
[0.4603073]
[0.49305964]
[0.49906382]
[0.50400484]
[0.43576413]
[0.48685724]
[0.44448856]
[0.45504186]
[0.4748487]
[0.5028752]
[0.5208906]
[0.45965227]
[0.49146885]
[0.48906973]
[0.49165818]
[0.46539646]
[0.51906276]
[0.53177303]
[0.41717312]
[0.4602603]
[0.48788708]
[0.49283817]
[0.44838393]
[0.48026416]
[0.41328087]
[0.5333333]
[0.45281696]
[0.5513366]
[0.5104651]
[0.542246]
[0.5451387]
[0.44560024]
[0.5027315]
[0.43434316]
[0.48904243]
[0.4482087]
[0.4769104]
[0.5982778]
[0.49941775]
[0.44008452]
[0.41344607]
[0.5141321]
468.87494
epoch:180	 time:31.116920709609985
time elapsed of EmbeddingSimilarity: 23.12566113471985
time elapsed of nll-test: 15.523065328598022
epoch:180	EmbeddingSimilarity:-0.014386226088296835	nll-test:1.012688	
[0.5299081]
[0.56333584]
[0.52075505]
[0.48736447]
[0.47271958]
[0.4752216]
[0.46350765]
[0.5229905]
[0.4537696]
[0.48842084]
[0.46079385]
[0.5070043]
[0.45723632]
[0.46685708]
[0.4951098]
[0.45530984]
[0.48718607]
[0.4988829]
[0.5240949]
[0.46401435]
[0.4585004]
[0.5034531]
[0.40339655]
[0.55029804]
[0.4839869]
[0.43551865]
[0.47324896]
[0.5140823]
[0.45131606]
[0.45920402]
[0.5148382]
[0.4392855]
[0.45520037]
[0.45753235]
[0.45615026]
[0.47442073]
[0.5286759]
[0.44593903]
[0.41210744]
[0.414886]
[0.5893787]
[0.4330129]
[0.5338421]
[0.4639712]
[0.44112545]
