arg real
start pre-train generator:
epoch:0	 time:38.70857882499695
time elapsed of EmbeddingSimilarity: 43.594741344451904
time elapsed of nll-test: 17.08310079574585
time elapsed of Bleu: 333.2125735282898
time elapsed of Self-Bleu: 19.537458896636963
epoch:1	EmbeddingSimilarity:-0.016900938327930645	nll-test:1.5176395	Bleu:0.33457144039469316	Self-Bleu:0.511415927056067	
epoch:1	 time:38.466856479644775
epoch:2	 time:39.13705897331238
epoch:3	 time:38.696818113327026
epoch:4	 time:37.81869387626648
epoch:5	 time:37.573113679885864
time elapsed of EmbeddingSimilarity: 19.841504335403442
time elapsed of nll-test: 15.827235460281372
time elapsed of Bleu: 346.07897090911865
time elapsed of Self-Bleu: 18.096885204315186
epoch:6	EmbeddingSimilarity:-0.012446954676129126	nll-test:1.0768331	Bleu:0.6055378370840144	Self-Bleu:0.511415927056067	
epoch:6	 time:39.357651233673096
epoch:7	 time:38.382224798202515
epoch:8	 time:38.307629346847534
epoch:9	 time:39.071656465530396
epoch:10	 time:38.22305154800415
time elapsed of EmbeddingSimilarity: 19.375632286071777
time elapsed of nll-test: 18.80768609046936
time elapsed of Bleu: 393.4987630844116
time elapsed of Self-Bleu: 21.650683164596558
epoch:11	EmbeddingSimilarity:-0.010605632029217747	nll-test:0.94250995	Bleu:0.6246122314543953	Self-Bleu:0.511415927056067	
epoch:11	 time:43.6259925365448
epoch:12	 time:43.98704719543457
epoch:13	 time:38.611717224121094
epoch:14	 time:38.44097638130188
epoch:15	 time:38.39145517349243
time elapsed of EmbeddingSimilarity: 23.16581392288208
time elapsed of nll-test: 16.3222439289093
time elapsed of Bleu: 288.41695404052734
time elapsed of Self-Bleu: 13.089376211166382
epoch:16	EmbeddingSimilarity:-0.010017550993107704	nll-test:0.87466186	Bleu:0.6374788197947009	Self-Bleu:0.511415927056067	
epoch:16	 time:37.19420599937439
epoch:17	 time:37.27686858177185
epoch:18	 time:37.2650830745697
epoch:19	 time:37.30124258995056
epoch:20	 time:36.90434288978577
time elapsed of EmbeddingSimilarity: 23.505297660827637
time elapsed of nll-test: 16.002354383468628
time elapsed of Bleu: 352.5256118774414
time elapsed of Self-Bleu: 22.1432626247406
epoch:21	EmbeddingSimilarity:-0.009941768802406261	nll-test:0.8343423	Bleu:0.6425734861899539	Self-Bleu:0.511415927056067	
epoch:21	 time:39.05955791473389
epoch:22	 time:38.625707149505615
epoch:23	 time:38.257590770721436
epoch:24	 time:38.67601037025452
epoch:25	 time:39.18219065666199
time elapsed of EmbeddingSimilarity: 20.43063712120056
time elapsed of nll-test: 17.1131854057312
time elapsed of Bleu: 410.9270429611206
time elapsed of Self-Bleu: 22.83789896965027
epoch:26	EmbeddingSimilarity:-0.01025185255504695	nll-test:0.8063875	Bleu:0.6525885330257475	Self-Bleu:0.511415927056067	
epoch:26	 time:38.772722482681274
epoch:27	 time:38.77505445480347
epoch:28	 time:38.45233082771301
epoch:29	 time:38.66301965713501
epoch:30	 time:37.60784602165222
time elapsed of EmbeddingSimilarity: 21.0642569065094
time elapsed of nll-test: 16.875483512878418
time elapsed of Bleu: 407.31783056259155
time elapsed of Self-Bleu: 21.780086755752563
epoch:31	EmbeddingSimilarity:-0.010184307534953752	nll-test:0.7920549	Bleu:0.6421118475999774	Self-Bleu:0.511415927056067	
epoch:31	 time:38.23356628417969
epoch:32	 time:39.016761779785156
epoch:33	 time:38.810819149017334
epoch:34	 time:38.09319806098938
epoch:35	 time:38.73235249519348
time elapsed of EmbeddingSimilarity: 20.93862247467041
time elapsed of nll-test: 16.762743711471558
time elapsed of Bleu: 409.9325532913208
time elapsed of Self-Bleu: 22.048396110534668
epoch:36	EmbeddingSimilarity:-0.010203932183418777	nll-test:0.7830784	Bleu:0.6436237191616734	Self-Bleu:0.511415927056067	
epoch:36	 time:37.84851837158203
epoch:37	 time:37.65536117553711
epoch:38	 time:38.38616704940796
epoch:39	 time:38.58858609199524
epoch:40	 time:38.35844349861145
time elapsed of EmbeddingSimilarity: 21.33674693107605
time elapsed of nll-test: 17.48737382888794
time elapsed of Bleu: 417.0538139343262
time elapsed of Self-Bleu: 20.832956314086914
epoch:41	EmbeddingSimilarity:-0.010087400259102633	nll-test:0.7732443	Bleu:0.6449222100343958	Self-Bleu:0.511415927056067	
epoch:41	 time:39.086398124694824
epoch:42	 time:38.71115446090698
epoch:43	 time:38.7069993019104
epoch:44	 time:38.485416889190674
epoch:45	 time:38.74342465400696
time elapsed of EmbeddingSimilarity: 20.6111478805542
time elapsed of nll-test: 17.282994747161865
time elapsed of Bleu: 425.13285541534424
time elapsed of Self-Bleu: 19.383448123931885
epoch:46	EmbeddingSimilarity:-0.01000381503420602	nll-test:0.76118594	Bleu:0.6444143107870132	Self-Bleu:0.511415927056067	
epoch:46	 time:39.43357276916504
epoch:47	 time:39.03242206573486
epoch:48	 time:37.55982327461243
epoch:49	 time:37.897589921951294
epoch:50	 time:37.77320981025696
time elapsed of EmbeddingSimilarity: 21.120631217956543
time elapsed of nll-test: 16.40675449371338
time elapsed of Bleu: 284.73715806007385
time elapsed of Self-Bleu: 15.43683648109436
epoch:51	EmbeddingSimilarity:-0.010275492123238307	nll-test:0.7578793	Bleu:0.6502184131505724	Self-Bleu:0.511415927056067	
epoch:51	 time:36.42730093002319
epoch:52	 time:36.64267921447754
epoch:53	 time:36.73608136177063
epoch:54	 time:36.61805200576782
epoch:55	 time:36.701528549194336
time elapsed of EmbeddingSimilarity: 22.507457733154297
time elapsed of nll-test: 16.860472202301025
time elapsed of Bleu: 353.87829661369324
time elapsed of Self-Bleu: 21.09284543991089
epoch:56	EmbeddingSimilarity:-0.009959580442316781	nll-test:0.74950576	Bleu:0.6530750600938364	Self-Bleu:0.511415927056067	
epoch:56	 time:34.936808347702026
epoch:57	 time:34.61738657951355
epoch:58	 time:35.0258207321167
epoch:59	 time:34.7418429851532
epoch:60	 time:34.9343695640564
time elapsed of EmbeddingSimilarity: 23.259460926055908
time elapsed of nll-test: 15.072007179260254
time elapsed of Bleu: 365.55801463127136
time elapsed of Self-Bleu: 21.625667095184326
epoch:61	EmbeddingSimilarity:-0.010140843440956821	nll-test:0.74481446	Bleu:0.6499283445384396	Self-Bleu:0.511415927056067	
epoch:61	 time:34.76556205749512
epoch:62	 time:34.821560859680176
epoch:63	 time:34.6313271522522
epoch:64	 time:34.83427119255066
epoch:65	 time:35.02176833152771
time elapsed of EmbeddingSimilarity: 23.26755928993225
time elapsed of nll-test: 15.356576681137085
time elapsed of Bleu: 366.4664566516876
time elapsed of Self-Bleu: 19.992485761642456
epoch:66	EmbeddingSimilarity:-0.009897738494602898	nll-test:0.73867947	Bleu:0.6495341412736746	Self-Bleu:0.511415927056067	
epoch:66	 time:35.17197632789612
epoch:67	 time:35.10155749320984
epoch:68	 time:35.019882917404175
epoch:69	 time:35.14708065986633
epoch:70	 time:35.13778805732727
time elapsed of EmbeddingSimilarity: 23.44119167327881
time elapsed of nll-test: 15.18153691291809
time elapsed of Bleu: 363.9886076450348
time elapsed of Self-Bleu: 21.387457370758057
epoch:71	EmbeddingSimilarity:-0.010172347002911407	nll-test:0.7346655	Bleu:0.6522695109103328	Self-Bleu:0.511415927056067	
epoch:71	 time:35.122782707214355
epoch:72	 time:35.05458879470825
epoch:73	 time:34.841240644454956
epoch:74	 time:35.076528787612915
epoch:75	 time:35.05861043930054
time elapsed of EmbeddingSimilarity: 23.260854721069336
time elapsed of nll-test: 15.19381046295166
time elapsed of Bleu: 361.39195561408997
time elapsed of Self-Bleu: 20.124305725097656
epoch:76	EmbeddingSimilarity:-0.01022884675176354	nll-test:0.7300964	Bleu:0.6532974928147863	Self-Bleu:0.511415927056067	
epoch:76	 time:34.739094495773315
epoch:77	 time:34.752376556396484
epoch:78	 time:34.928704261779785
epoch:79	 time:34.95675849914551
start pre-train discriminator:
epoch:0
[1.4195203]
[1.3517332]
[1.2520925]
epoch:1
[1.1516877]
[1.1823564]
[1.2023292]
epoch:2
[1.1922241]
[1.1935942]
[1.223681]
epoch:3
[1.2018923]
[1.1980883]
[1.2031527]
epoch:4
[1.182304]
[1.1822803]
[1.177464]
epoch:5
[1.1669481]
[1.1487337]
[1.08733]
epoch:6
[1.1817204]
[1.1618863]
[1.2202973]
epoch:7
[1.1459324]
[1.1705637]
[1.1847619]
epoch:8
[1.144493]
[1.1920257]
[1.1116998]
epoch:9
[1.1493151]
[1.2184681]
[1.1175091]
epoch:10
[1.1676363]
[1.1689987]
[1.1937332]
epoch:11
[1.1458735]
[1.1671011]
[1.1708341]
epoch:12
[1.146431]
[1.1267213]
[1.1293703]
epoch:13
[1.1577967]
[1.1744039]
[1.1508152]
epoch:14
[1.1668818]
[1.176348]
[1.1636027]
epoch:15
[1.1439393]
[1.1060855]
[1.1580875]
epoch:16
[1.1334043]
[1.1322982]
[1.1770948]
epoch:17
[1.1541297]
[1.1573254]
[1.2030797]
epoch:18
[1.1251999]
[1.1660138]
[1.1631243]
epoch:19
[1.149713]
[1.1433578]
[1.1692821]
epoch:20
[1.1608601]
[1.1658579]
[1.1232706]
epoch:21
[1.1432722]
[1.1469207]
[1.1576076]
epoch:22
[1.1187472]
[1.1414909]
[1.1531758]
epoch:23
[1.1308703]
[1.1166466]
[1.1210016]
epoch:24
[1.125287]
[1.1452429]
[1.1452193]
epoch:25
[1.150818]
[1.1247072]
[1.1605817]
epoch:26
[1.1561209]
[1.0806934]
[1.1388025]
epoch:27
[1.135119]
[1.1265072]
[1.1195751]
epoch:28
[1.1214876]
[1.1419882]
[1.1281195]
epoch:29
[1.108999]
[1.105229]
[1.1182301]
epoch:30
[1.1168222]
[1.1344869]
[1.1674783]
epoch:31
[1.139414]
[1.1666644]
[1.1153873]
epoch:32
[1.1719954]
[1.1157544]
[1.1555048]
epoch:33
[1.1272799]
[1.1503277]
[1.1771013]
epoch:34
[1.1719359]
[1.1729225]
[1.1475258]
epoch:35
[1.1214839]
[1.1279516]
[1.1051712]
epoch:36
[1.1393619]
[1.0969421]
[1.0797516]
epoch:37
[1.1194664]
[1.1414512]
[1.1035146]
epoch:38
[1.0987024]
[1.1253656]
[1.161645]
epoch:39
[1.084707]
[1.1070232]
[1.0765824]
epoch:40
[1.1151441]
[1.108848]
[1.1250536]
epoch:41
[1.1516714]
[1.1283053]
[1.1065804]
epoch:42
[1.1102461]
[1.1092067]
[1.137819]
epoch:43
[1.1285963]
[1.1327505]
[1.0958483]
epoch:44
[1.1218846]
[1.0718685]
[1.0858566]
epoch:45
[1.1151226]
[1.1467779]
[1.082998]
epoch:46
[1.1041892]
[1.0969666]
[1.1146126]
epoch:47
[1.0986844]
[1.0749041]
[1.101153]
epoch:48
[1.1241522]
[1.047291]
[1.0643958]
epoch:49
[1.1146653]
[1.1308827]
[1.0801268]
epoch:50
[1.1059774]
[1.0656073]
[1.0854969]
epoch:51
[1.0964842]
[1.094493]
[1.0755533]
epoch:52
[1.1331136]
[1.0717148]
[1.0653934]
epoch:53
[1.1003553]
[1.0943024]
[1.0585163]
epoch:54
[1.0731565]
[1.0631863]
[1.0724351]
epoch:55
[1.0572263]
[1.0949829]
[1.0756304]
epoch:56
[1.0956117]
[1.1153448]
[1.0474443]
epoch:57
[1.0803344]
[1.0820928]
[1.0754709]
epoch:58
[1.077664]
[1.0429158]
[1.0317484]
epoch:59
[1.0667508]
[1.151641]
[1.1214024]
epoch:60
[1.1338636]
[1.1149306]
[1.0675625]
epoch:61
[1.0818764]
[1.0684652]
[1.1062944]
epoch:62
[1.1090599]
[1.095526]
[1.0409076]
epoch:63
[1.1232796]
[1.1691217]
[1.1847808]
epoch:64
[1.146205]
[1.0819715]
[1.099279]
epoch:65
[1.1015753]
[1.0543686]
[1.1224809]
epoch:66
[1.1005002]
[1.135721]
[1.0991805]
epoch:67
[1.0532194]
[1.0689965]
[1.0651772]
epoch:68
[1.0756791]
[1.0848327]
[1.09118]
epoch:69
[1.0562024]
[1.0937552]
[1.0937879]
epoch:70
[1.0903116]
[1.0551231]
[1.0433493]
epoch:71
[1.0857465]
[1.0600137]
[1.060015]
epoch:72
[1.0547256]
[1.110605]
[1.0858579]
epoch:73
[1.0683306]
[1.1062305]
[1.1549788]
epoch:74
[1.0842719]
[1.1014497]
[1.1027972]
epoch:75
[1.0749328]
[1.107549]
[1.0601224]
epoch:76
[1.0511651]
[1.0844016]
[1.0835854]
epoch:77
[1.067982]
[1.0429548]
[1.0646915]
epoch:78
[1.1080799]
[1.066227]
[1.1014904]
epoch:79
[1.0662171]
[1.0913233]
[1.015474]
adversarial training:
1023.344
epoch:81	 time:30.738497972488403
time elapsed of EmbeddingSimilarity: 23.0418381690979
time elapsed of nll-test: 15.14001989364624
time elapsed of Bleu: 363.35217213630676
time elapsed of Self-Bleu: 18.50877046585083
epoch:81	EmbeddingSimilarity:-0.010309820976276177	nll-test:0.7334427	Bleu:0.66195114200402	Self-Bleu:0.511415927056067	
[1.0513235]
[1.0636386]
[1.0924354]
[1.1071441]
[1.0533292]
[1.0777447]
[1.0846741]
[1.0557612]
[1.0866593]
[1.0640872]
[1.084341]
[1.0613539]
[1.0441784]
[1.0678289]
[1.111139]
[1.0808802]
[1.067037]
[1.0632753]
[1.0653812]
[1.0843946]
[1.0541377]
[1.0979655]
[1.0458235]
[1.0870308]
[1.0270439]
[1.0741744]
[1.0471846]
[1.0442027]
[1.0728457]
[1.0570366]
[1.0480249]
[1.0662509]
[1.093323]
[1.0679736]
[1.0412579]
[1.0754026]
[1.0562358]
[1.0787235]
[1.0509107]
[1.090669]
[1.0620879]
[1.0424465]
[1.0498012]
[1.0785637]
[1.0707142]
922.66675
epoch:82	 time:31.177003622055054
[1.0453887]
[1.0708323]
[1.0386384]
[1.0648698]
[1.041842]
[1.1057001]
[1.0374393]
[1.101445]
[1.0414745]
[1.0145681]
[1.0605321]
[1.0322995]
[1.0569711]
[1.0537816]
[1.06489]
[1.0615623]
[1.0627284]
[1.0854676]
[1.0177268]
[1.0494391]
[1.033889]
[1.03962]
[1.0485895]
[1.064534]
[1.1104288]
[1.0365615]
[1.0659626]
[1.0493736]
[1.0060408]
[1.0093906]
[1.0364093]
[1.0602343]
[1.0508449]
[1.0632378]
[1.067824]
[1.0447972]
[1.0488337]
[1.0559856]
[1.0467092]
[1.0256841]
[1.0723242]
[1.018665]
[1.0546365]
[1.0694879]
[1.0486405]
922.22314
epoch:83	 time:30.38279390335083
[1.0523069]
[1.0485557]
[1.07503]
[1.0800754]
[1.0171012]
[1.0182191]
[1.0395448]
[1.0288032]
[1.0716665]
[1.0597345]
[1.0540905]
[1.0692563]
[1.0253116]
[1.0359889]
[1.0698026]
[1.0308297]
[1.0189542]
[1.0327834]
[1.0575856]
[1.0329168]
[1.0316627]
[1.0447843]
[1.0484369]
[1.0405966]
[1.0286965]
[1.0191628]
[1.014606]
[1.0579911]
[1.0353932]
[1.0471586]
[1.0475594]
[1.0218216]
[1.0114233]
[1.0198588]
[1.0545025]
[1.0130471]
[0.9708421]
[1.01138]
[1.0437024]
[1.0764626]
[1.0911201]
[0.9978473]
[0.99602437]
[1.0051879]
[0.9970553]
885.82117
epoch:84	 time:31.02280569076538
[1.0099719]
[1.035117]
[0.9785296]
[1.0675259]
[1.0448357]
[0.9802153]
[1.0022583]
[0.9981058]
[1.0050728]
[1.0255207]
[1.00449]
[0.9974169]
[1.0127687]
[1.0090758]
[1.013809]
[1.0597585]
[1.0579014]
[1.0672877]
[1.0081239]
[1.0011818]
[1.0355098]
[1.0078766]
[1.0135957]
[1.0122255]
[1.0192628]
[0.97273374]
[1.0186495]
[1.0231612]
[1.0047324]
[0.9937175]
[1.0162301]
[1.0395172]
[0.97880536]
[0.9704255]
[1.0358107]
[1.0142021]
[1.0193224]
[1.0065188]
[0.9788885]
[0.9879761]
[0.99422777]
[0.9833941]
[1.0186017]
[1.0377629]
[0.9704416]
946.90137
epoch:85	 time:30.61149024963379
[1.0310266]
[0.99981]
[1.012426]
[0.9940467]
[1.007599]
[0.97392166]
[1.0249839]
[1.0066273]
[0.9760237]
[0.9935827]
[1.012607]
[1.014632]
[1.0033393]
[0.9999443]
[0.989254]
[1.0198803]
[1.0657094]
[0.99049425]
[1.0036609]
[0.992628]
[1.0150733]
[1.0083647]
[1.0115023]
[0.9842875]
[1.0262136]
[0.99176955]
[0.99476933]
[1.0213493]
[0.9870255]
[0.9852134]
[0.9949832]
[0.97103214]
[0.9758917]
[1.0586231]
[1.0100433]
[0.98930776]
[0.97517276]
[0.9894629]
[1.0380005]
[1.013818]
[1.0278286]
[1.0000341]
[1.0028236]
[0.9838531]
[0.97022706]
1034.5144
epoch:86	 time:30.98838233947754
time elapsed of EmbeddingSimilarity: 23.460634231567383
time elapsed of nll-test: 15.129427194595337
time elapsed of Bleu: 355.3428089618683
time elapsed of Self-Bleu: 18.71319890022278
epoch:86	EmbeddingSimilarity:-0.010821599773580937	nll-test:0.7512747	Bleu:0.6806511420720965	Self-Bleu:0.511415927056067	
[0.97932327]
[0.989864]
[0.9772959]
[0.97033423]
[0.9523711]
[0.980382]
[0.98468435]
[0.9932369]
[1.0226963]
[0.94632983]
[0.9623538]
[1.0068225]
[0.97075844]
[0.95097554]
[0.95559204]
[0.9839114]
[0.9733077]
[0.9455142]
[0.9878105]
[0.9868159]
[0.9649941]
[1.0022362]
[0.9878597]
[0.9865881]
[0.9845689]
[0.98825455]
[0.99669284]
[0.9574151]
[0.97092986]
[0.99665797]
[0.9921367]
[1.0040252]
[0.96982574]
[0.98820734]
[0.9696557]
[0.98737264]
[0.9584485]
[0.9938736]
[0.98682606]
[0.99472564]
[1.0040283]
[0.9987948]
[0.95679057]
[0.994241]
[0.956447]
838.318
epoch:87	 time:30.742341995239258
[0.96981084]
[0.99015903]
[0.95629436]
[0.97639287]
[0.98501146]
[0.9443104]
[0.96663725]
[0.9397249]
[0.9761885]
[0.99664366]
[0.973647]
[0.9623248]
[0.9548677]
[0.98552585]
[0.9925863]
[0.9441055]
[0.9555638]
[0.98300195]
[0.9689895]
[0.96904236]
[1.0000865]
[0.9389583]
[0.95037794]
[0.91912603]
[0.9763314]
[0.956354]
[0.97597843]
[0.97696817]
[0.96699333]
[0.9469569]
[0.96941584]
[0.97103274]
[0.973629]
[0.9731556]
[0.95595545]
[0.9664471]
[0.9295286]
[1.0067756]
[0.91017175]
[0.985152]
[0.94543684]
[0.99116814]
[0.945148]
[1.0109354]
[0.958213]
808.55005
epoch:88	 time:30.828845500946045
[0.9392517]
[0.9928578]
[0.97187775]
[0.9470472]
[0.98385024]
[0.98375654]
[0.9493274]
[0.98400855]
[0.95188844]
[0.9719185]
[0.94078064]
[0.94915324]
[0.9362571]
[0.92762685]
[0.92323947]
[0.9401594]
[0.98930526]
[0.9914845]
[0.9296467]
[0.9794133]
[0.9416752]
[0.90733474]
[0.9677273]
[0.9809707]
[0.94434077]
[0.97915673]
[0.98856723]
[0.9380798]
[0.9549078]
[0.9376426]
[0.95309925]
[0.9856564]
[0.9394009]
[0.90561485]
[0.9145911]
[0.952347]
[0.96729916]
[0.943298]
[0.92631316]
[0.9046658]
[0.92793167]
[0.9322765]
[0.911453]
[0.919845]
[0.95185983]
898.5193
epoch:89	 time:30.76730227470398
[0.9612764]
[0.8965579]
[0.909742]
[0.93549263]
[0.9652798]
[0.97583413]
[0.9248991]
[0.9387727]
[0.9404601]
[0.959785]
[1.0310632]
[0.90809363]
[0.9608871]
[0.92139184]
[0.9285819]
[0.9563149]
[0.9482837]
[0.91761655]
[0.9504826]
[0.90511155]
[0.9431248]
[0.9401015]
[0.95095766]
[0.9450059]
[0.9205798]
[0.92285585]
[0.9591111]
[0.91642964]
[0.9466846]
[0.9536407]
[0.9748167]
[0.9136752]
[0.9690328]
[0.89965844]
[0.9867766]
[0.9435386]
[0.8945849]
[0.9424819]
[0.93466246]
[0.90611625]
[0.91838443]
[0.90813994]
[0.91598713]
[0.9121801]
[0.9226148]
809.24365
epoch:90	 time:31.206574201583862
[0.9257808]
[0.93642735]
[0.90933365]
[0.96330893]
[0.89693546]
[0.9475936]
[0.94053924]
[0.95168024]
[0.89158845]
[0.94972664]
[0.9724449]
[0.998373]
[0.9371078]
[0.89944756]
[0.94710577]
[0.94351494]
[0.93131864]
[0.9063987]
[0.9320261]
[0.9500167]
[0.90757877]
[0.967061]
[0.91227823]
[0.95233047]
[0.9421168]
[0.90951276]
[0.9218446]
[0.9033758]
[0.87186337]
[0.9151821]
[0.9061385]
[0.92267716]
[0.9020498]
[0.9568339]
[0.91651976]
[0.92660517]
[0.9247284]
[0.9076216]
[0.9024321]
[0.9219568]
[0.934589]
[0.9155033]
[0.9257768]
[0.90687466]
[0.92125237]
889.283
epoch:91	 time:30.871137380599976
time elapsed of EmbeddingSimilarity: 23.1143901348114
time elapsed of nll-test: 15.105177879333496
time elapsed of Bleu: 357.57709217071533
time elapsed of Self-Bleu: 19.311756372451782
epoch:91	EmbeddingSimilarity:-0.011097864687609463	nll-test:0.76899225	Bleu:0.6797641439812236	Self-Bleu:0.511415927056067	
[0.9771707]
[0.8883902]
[0.9221952]
[0.92463475]
[0.92994595]
[0.9133277]
[0.9158931]
[0.936514]
[0.94527096]
[0.9464543]
[0.89857423]
[0.9337959]
[0.88946855]
[0.94097793]
[0.94577634]
[0.87641966]
[0.9352848]
[0.9142142]
[0.8973713]
[0.9692017]
[0.90013444]
[0.9216163]
[0.9170028]
[0.92063844]
[0.8771323]
[0.9146391]
[0.92339474]
[0.96614516]
[0.9043755]
[0.90840924]
[0.886112]
[0.9105247]
[0.9192767]
[0.9141735]
[0.918223]
[0.88392174]
[0.86094666]
[0.8854104]
[0.8977189]
[0.92336774]
[0.8925444]
[0.8538506]
[0.913357]
[0.86892474]
[0.88197803]
955.87415
epoch:92	 time:31.14373803138733
[0.9205994]
[0.94588363]
[0.9458858]
[0.9201517]
[0.8977936]
[0.8477986]
[0.9190639]
[0.9401065]
[0.92278576]
[0.8957497]
[0.9161953]
[0.92209643]
[0.8994683]
[0.91556036]
[0.8772366]
[0.92279273]
[0.9148238]
[0.8725172]
[0.91795295]
[0.8712239]
[0.8998432]
[0.91283906]
[0.9083043]
[0.893417]
[0.9317657]
[0.8715302]
[0.86977875]
[0.87875664]
[0.90976787]
[0.8685341]
[0.94493425]
[0.8709031]
[0.86132705]
[0.8727081]
[0.86626804]
[0.8793336]
[0.8757881]
[0.8580977]
[0.89838827]
[0.9270021]
[0.92189497]
[0.94418615]
[0.9096902]
[0.8437736]
[0.91969895]
827.98364
epoch:93	 time:31.030587196350098
[0.8746606]
[0.8916667]
[0.83078456]
[0.87492526]
[0.8673618]
[0.861898]
[0.9392014]
[0.90162194]
[0.8586659]
[0.83283323]
[0.9461404]
[0.9178164]
[0.9800155]
[0.9160771]
[0.88255405]
[0.8837974]
[0.89605576]
[0.90045744]
[0.8533655]
[0.9163753]
[0.917253]
[0.863185]
[0.8918791]
[0.85389847]
[0.9152528]
[0.87548393]
[0.9212838]
[0.88093483]
[0.90515727]
[0.8762702]
[0.8616119]
[0.87275624]
[0.8536904]
[0.8574893]
[0.88051397]
[0.89955527]
[0.8468992]
[0.87403]
[0.9240165]
[0.8844121]
[0.84388953]
[0.8879171]
[0.8917034]
[0.84279764]
[0.90544826]
855.46515
epoch:94	 time:30.939605474472046
[0.88828266]
[0.8896004]
[0.8742558]
[0.86287314]
[0.85898614]
[0.86796474]
[0.8861484]
[0.86021644]
[0.86373174]
[0.8336847]
[0.8546176]
[0.8441947]
[0.8561183]
[0.8689976]
[0.9219134]
[0.8633564]
[0.9015221]
[0.8319593]
[0.88531643]
[0.905869]
[0.8609261]
[0.8427513]
[0.85767007]
[0.8643051]
[0.93143547]
[0.8648889]
[0.8746407]
[0.86834705]
[0.8732018]
[0.8687365]
[0.8292233]
[0.8751529]
[0.84665734]
[0.9003733]
[0.8428977]
[0.9098599]
[0.87000877]
[0.9047344]
[0.8998258]
[0.91464746]
[0.8739367]
[0.8840753]
[0.84866226]
[0.8310967]
[0.8389999]
883.06586
epoch:95	 time:30.7208251953125
[0.86548495]
[0.8694171]
[0.86528623]
[0.87239206]
[0.89375067]
[0.86894023]
[0.87876344]
[0.8865194]
[0.85155976]
[0.8690419]
[0.84664893]
[0.86860454]
[0.83287084]
[0.8739383]
[0.908471]
[0.8672271]
[0.9418757]
[0.8877656]
[0.85405856]
[0.84959835]
[0.84610707]
[0.8678706]
[0.84094244]
[0.8858744]
[0.84074473]
[0.86323315]
[0.89000356]
[0.81398404]
[0.8246821]
[0.8137262]
[0.8577009]
[0.8546949]
[0.8163775]
[0.81454194]
[0.8553488]
[0.83233935]
[0.86925226]
[0.81198215]
[0.9158684]
[0.8259546]
[0.80851775]
[0.8586372]
[0.87105566]
[0.8266129]
[0.8543114]
873.7285
epoch:96	 time:29.99357271194458
time elapsed of EmbeddingSimilarity: 23.14319086074829
time elapsed of nll-test: 15.11119794845581
time elapsed of Bleu: 362.301789522171
time elapsed of Self-Bleu: 20.925382137298584
epoch:96	EmbeddingSimilarity:-0.011874713689029242	nll-test:0.7887686	Bleu:0.6755950986583233	Self-Bleu:0.511415927056067	
[0.8855809]
[0.8722999]
[0.82453233]
[0.88642466]
[0.846135]
[0.8678199]
[0.84145993]
[0.8257248]
[0.83673227]
[0.9277442]
[0.8169301]
[0.87640494]
[0.92179096]
[0.792932]
[0.8263619]
[0.8668058]
[0.8588406]
[0.8624741]
[0.90733886]
[0.851637]
[0.8180428]
[0.8561818]
[0.8132188]
[0.8387203]
[0.8864862]
[0.8117082]
[0.85014707]
[0.8724904]
[0.91202676]
[0.818686]
[0.8577537]
[0.8351325]
[0.8761972]
[0.78329444]
[0.8666834]
[0.87937737]
[0.8230505]
[0.88478]
[0.8544204]
[0.8382454]
[0.8565957]
[0.88814914]
[0.8754522]
[0.8832904]
[0.84582597]
836.4092
epoch:97	 time:30.90158987045288
[0.82826924]
[0.86355555]
[0.8407547]
[0.81930727]
[0.82850486]
[0.85801244]
[0.83249325]
[0.83055586]
[0.8374646]
[0.825803]
[0.87630355]
[0.8512539]
[0.879439]
[0.8523606]
[0.86870867]
[0.8315929]
[0.80587995]
[0.8242748]
[0.8064843]
[0.8350116]
[0.82906103]
[0.8425506]
[0.77827203]
[0.8207402]
[0.86022574]
[0.81732416]
[0.8155925]
[0.8570146]
[0.81211346]
[0.8504194]
[0.85273695]
[0.8348925]
[0.7688317]
[0.8311541]
[0.8536387]
[0.8454297]
[0.83951277]
[0.8158133]
[0.8342483]
[0.839424]
[0.801698]
[0.85442626]
[0.8336318]
[0.8130089]
[0.81027174]
896.58356
epoch:98	 time:30.92149329185486
[0.867892]
[0.79315007]
[0.808465]
[0.8765302]
[0.80105835]
[0.85564613]
[0.8511598]
[0.82351625]
[0.8340765]
[0.80252665]
[0.884468]
[0.84194714]
[0.8752007]
[0.83488226]
[0.8466229]
[0.81792986]
[0.81507915]
[0.87301195]
[0.8373187]
[0.8469024]
[0.8044688]
[0.786479]
[0.8317027]
[0.8714567]
[0.8722615]
[0.83177906]
[0.7869468]
[0.8383346]
[0.8888795]
[0.84360886]
[0.8461129]
[0.83524257]
[0.89756393]
[0.8247293]
[0.83446395]
[0.8337929]
[0.8586898]
[0.7840077]
[0.8286108]
[0.8410436]
[0.88725716]
[0.82762283]
[0.7940122]
[0.80527204]
[0.84363323]
753.99615
epoch:99	 time:30.745224952697754
[0.7969098]
[0.8305516]
[0.86894685]
[0.8307987]
[0.8559498]
[0.7909039]
[0.87992567]
[0.78799343]
[0.79542315]
[0.79881823]
[0.82449603]
[0.8056433]
[0.82378924]
[0.83650553]
[0.82062215]
[0.84082365]
[0.80354834]
[0.8473675]
[0.8074899]
[0.8550195]
[0.7738324]
[0.7644557]
[0.8044415]
[0.8079786]
[0.8937686]
[0.8600065]
[0.812977]
[0.80452883]
[0.7838067]
[0.7933194]
[0.79788893]
[0.8724092]
[0.7835425]
[0.8188959]
[0.8691431]
[0.8438273]
[0.8222674]
[0.78776765]
[0.76436937]
[0.82244]
[0.78556687]
[0.83397055]
[0.8094481]
[0.81784374]
[0.79565996]
851.96265
epoch:100	 time:30.487640380859375
[0.8137035]
[0.72441775]
[0.82253784]
[0.7973722]
[0.8060027]
[0.8009081]
[0.80050117]
[0.7711032]
[0.8097287]
[0.8486542]
[0.7974233]
[0.8585117]
[0.7854292]
[0.86875063]
[0.84703326]
[0.83391297]
[0.800939]
[0.84159595]
[0.7922696]
[0.83097696]
[0.78480035]
[0.81396264]
[0.7964097]
[0.8374876]
[0.82951814]
[0.7463473]
[0.79490083]
[0.8214422]
[0.808733]
[0.7685938]
[0.8182406]
[0.8283553]
[0.8190186]
[0.7911607]
[0.80827075]
[0.77702093]
[0.7705276]
[0.82257396]
[0.7843681]
[0.7979599]
[0.8249049]
[0.81825936]
[0.77852356]
[0.7473072]
[0.81324893]
859.5925
epoch:101	 time:30.84437608718872
time elapsed of EmbeddingSimilarity: 23.038174867630005
time elapsed of nll-test: 15.233083248138428
time elapsed of Bleu: 352.0838541984558
time elapsed of Self-Bleu: 20.518178939819336
epoch:101	EmbeddingSimilarity:-0.011418020449284782	nll-test:0.8057784	Bleu:0.6812126801824778	Self-Bleu:0.511415927056067	
[0.7387641]
[0.8360336]
[0.761643]
[0.7472576]
[0.77791846]
[0.7790856]
[0.7887523]
[0.81045926]
[0.79246396]
[0.7903291]
[0.74581295]
[0.7999768]
[0.78624743]
[0.7959162]
[0.7641503]
[0.80827725]
[0.79201865]
[0.8092135]
[0.801813]
[0.77238303]
[0.81825274]
[0.7881147]
[0.7638987]
[0.83685625]
[0.8168609]
[0.8323817]
[0.7905019]
[0.71785593]
[0.8517969]
[0.8236071]
[0.7781676]
[0.71835846]
[0.83739966]
[0.7864985]
[0.7890212]
[0.7556449]
[0.73584]
[0.85596067]
[0.82250535]
[0.81201756]
[0.76545644]
[0.8178191]
[0.7747965]
[0.7523544]
[0.81994104]
785.4635
epoch:102	 time:30.99279022216797
[0.7882022]
[0.7813889]
[0.792956]
[0.8072832]
[0.7840322]
[0.7865242]
[0.7940507]
[0.8174342]
[0.7867202]
[0.7770399]
[0.75530833]
[0.78986657]
[0.713447]
[0.75378025]
[0.78061724]
[0.78288466]
[0.8566217]
[0.72654784]
[0.7667492]
[0.7571857]
[0.75076175]
[0.78913826]
[0.8615701]
[0.78366756]
[0.7812841]
[0.81924206]
[0.73709077]
[0.77756995]
[0.71272016]
[0.79620963]
[0.7810582]
[0.78139395]
[0.8165632]
[0.8105582]
[0.79821056]
[0.74968886]
[0.8418326]
[0.7461901]
[0.81579924]
[0.80290025]
[0.7568607]
[0.76989037]
[0.7431744]
[0.7889416]
[0.809636]
974.8048
epoch:103	 time:30.512866973876953
[0.8028308]
[0.7508701]
[0.78064036]
[0.78551]
[0.84035903]
[0.7723831]
[0.8350653]
[0.8017012]
[0.7522934]
[0.72047347]
[0.755749]
[0.7446954]
[0.719695]
[0.8388467]
[0.7913321]
[0.82358813]
[0.7971046]
[0.7417318]
[0.8439784]
[0.73017454]
[0.7792165]
[0.7812685]
[0.7826902]
[0.7801469]
[0.790789]
[0.7651489]
[0.79762024]
[0.81321317]
[0.7686839]
[0.721517]
[0.8627116]
[0.7551532]
[0.76064104]
[0.7756647]
[0.8183545]
[0.7471765]
[0.8042837]
[0.83961046]
[0.7337415]
[0.73948526]
[0.76573217]
[0.84341896]
[0.7883965]
[0.7106376]
[0.83202463]
897.91907
epoch:104	 time:30.628732919692993
[0.7279352]
[0.7703019]
[0.7220809]
[0.82750857]
[0.79098374]
[0.77077115]
[0.80080587]
[0.7616364]
[0.79093045]
[0.7657421]
[0.7731606]
[0.7838316]
[0.75158685]
[0.7563356]
[0.7180164]
[0.76718843]
[0.7436352]
[0.8046175]
[0.7462125]
[0.7801476]
[0.7415]
[0.73506457]
[0.75582165]
[0.77936846]
[0.85096616]
[0.8127123]
[0.7317142]
[0.77498645]
[0.75426817]
[0.7681715]
[0.7399137]
[0.7581329]
[0.72277844]
[0.7459921]
[0.8521377]
[0.77648866]
[0.71081346]
[0.80026513]
[0.8239206]
[0.78973]
[0.73119086]
[0.7153579]
[0.7459712]
[0.80080473]
[0.7729964]
653.9174
epoch:105	 time:31.280086517333984
[0.7258913]
[0.7492079]
[0.7703826]
[0.7735471]
[0.7711329]
[0.79148185]
[0.7048329]
[0.8584662]
[0.83868337]
[0.7294085]
[0.7397743]
[0.7333312]
[0.7914773]
[0.7313249]
[0.7366782]
[0.701589]
[0.7884439]
[0.7787535]
[0.73953557]
[0.7667559]
[0.7863802]
[0.7861716]
[0.71887505]
[0.7407937]
[0.77765]
[0.7873911]
[0.75811744]
[0.72434175]
[0.72648597]
[0.72919345]
[0.74758255]
[0.6812627]
[0.6857581]
[0.7745274]
[0.78319186]
[0.738238]
[0.7729112]
[0.8216492]
[0.7425593]
[0.7445897]
[0.76707625]
[0.7770862]
[0.81314725]
[0.7714291]
[0.72387654]
611.69836
epoch:106	 time:30.386693716049194
time elapsed of EmbeddingSimilarity: 23.311097383499146
time elapsed of nll-test: 15.246487140655518
time elapsed of Bleu: 350.67135095596313
time elapsed of Self-Bleu: 21.5508291721344
epoch:106	EmbeddingSimilarity:-0.012343847527399955	nll-test:0.8233783	Bleu:0.6768430631164594	Self-Bleu:0.511415927056067	
[0.8114566]
[0.7046044]
[0.8078971]
[0.78059053]
[0.7588774]
[0.70567447]
[0.8016556]
[0.7867643]
[0.786305]
[0.7474487]
[0.7406204]
[0.7492233]
[0.72397274]
[0.7841455]
[0.7121961]
[0.70587915]
[0.6986755]
[0.7418796]
[0.6818083]
[0.7970489]
[0.76606137]
[0.7259162]
[0.7512785]
[0.7194428]
[0.7779896]
[0.7196268]
[0.683477]
[0.78812784]
[0.78213406]
[0.7532435]
[0.67752594]
[0.6936986]
[0.7406339]
[0.7489765]
[0.7004567]
[0.7944833]
[0.7569768]
[0.7338731]
[0.74134]
[0.70319545]
[0.7291959]
[0.7344365]
[0.71121424]
[0.7821312]
[0.75611347]
831.1686
epoch:107	 time:30.581230640411377
[0.67165387]
[0.7100384]
[0.7344799]
[0.81516826]
[0.7900438]
[0.7242258]
[0.77305907]
[0.74244416]
[0.75575256]
[0.7322258]
[0.72935534]
[0.805294]
[0.8249937]
[0.7065228]
[0.7030871]
[0.71670127]
[0.71567655]
[0.79309124]
[0.7342882]
[0.80357766]
[0.76189816]
[0.8089489]
[0.6983051]
[0.81916106]
[0.7497601]
[0.7603935]
[0.66950184]
[0.72057784]
[0.7474645]
[0.783147]
[0.7339518]
[0.74732983]
[0.70381576]
[0.72498083]
[0.723848]
[0.7462174]
[0.7274938]
[0.7488692]
[0.6988119]
[0.71584666]
[0.7282868]
[0.7979013]
[0.7020962]
[0.7224451]
[0.7298056]
747.77734
epoch:108	 time:30.687872886657715
[0.75944006]
[0.734453]
[0.75426245]
[0.7416984]
[0.73501325]
[0.71188384]
[0.7670096]
[0.76666415]
[0.74586743]
[0.75446343]
[0.70825964]
[0.7091004]
[0.72276425]
[0.75738204]
[0.8109738]
[0.7762831]
[0.78817517]
[0.71268463]
[0.77620375]
[0.70692366]
[0.71468747]
[0.7184001]
[0.6950988]
[0.7535928]
[0.7295357]
[0.7617395]
[0.81741244]
[0.7651547]
[0.6685082]
[0.712324]
[0.8034117]
[0.6693044]
[0.7421345]
[0.7437922]
[0.7030058]
[0.74550456]
[0.7050048]
[0.79939413]
[0.7757674]
[0.76582825]
[0.74114203]
[0.69395614]
[0.7084123]
[0.78754765]
[0.7101042]
675.90906
epoch:109	 time:30.852035999298096
[0.68518466]
[0.7636861]
[0.7045401]
[0.7498175]
[0.7576649]
[0.7291642]
[0.7197563]
[0.7351574]
[0.76388]
[0.6667249]
[0.7409236]
[0.7320798]
[0.73818415]
[0.7102504]
[0.65854216]
[0.7555357]
[0.77207744]
[0.74940836]
[0.77240276]
[0.7184814]
[0.74787813]
[0.7965665]
[0.7110219]
[0.7968624]
[0.7759451]
[0.71923107]
[0.75411105]
[0.73584557]
[0.7185831]
[0.7549585]
[0.7158194]
[0.68313783]
[0.7073999]
[0.8323764]
[0.7202651]
[0.7453134]
[0.70619583]
[0.7017704]
[0.75486237]
[0.6693444]
[0.7948005]
[0.7140367]
[0.7581169]
[0.72744566]
[0.7594586]
719.6532
epoch:110	 time:30.758511304855347
[0.7028113]
[0.7151727]
[0.77321225]
[0.72050905]
[0.71722734]
[0.7005388]
[0.7501235]
[0.7204797]
[0.7088183]
[0.6948127]
[0.7208156]
[0.722698]
[0.72800696]
[0.76252395]
[0.7560038]
[0.6998322]
[0.77822524]
[0.7598369]
[0.74463236]
[0.7528814]
[0.6923385]
[0.7749004]
[0.63947123]
[0.6567809]
[0.67082155]
[0.7089731]
[0.72773486]
[0.7552767]
[0.6485755]
[0.73666775]
[0.6601243]
[0.7121337]
[0.75826454]
[0.78598446]
[0.7010921]
[0.6554249]
[0.7442409]
[0.67982805]
[0.68056226]
[0.7230619]
[0.7370106]
[0.72256005]
[0.69368577]
[0.64379734]
[0.6646086]
683.4519
epoch:111	 time:30.66038489341736
time elapsed of EmbeddingSimilarity: 23.564788103103638
time elapsed of nll-test: 15.405444383621216
time elapsed of Bleu: 354.6694257259369
time elapsed of Self-Bleu: 20.105992555618286
epoch:111	EmbeddingSimilarity:-0.012260644587772311	nll-test:0.8347931	Bleu:0.6807855020997983	Self-Bleu:0.511415927056067	
[0.7040922]
[0.71047145]
[0.7728423]
[0.70988095]
[0.7424087]
[0.7016302]
[0.7341933]
[0.75338185]
[0.7717657]
[0.7062765]
[0.80355453]
[0.69858205]
[0.7401676]
[0.68630415]
[0.75711757]
[0.69564104]
[0.7298472]
[0.65299284]
[0.79692185]
[0.71923906]
[0.71540314]
[0.711293]
[0.69175375]
[0.8037634]
[0.7770318]
[0.6843485]
[0.68645275]
[0.6686908]
[0.66515815]
[0.73322177]
[0.7921152]
[0.72554934]
[0.69055253]
[0.7378858]
[0.7419145]
[0.71856564]
[0.67370594]
[0.73900247]
[0.79201174]
[0.6887433]
[0.70379114]
[0.6735383]
[0.7185946]
[0.69729173]
[0.75228983]
724.6
epoch:112	 time:30.765614986419678
[0.7481495]
[0.7102475]
[0.72932905]
[0.6968552]
[0.7614656]
[0.821216]
[0.8050505]
[0.72144693]
[0.72453856]
[0.7983861]
[0.7183251]
[0.68222016]
[0.71157455]
[0.71273786]
[0.704251]
[0.7278467]
[0.72443485]
[0.73872894]
[0.69527996]
[0.7080277]
[0.7017734]
[0.7541473]
[0.73561645]
[0.69763654]
[0.70529073]
[0.6292201]
[0.7429463]
[0.7410183]
[0.7164165]
[0.6943302]
[0.66527617]
[0.70571613]
[0.6711178]
[0.6792355]
[0.65954494]
[0.65501404]
[0.7587222]
[0.6555443]
[0.6718482]
[0.691698]
[0.7203921]
[0.69311285]
[0.73345375]
[0.7336533]
[0.6655034]
763.34283
epoch:113	 time:31.24111008644104
[0.6566771]
[0.7276814]
[0.67127556]
[0.70919335]
[0.72059226]
[0.6718099]
[0.7697821]
[0.67906904]
[0.7241919]
[0.7071908]
[0.7309123]
[0.75131786]
[0.76090443]
[0.71772075]
[0.6951816]
[0.673068]
[0.70686555]
[0.77773166]
[0.72395086]
[0.684403]
[0.7078798]
[0.71268046]
[0.6437202]
[0.64747787]
[0.77981436]
[0.7576394]
[0.6661703]
[0.74000615]
[0.7146716]
[0.67213196]
[0.69972533]
[0.65958905]
[0.6873862]
[0.72997236]
[0.65668917]
[0.73182553]
[0.67442733]
[0.74377525]
[0.65337497]
[0.7163381]
[0.7363391]
[0.7232415]
[0.7443196]
[0.6687938]
[0.6685401]
617.8355
epoch:114	 time:31.405747413635254
[0.6431067]
[0.76926595]
[0.686193]
[0.6527091]
[0.69021934]
[0.6735013]
[0.63434774]
[0.7278747]
[0.64689267]
[0.6737103]
[0.72373396]
[0.7099208]
[0.7353854]
[0.7522552]
[0.7303986]
[0.7311529]
[0.65386975]
[0.6738304]
[0.6645782]
[0.7137522]
[0.7553726]
[0.6944388]
[0.6160906]
[0.7350972]
[0.7564457]
[0.7738465]
[0.6823935]
[0.6421444]
[0.70306355]
[0.71377856]
[0.70094085]
[0.7041174]
[0.6385228]
[0.72756505]
[0.6384447]
[0.7039967]
[0.7348477]
[0.66078436]
[0.7020848]
[0.5940213]
[0.7849621]
[0.67914486]
[0.7454412]
[0.7318873]
[0.7349619]
644.65125
epoch:115	 time:30.026017665863037
[0.7170057]
[0.7097645]
[0.72816855]
[0.7366954]
[0.69295913]
[0.66741633]
[0.73011494]
[0.8402956]
[0.6725373]
[0.6832086]
[0.7257988]
[0.7513553]
[0.7105568]
[0.77209115]
[0.73838836]
[0.65878356]
[0.6738571]
[0.71752656]
[0.7582132]
[0.69374967]
[0.7327911]
[0.73756754]
[0.7366228]
[0.72382694]
[0.68467647]
[0.689778]
[0.62904173]
[0.68296844]
[0.6768304]
[0.6572594]
[0.69334286]
[0.81400347]
[0.6296155]
[0.7498348]
[0.6580486]
[0.7382946]
[0.6312227]
[0.65779626]
[0.71400565]
[0.6357458]
[0.7867313]
[0.65298915]
[0.73925227]
[0.68898845]
[0.76602703]
716.6523
epoch:116	 time:30.720507621765137
time elapsed of EmbeddingSimilarity: 23.193270444869995
time elapsed of nll-test: 15.398244857788086
time elapsed of Bleu: 352.0684175491333
time elapsed of Self-Bleu: 21.806203365325928
epoch:116	EmbeddingSimilarity:-0.012266338774468994	nll-test:0.84361035	Bleu:0.6827729999728737	Self-Bleu:0.511415927056067	
[0.6889541]
[0.6601254]
[0.7745213]
[0.77636415]
[0.7114989]
[0.7480666]
[0.7180336]
[0.74384683]
[0.67906606]
[0.6708839]
[0.6400477]
[0.72891045]
[0.7322198]
[0.6968468]
[0.72334385]
[0.681892]
[0.6904015]
[0.69258845]
[0.7086303]
[0.6590057]
[0.66566473]
[0.69922715]
[0.68653446]
[0.63072133]
[0.732277]
[0.6362654]
[0.695018]
[0.70042986]
[0.6377807]
[0.6369038]
[0.6908587]
[0.74503165]
[0.7160466]
[0.6163813]
[0.68530434]
[0.6938175]
[0.7532191]
[0.6595481]
[0.7590474]
[0.6543697]
[0.70783705]
[0.6942859]
[0.7352514]
[0.69519794]
[0.7071725]
735.64496
epoch:117	 time:29.505028247833252
[0.7363738]
[0.67864347]
[0.6704619]
[0.6484886]
[0.7215752]
[0.7431802]
[0.70615774]
[0.6315147]
[0.7103077]
[0.71260357]
[0.6928474]
[0.692223]
[0.6824514]
[0.6674341]
[0.6534294]
[0.6563277]
[0.6619197]
[0.72491246]
[0.74880934]
[0.64955705]
[0.74426395]
[0.7557266]
[0.6444433]
[0.64097625]
[0.6273413]
[0.6926185]
[0.7096716]
[0.6685281]
[0.6761412]
[0.65439576]
[0.663756]
[0.7489358]
[0.7243742]
[0.6622318]
[0.7246636]
[0.6860873]
[0.6692696]
[0.65719557]
[0.6985883]
[0.6700275]
[0.6233059]
[0.6245454]
[0.72132677]
[0.6890179]
[0.66504437]
662.77423
epoch:118	 time:30.57618284225464
[0.659844]
[0.6868769]
[0.6445035]
[0.68201154]
[0.693783]
[0.659994]
[0.7028855]
[0.6419692]
[0.7293924]
[0.6952597]
[0.59803176]
[0.74656606]
[0.6689488]
[0.66633046]
[0.7562384]
[0.72029334]
[0.7189102]
[0.74405164]
[0.6663453]
[0.67955536]
[0.64080095]
[0.6625146]
[0.74044967]
[0.62430334]
[0.7245037]
[0.65601593]
[0.6198261]
[0.66485757]
[0.6735868]
[0.7064698]
[0.71945816]
[0.61414707]
[0.678621]
[0.64681196]
[0.6376693]
[0.64647394]
[0.666096]
[0.6539142]
[0.66734374]
[0.6688312]
[0.6211864]
[0.6850945]
[0.57195914]
[0.6939251]
[0.63690704]
817.48083
epoch:119	 time:31.266208171844482
[0.7378137]
[0.6020875]
[0.72274315]
[0.73354584]
[0.6945923]
[0.6922458]
[0.5966577]
[0.71078193]
[0.70798063]
[0.62315726]
[0.699959]
[0.67066807]
[0.68205714]
[0.6909796]
[0.72045106]
[0.64011526]
[0.61254793]
[0.6461799]
[0.69160414]
[0.62870693]
[0.6616318]
[0.7069615]
[0.6489856]
[0.6657429]
[0.6302014]
[0.72830826]
[0.71639454]
[0.7616802]
[0.6742432]
[0.7172325]
[0.6957341]
[0.7250356]
[0.69593006]
[0.6369872]
[0.6477214]
[0.69197094]
[0.68649226]
[0.63654053]
[0.68526465]
[0.7198213]
[0.66576606]
[0.6436093]
[0.67794037]
[0.6791301]
[0.72382474]
772.406
epoch:120	 time:30.712454319000244
[0.70945525]
[0.68996423]
[0.6805086]
[0.73469466]
[0.6516338]
[0.5602972]
[0.6532977]
[0.7445202]
[0.7035471]
[0.63598365]
[0.7073017]
[0.72134924]
[0.7272751]
[0.7752759]
[0.6507032]
[0.69414806]
[0.67351735]
[0.6921637]
[0.6692506]
[0.67400956]
[0.6999209]
[0.695839]
[0.6772334]
[0.64636165]
[0.6919117]
[0.67309904]
[0.7494766]
[0.688027]
[0.7554591]
[0.69874567]
[0.6664201]
[0.629713]
[0.6189594]
[0.7074672]
[0.7034915]
[0.64458686]
[0.6710507]
[0.66868955]
[0.7062855]
[0.6181093]
[0.6667676]
[0.65767807]
[0.6528757]
[0.68589556]
[0.63121635]
645.90314
epoch:121	 time:30.91840624809265
time elapsed of EmbeddingSimilarity: 23.037866592407227
time elapsed of nll-test: 15.313470363616943
time elapsed of Bleu: 358.4014401435852
time elapsed of Self-Bleu: 20.773144245147705
epoch:121	EmbeddingSimilarity:-0.012417487542730133	nll-test:0.85538054	Bleu:0.6894001730573099	Self-Bleu:0.511415927056067	
[0.62998873]
[0.71853024]
[0.6238108]
[0.63893217]
[0.6096517]
[0.62345016]
[0.5385058]
[0.5918453]
[0.669628]
[0.6706455]
[0.7645644]
[0.69552034]
[0.68611974]
[0.67312807]
[0.6853428]
[0.7007856]
[0.7224104]
[0.73426247]
[0.6387069]
[0.7141876]
[0.6574068]
[0.7436153]
[0.63437355]
[0.6888818]
[0.6705897]
[0.6009882]
[0.6888519]
[0.6641695]
[0.646565]
[0.7677982]
[0.71915674]
[0.6489928]
[0.68416506]
[0.6745151]
[0.69065076]
[0.6231563]
[0.6219603]
[0.6618308]
[0.6950312]
[0.6522708]
[0.63904494]
[0.6835665]
[0.722501]
[0.67124134]
[0.6972402]
761.6937
epoch:122	 time:31.037698984146118
[0.5976152]
[0.61094016]
[0.6923414]
[0.6815872]
[0.6351291]
[0.66284317]
[0.64591044]
[0.60648304]
[0.72611845]
[0.6223322]
[0.65825826]
[0.6720562]
[0.6524138]
[0.65021455]
[0.6801422]
[0.68131536]
[0.73262507]
[0.6412563]
[0.6227499]
[0.6311829]
[0.6218076]
[0.6642082]
[0.5779751]
[0.6415629]
[0.73988205]
[0.6933243]
[0.7287668]
[0.71890175]
[0.6445377]
[0.6159222]
[0.6715506]
[0.6855031]
[0.63902754]
[0.6516187]
[0.61498916]
[0.6684607]
[0.72445625]
[0.6709233]
[0.6691396]
[0.6461249]
[0.611774]
[0.6247319]
[0.61858165]
[0.6091724]
[0.6620592]
735.45996
epoch:123	 time:31.101759672164917
[0.6132838]
[0.6408789]
[0.6726255]
[0.6648827]
[0.6356359]
[0.6890687]
[0.6524189]
[0.68656266]
[0.6592495]
[0.64099735]
[0.67143345]
[0.6420072]
[0.6289525]
[0.69001764]
[0.76546663]
[0.57865]
[0.6008594]
[0.6538209]
[0.64390504]
[0.6492195]
[0.69809586]
[0.5973315]
[0.66347104]
[0.6485497]
[0.71300113]
[0.6932542]
[0.62987626]
[0.6547008]
[0.671363]
[0.6499519]
[0.6483869]
[0.730494]
[0.62192523]
[0.6743026]
[0.63303936]
[0.63051283]
[0.7049498]
[0.67430663]
[0.7024019]
[0.6269102]
[0.62965715]
[0.5916593]
[0.7221054]
[0.64751214]
[0.6851956]
521.8442
epoch:124	 time:31.217118501663208
[0.64819825]
[0.61901516]
[0.69119674]
[0.68523407]
[0.6513511]
[0.65601844]
[0.7118318]
[0.67838216]
[0.6777638]
[0.6433568]
[0.66638917]
[0.6936984]
[0.7358438]
[0.54442674]
[0.60411227]
[0.7302105]
[0.6110794]
[0.6174833]
[0.7700573]
[0.7157577]
[0.69370663]
[0.605774]
[0.6938528]
[0.70596284]
[0.6861758]
[0.63812906]
[0.63664806]
[0.6401962]
[0.6996567]
[0.6508515]
[0.71502936]
[0.6253676]
[0.5710441]
[0.6189114]
[0.61199737]
[0.6357865]
[0.6341551]
[0.7278874]
[0.62681913]
[0.67552876]
[0.6653372]
[0.6071441]
[0.66865075]
[0.66018057]
[0.6225242]
608.3441
epoch:125	 time:31.577507972717285
[0.6601495]
[0.6563901]
[0.69110614]
[0.6606217]
[0.72255653]
[0.59583396]
[0.64614403]
[0.6841724]
[0.65392464]
[0.71702766]
[0.6337058]
[0.700157]
[0.56735563]
[0.61613077]
[0.6753894]
[0.6668637]
[0.5934354]
[0.66345924]
[0.70517874]
[0.6935863]
[0.5973061]
[0.6723461]
[0.69993365]
[0.6702388]
[0.6214163]
[0.65791184]
[0.61955184]
[0.6287981]
[0.6612866]
[0.69239813]
[0.6796901]
[0.694558]
[0.664677]
[0.6994529]
[0.6492639]
[0.5990032]
[0.65233916]
[0.58710366]
[0.6358095]
[0.7048933]
[0.5800172]
[0.6238626]
[0.6868812]
[0.60793567]
[0.72953993]
574.41144
epoch:126	 time:30.353233337402344
time elapsed of EmbeddingSimilarity: 23.425262212753296
time elapsed of nll-test: 15.272087574005127
time elapsed of Bleu: 360.4864926338196
time elapsed of Self-Bleu: 21.028082847595215
epoch:126	EmbeddingSimilarity:-0.01205186553452114	nll-test:0.8653964	Bleu:0.6879870395351195	Self-Bleu:0.511415927056067	
[0.62788856]
[0.74295247]
[0.7188594]
[0.75403583]
[0.6831901]
[0.65858495]
[0.6790408]
[0.6915149]
[0.7497141]
[0.6224593]
[0.6513814]
[0.6585368]
[0.6087566]
[0.59151065]
[0.6611883]
[0.5937678]
[0.63357276]
[0.58291745]
[0.6634332]
[0.58009213]
[0.6619122]
[0.62944853]
[0.59365195]
[0.5792973]
[0.7164608]
[0.64957035]
[0.7113742]
[0.73255]
[0.72050923]
[0.67173225]
[0.68361247]
[0.6390619]
[0.6724583]
[0.6277575]
[0.6167979]
[0.6158309]
[0.6974724]
[0.7179494]
[0.682139]
[0.52629775]
[0.64851815]
[0.6771759]
[0.60339415]
[0.6175774]
[0.6817967]
558.337
epoch:127	 time:31.562450170516968
[0.66357493]
[0.61049855]
[0.62572247]
[0.71177816]
[0.6566855]
[0.71200037]
[0.6124062]
[0.6103969]
[0.6967035]
[0.77859885]
[0.75435233]
[0.7112604]
[0.6354664]
[0.6509929]
[0.62123436]
[0.6658649]
[0.6017059]
[0.59182227]
[0.61922085]
[0.6942894]
[0.7448332]
[0.7184454]
[0.5539474]
[0.65321386]
[0.6549118]
[0.5892371]
[0.6910884]
[0.6690143]
[0.63195086]
[0.6718151]
[0.6417671]
[0.6438801]
[0.64550096]
[0.66170776]
[0.67662317]
[0.61730546]
[0.6503353]
[0.69297326]
[0.6486006]
[0.6880854]
[0.65511316]
[0.60928154]
[0.7025699]
[0.5882168]
[0.5967262]
696.59204
epoch:128	 time:31.109395742416382
[0.6563118]
[0.66457564]
[0.6680232]
[0.64595604]
[0.6116071]
[0.68883586]
[0.6417065]
[0.61666423]
[0.68463767]
[0.6580143]
[0.71352416]
[0.5715078]
[0.7162862]
[0.7168682]
[0.67216253]
[0.6111574]
[0.705814]
[0.6789855]
[0.64462745]
[0.62750155]
[0.6382463]
[0.6916002]
[0.6223018]
[0.60697085]
[0.65713006]
[0.6455882]
[0.6605274]
[0.6672342]
[0.5934104]
[0.644628]
[0.69793797]
[0.5721104]
[0.5591861]
[0.6121473]
[0.6600876]
[0.60799414]
[0.6367041]
[0.6659764]
[0.7486565]
[0.61389357]
[0.6336312]
[0.7248808]
[0.68934405]
[0.6754509]
[0.6772387]
642.11475
epoch:129	 time:31.429818630218506
[0.6726249]
[0.67612875]
[0.677582]
[0.68731856]
[0.6392515]
[0.6445308]
[0.6693106]
[0.6659595]
[0.6436285]
[0.5774511]
[0.5921274]
[0.6052771]
[0.6938797]
[0.6439228]
[0.5985355]
[0.6880562]
[0.67038125]
[0.6784181]
[0.6334733]
[0.6157603]
[0.5871512]
[0.679685]
[0.5881567]
[0.6081924]
[0.5407821]
[0.61116433]
[0.6589238]
[0.5665267]
[0.61931074]
[0.6173059]
[0.59794533]
[0.74695545]
[0.5638114]
[0.5703679]
[0.6499796]
[0.64365506]
[0.65324223]
[0.6761054]
[0.63470083]
[0.5966133]
[0.62050325]
[0.634454]
[0.58551925]
[0.6037907]
[0.6751731]
664.63416
epoch:130	 time:31.20037269592285
[0.5690073]
[0.68013865]
[0.6308446]
[0.5994962]
[0.79631215]
[0.6576035]
[0.72046036]
[0.58777034]
[0.6370443]
[0.65981895]
[0.6254547]
[0.6401931]
[0.5979946]
[0.63091487]
[0.65113944]
[0.6318011]
[0.5767898]
[0.7533996]
[0.65697646]
[0.68661344]
[0.6066123]
[0.7062422]
[0.6556605]
[0.5806219]
[0.7262704]
[0.57477796]
[0.5453645]
[0.6435387]
[0.65949804]
[0.6417713]
[0.68046594]
[0.6371003]
[0.6407083]
[0.6728625]
[0.66448253]
[0.6665102]
[0.6927893]
[0.62659514]
[0.6566007]
[0.62669855]
[0.6481508]
[0.6779457]
[0.6497633]
[0.64468133]
[0.61264604]
614.06726
epoch:131	 time:30.569093942642212
time elapsed of EmbeddingSimilarity: 23.41239595413208
time elapsed of nll-test: 15.442951202392578
time elapsed of Bleu: 358.8197932243347
time elapsed of Self-Bleu: 21.137827396392822
epoch:131	EmbeddingSimilarity:-0.012403748675105526	nll-test:0.87450856	Bleu:0.6853779052430127	Self-Bleu:0.511415927056067	
[0.58887136]
[0.6867688]
[0.6238591]
[0.7026071]
[0.62029266]
[0.66970843]
[0.6316444]
[0.6021928]
[0.59024346]
[0.7201077]
[0.6437377]
[0.6351343]
[0.6043502]
[0.61891055]
[0.6434088]
[0.61759007]
[0.66318387]
[0.70269406]
[0.68721837]
[0.6726404]
[0.62513804]
[0.65251786]
[0.6145656]
[0.70485884]
[0.63730204]
[0.72564507]
[0.6592583]
[0.6184664]
[0.6402053]
[0.68987215]
[0.6448895]
[0.63925683]
[0.64685816]
[0.63849676]
[0.63008386]
[0.6183535]
[0.58853006]
[0.654719]
[0.654004]
[0.54913163]
[0.6235397]
[0.7113809]
[0.5507499]
[0.66947424]
[0.51943827]
725.1626
epoch:132	 time:31.19850492477417
[0.58553576]
[0.63941073]
[0.57109696]
[0.6651974]
[0.7245888]
[0.648551]
[0.73110944]
[0.65402067]
[0.725075]
[0.605609]
[0.68737686]
[0.6650843]
[0.5628015]
[0.6704582]
[0.59564257]
[0.6730517]
[0.59859425]
[0.6949535]
[0.64904493]
[0.63190216]
[0.66828877]
[0.7669893]
[0.62259185]
[0.68030304]
[0.62879]
[0.6869243]
[0.63760656]
[0.6867285]
[0.6750776]
[0.6541702]
[0.636222]
[0.6331851]
[0.5789521]
[0.601036]
[0.63740855]
[0.61193067]
[0.6354522]
[0.7232193]
[0.66968936]
[0.71595675]
[0.7475249]
[0.7185058]
[0.7263187]
[0.6534802]
[0.6205759]
592.8957
epoch:133	 time:30.96660089492798
[0.6243336]
[0.63143003]
[0.65105426]
[0.6357063]
[0.6264136]
[0.6504076]
[0.618721]
[0.53561205]
[0.64705515]
[0.69184816]
[0.6550389]
[0.65687066]
[0.6167983]
[0.64298356]
[0.6787884]
[0.6176523]
[0.64910454]
[0.72805995]
[0.67036074]
[0.7344357]
[0.6487954]
[0.64244264]
[0.5962281]
[0.7544036]
[0.7386792]
[0.5950652]
[0.65430045]
[0.7513245]
[0.691074]
[0.6780769]
[0.59462136]
[0.6770027]
[0.70771986]
[0.60193044]
[0.6240259]
[0.59340787]
[0.5878413]
[0.6443385]
[0.65152144]
[0.62907076]
[0.6955783]
[0.6529435]
[0.6555547]
[0.6369231]
[0.6088662]
660.61096
epoch:134	 time:30.81048583984375
[0.59132314]
[0.67694384]
[0.60038567]
[0.5979072]
[0.647089]
[0.51241034]
[0.6459706]
[0.5939406]
[0.72188866]
[0.66087115]
[0.69207233]
[0.70722574]
[0.6524706]
[0.7006397]
[0.7035018]
[0.65013295]
[0.6409743]
[0.684218]
[0.6443167]
[0.629769]
[0.68522906]
[0.6071473]
[0.6167449]
[0.6006434]
[0.6776502]
[0.7278035]
[0.67690796]
[0.59008765]
[0.67394423]
[0.66582257]
[0.6181575]
[0.61917865]
[0.6687243]
[0.65243137]
[0.6517561]
[0.6045128]
[0.5809487]
[0.62177724]
[0.6452744]
[0.7385763]
[0.6867362]
[0.6307286]
[0.70720816]
[0.637527]
[0.6175929]
706.3777
epoch:135	 time:31.10125470161438
[0.65881836]
[0.6464697]
[0.6172812]
[0.5811496]
[0.73417675]
[0.5979996]
[0.60940766]
[0.6316458]
[0.72349405]
[0.58614737]
[0.7407638]
[0.61905]
[0.6628768]
[0.64101905]
[0.605792]
[0.63501394]
[0.74521744]
[0.61200887]
[0.6362507]
[0.6710396]
[0.5834051]
[0.6558978]
[0.647764]
[0.71714705]
[0.60320204]
[0.6208428]
[0.7555415]
[0.5559171]
[0.5800989]
[0.64774907]
[0.56674695]
[0.60491365]
[0.67456114]
[0.67681754]
[0.73150074]
[0.6942174]
[0.64358944]
[0.6180963]
[0.6371904]
[0.643155]
[0.66664267]
[0.68107575]
[0.594666]
[0.69491136]
[0.64696383]
694.1256
epoch:136	 time:30.68484115600586
time elapsed of EmbeddingSimilarity: 23.119065284729004
time elapsed of nll-test: 15.111572265625
time elapsed of Bleu: 357.01854062080383
time elapsed of Self-Bleu: 21.131908178329468
epoch:136	EmbeddingSimilarity:-0.012587070123390073	nll-test:0.88275987	Bleu:0.6821476309116759	Self-Bleu:0.511415927056067	
[0.6706901]
[0.74462366]
[0.6456527]
[0.61917883]
[0.62811697]
[0.66080344]
[0.68870854]
[0.65502876]
[0.62960684]
[0.7045258]
[0.5382198]
[0.64713556]
[0.6782152]
[0.67402565]
[0.66278994]
[0.6566866]
[0.65756494]
[0.6317929]
[0.61909455]
[0.7103958]
[0.67870915]
[0.61024815]
[0.57327497]
[0.6805076]
[0.6663989]
[0.6132167]
[0.59387195]
[0.61009073]
[0.61789083]
[0.5918635]
[0.5761352]
[0.569809]
[0.61918736]
[0.7516942]
[0.6358351]
[0.6952011]
[0.7024793]
[0.6354052]
[0.5996979]
[0.7347058]
[0.6705399]
[0.69458616]
[0.6496256]
[0.645826]
[0.6311405]
607.05334
epoch:137	 time:30.18692922592163
[0.61749434]
[0.66527474]
[0.6741005]
[0.69576746]
[0.6463701]
[0.63427526]
[0.62731904]
[0.64265734]
[0.68712246]
[0.76860374]
[0.68800443]
[0.61644906]
[0.63687414]
[0.6471814]
[0.5671052]
[0.6246065]
[0.6237402]
[0.60092807]
[0.681423]
[0.7286613]
[0.6503141]
[0.6572268]
[0.6905216]
[0.57247484]
[0.6809129]
[0.61514896]
[0.6983313]
[0.64152753]
[0.6400396]
[0.6668989]
[0.6399604]
[0.6118573]
[0.6378353]
[0.63076454]
[0.59034747]
[0.64544773]
[0.6569803]
[0.7572359]
[0.66667837]
[0.6241612]
[0.6462809]
[0.7107924]
[0.6111394]
[0.5935652]
[0.6626293]
535.3962
epoch:138	 time:30.9731502532959
[0.6522566]
[0.68423426]
[0.63670266]
[0.7314379]
[0.71635336]
[0.61686826]
[0.6272595]
[0.6409205]
[0.65287846]
[0.6516787]
[0.7300718]
[0.71212155]
[0.7059251]
[0.72216]
[0.6350941]
[0.5879526]
[0.66548806]
[0.652846]
[0.6160867]
[0.65673006]
[0.6719619]
[0.67620784]
[0.6233042]
[0.66361636]
[0.6311918]
[0.61364114]
[0.68477875]
[0.6346433]
[0.69101197]
[0.61455995]
[0.6236197]
[0.6127203]
[0.5951618]
[0.6527879]
[0.6222919]
[0.617446]
[0.59207714]
[0.60931337]
[0.6256022]
[0.6355824]
[0.67384773]
[0.5407005]
[0.6614055]
[0.6491952]
[0.55733055]
585.62354
epoch:139	 time:30.932382345199585
[0.5465642]
[0.55243045]
[0.6371976]
[0.7127475]
[0.69933736]
[0.6023328]
[0.60916525]
[0.64427394]
[0.6433434]
[0.6522359]
[0.6360835]
[0.6046898]
[0.6458025]
[0.6446168]
[0.6948128]
[0.6486944]
[0.73394704]
[0.6229875]
[0.6860538]
[0.61021364]
[0.6107767]
[0.5651771]
[0.657749]
[0.58423746]
[0.69164383]
[0.6775846]
[0.6487237]
[0.63315856]
[0.62273365]
[0.60245705]
[0.6221694]
[0.59238064]
[0.53449595]
[0.6400405]
[0.60894275]
[0.6412416]
[0.8403737]
[0.57853425]
[0.6294914]
[0.648162]
[0.582818]
[0.6322271]
[0.6400467]
[0.640571]
[0.6211276]
664.30035
epoch:140	 time:30.860617637634277
[0.57666165]
[0.64173186]
[0.6863169]
[0.62027824]
[0.5985543]
[0.6634114]
[0.66647387]
[0.60280764]
[0.6360587]
[0.6045071]
[0.71320826]
[0.6072564]
[0.6680997]
[0.6615016]
[0.60885394]
[0.6350722]
[0.59285706]
[0.60804814]
[0.5809825]
[0.6770107]
[0.59569925]
[0.6614387]
[0.66793925]
[0.6564361]
[0.67164725]
[0.6765715]
[0.68109834]
[0.6066341]
[0.61423445]
[0.57853097]
[0.59125334]
[0.54343456]
[0.62489545]
[0.59578085]
[0.58569187]
[0.7061346]
[0.5696616]
[0.62231886]
[0.6639566]
[0.6337423]
[0.6158235]
[0.63264453]
[0.6106441]
[0.59615326]
[0.6205742]
648.13684
epoch:141	 time:31.07789897918701
time elapsed of EmbeddingSimilarity: 23.091203212738037
time elapsed of nll-test: 15.516300439834595
time elapsed of Bleu: 366.1989691257477
time elapsed of Self-Bleu: 21.953779458999634
epoch:141	EmbeddingSimilarity:-0.012327905854858627	nll-test:0.89636964	Bleu:0.67808225687928	Self-Bleu:0.511415927056067	
[0.6814892]
[0.5923059]
[0.5581212]
[0.65528095]
[0.71090114]
[0.6952336]
[0.6244376]
[0.614315]
[0.6128562]
[0.57305235]
[0.6676242]
[0.6428323]
[0.6544152]
[0.62348247]
[0.605842]
[0.60036534]
[0.66586584]
[0.5957284]
[0.63577795]
[0.69437313]
[0.6871605]
[0.6374034]
[0.5830607]
[0.6139027]
[0.5981608]
[0.62897074]
[0.65326226]
[0.6480434]
[0.6803724]
[0.72265744]
[0.62471884]
[0.6670743]
[0.56950986]
[0.65790564]
[0.69970196]
[0.67285246]
[0.63284206]
[0.6042469]
[0.5574053]
[0.55820626]
[0.6441101]
[0.5371006]
[0.6742456]
[0.6642396]
[0.6503115]
761.8521
epoch:142	 time:30.994499921798706
[0.63349557]
[0.643308]
[0.6425992]
[0.62607384]
[0.5832311]
[0.6267148]
[0.63359517]
[0.58546793]
[0.7036871]
[0.66506624]
[0.67019576]
[0.6044981]
[0.6642187]
[0.6328226]
[0.6726003]
[0.61618996]
[0.5905482]
[0.5950907]
[0.6024028]
[0.5577914]
[0.5949991]
[0.51661557]
[0.6701227]
[0.6147833]
[0.5833107]
[0.61368686]
[0.60722595]
[0.6390091]
[0.6145882]
[0.5957934]
[0.6557948]
[0.6131597]
[0.68643975]
[0.69852614]
[0.62241423]
[0.5561769]
[0.63582486]
[0.5659837]
[0.5704159]
[0.67418987]
[0.7031763]
[0.6095981]
[0.60989803]
[0.63016933]
[0.6899348]
698.64325
epoch:143	 time:31.049975156784058
[0.5849329]
[0.5945662]
[0.67840165]
[0.6816718]
[0.5408868]
[0.5800794]
[0.62020725]
[0.6376983]
[0.6199422]
[0.6016222]
[0.639323]
[0.59787357]
[0.6126222]
[0.5993858]
[0.58728474]
[0.5981154]
[0.6293419]
[0.6657107]
[0.70422184]
[0.6412013]
[0.63936067]
[0.57898706]
[0.6328003]
[0.5910522]
[0.64442676]
[0.5819547]
[0.69009376]
[0.6183505]
[0.6505591]
[0.5865466]
[0.6071179]
[0.55763745]
[0.620494]
[0.6569684]
[0.625931]
[0.6302229]
[0.5527806]
[0.60602075]
[0.6294342]
[0.6031123]
[0.598318]
[0.58614206]
[0.577814]
[0.58214015]
[0.663129]
640.4422
epoch:144	 time:31.532983779907227
[0.63996345]
[0.54639]
[0.58030766]
[0.6280407]
[0.56160384]
[0.6254581]
[0.6238792]
[0.6093321]
[0.658412]
[0.53744805]
[0.65783334]
[0.58285934]
[0.5868616]
[0.6675546]
[0.6591043]
[0.58771676]
[0.68613434]
[0.676369]
[0.56366384]
[0.60323817]
[0.6487402]
[0.6272875]
[0.5987213]
[0.6089387]
[0.68148977]
[0.6029634]
[0.57627606]
[0.6752296]
[0.6162339]
[0.65766346]
[0.63433325]
[0.5886758]
[0.60847086]
[0.5263727]
[0.6134923]
[0.5799893]
[0.62045735]
[0.5554402]
[0.55785245]
[0.55868]
[0.5829689]
[0.63319576]
[0.6384156]
[0.63621604]
[0.62583965]
533.53314
epoch:145	 time:30.881442308425903
[0.6325742]
[0.6835561]
[0.62370527]
[0.58560866]
[0.62450117]
[0.5447849]
[0.6164274]
[0.55421674]
[0.6311248]
[0.53705406]
[0.6456789]
[0.67614555]
[0.59191287]
[0.5524615]
[0.53477854]
[0.6503644]
[0.55008805]
[0.6019124]
[0.6124561]
[0.6090755]
[0.669755]
[0.6718208]
[0.61907256]
[0.6024823]
[0.5924261]
[0.6379886]
[0.55637294]
[0.6757773]
[0.6336136]
[0.66761726]
[0.6215623]
[0.6136337]
[0.6776292]
[0.5764029]
[0.53293985]
[0.58459026]
[0.54548573]
[0.6576888]
[0.636878]
[0.591884]
[0.6970452]
[0.68034226]
[0.63158923]
[0.6609209]
[0.658661]
598.0675
epoch:146	 time:31.177443981170654
time elapsed of EmbeddingSimilarity: 23.47995114326477
time elapsed of nll-test: 15.285545349121094
time elapsed of Bleu: 358.8056306838989
time elapsed of Self-Bleu: 22.8874032497406
epoch:146	EmbeddingSimilarity:-0.012986500292102634	nll-test:0.91494083	Bleu:0.6635457963683107	Self-Bleu:0.511415927056067	
[0.5716891]
[0.65034926]
[0.64965653]
[0.619577]
[0.64179206]
[0.60153085]
[0.6168214]
[0.5541993]
[0.65899986]
[0.5998902]
[0.55183375]
[0.5439489]
[0.66620535]
[0.5994345]
[0.55223435]
[0.60173786]
[0.56732184]
[0.5535683]
[0.5575373]
[0.58902663]
[0.61123884]
[0.52067274]
[0.5962939]
[0.5828682]
[0.6211022]
[0.620567]
[0.640425]
[0.6052464]
[0.55853033]
[0.63604414]
[0.6277902]
[0.6162961]
[0.6425022]
[0.66947937]
[0.63993305]
[0.6122253]
[0.5391569]
[0.53582686]
[0.58070254]
[0.6077204]
[0.61626935]
[0.601556]
[0.6091824]
[0.57635725]
[0.49099812]
664.954
epoch:147	 time:30.557703733444214
[0.626279]
[0.5674756]
[0.63373744]
[0.62465745]
[0.5646024]
[0.5558089]
[0.6058375]
[0.5540933]
[0.6283239]
[0.5737311]
[0.56634146]
[0.5791646]
[0.60662603]
[0.6534779]
[0.539633]
[0.54608464]
[0.55734295]
[0.619524]
[0.54174125]
[0.61820644]
[0.71628886]
[0.67385966]
[0.6106647]
[0.5390979]
[0.52902883]
[0.53439015]
[0.634909]
[0.60012424]
[0.6458675]
[0.5473603]
[0.54084617]
[0.6408022]
[0.58864164]
[0.60918754]
[0.60710645]
[0.62709045]
[0.602916]
[0.61272866]
[0.5758992]
[0.5478587]
[0.6504267]
[0.6147221]
[0.5924417]
[0.6718713]
[0.5808824]
731.4423
epoch:148	 time:30.773767471313477
[0.6351931]
[0.57779175]
[0.5570455]
[0.62643373]
[0.6616753]
[0.6113817]
[0.5983447]
[0.5916121]
[0.5258202]
[0.5974845]
[0.5707156]
[0.5445236]
[0.5765517]
[0.62072784]
[0.6237218]
[0.59770447]
[0.624365]
[0.5830805]
[0.60913897]
[0.6905302]
[0.58472455]
[0.5694463]
[0.55039537]
[0.4744064]
[0.53256696]
[0.6229932]
[0.54244983]
[0.5143003]
[0.586527]
[0.58947766]
[0.57308257]
[0.5826161]
[0.56717825]
[0.6508896]
[0.4700131]
[0.5837779]
[0.5427396]
[0.5901419]
[0.6262863]
[0.53602344]
[0.58168]
[0.6890598]
[0.64552855]
[0.71625537]
[0.5509914]
668.59717
epoch:149	 time:31.503984212875366
[0.6262697]
[0.571092]
[0.6865372]
[0.6870969]
[0.6177065]
[0.6069715]
[0.5978334]
[0.6033987]
[0.5068322]
[0.6480791]
[0.5740054]
[0.58388925]
[0.58834964]
[0.54292816]
[0.5747857]
[0.494744]
[0.53727174]
[0.5477448]
[0.5701742]
[0.5401482]
[0.5787661]
[0.6043142]
[0.5633538]
[0.64298755]
[0.6455369]
[0.51387674]
[0.6191715]
[0.60545427]
[0.6482712]
[0.6035021]
[0.5712205]
[0.5489208]
[0.51224]
[0.61126333]
[0.5681385]
[0.5932529]
[0.5270065]
[0.5733883]
[0.6099459]
[0.57327294]
[0.607168]
[0.57651615]
[0.61030865]
[0.5359458]
[0.5978334]
655.93463
epoch:150	 time:30.923280000686646
[0.52213645]
[0.6242149]
[0.5686416]
[0.5587763]
[0.6127475]
[0.5837846]
[0.59020275]
[0.5887046]
[0.5867804]
[0.51752806]
[0.56656295]
[0.5354971]
[0.5594594]
[0.5543457]
[0.5912014]
[0.63267845]
[0.46331066]
[0.5808735]
[0.65303874]
[0.65563905]
[0.5642585]
[0.5717689]
[0.56691706]
[0.59707636]
[0.57350385]
[0.5772093]
[0.6134779]
[0.602041]
[0.5449174]
[0.5696678]
[0.5239022]
[0.6606393]
[0.48165655]
[0.5783772]
[0.504152]
[0.5739671]
[0.5779491]
[0.54442585]
[0.5141726]
[0.5789453]
[0.536288]
[0.5863999]
[0.6069176]
[0.5411191]
[0.66703063]
524.1389
epoch:151	 time:31.07408571243286
time elapsed of EmbeddingSimilarity: 23.3259699344635
time elapsed of nll-test: 15.668163776397705
time elapsed of Bleu: 365.08732199668884
time elapsed of Self-Bleu: 21.546170473098755
epoch:151	EmbeddingSimilarity:-0.013523038790610542	nll-test:0.9298706	Bleu:0.6553113759209253	Self-Bleu:0.511415927056067	
[0.47468752]
[0.46572474]
[0.5388137]
[0.57847494]
[0.5843857]
[0.5574918]
[0.5605917]
[0.6186024]
[0.4595902]
[0.54654366]
[0.6588918]
[0.604215]
[0.6598646]
[0.55291164]
[0.5081781]
[0.62926096]
[0.58516824]
[0.4945761]
[0.57892734]
[0.58039254]
[0.56724066]
[0.5989129]
[0.57133204]
[0.5860162]
[0.55078924]
[0.5610281]
[0.5520032]
[0.5227449]
[0.48031038]
[0.57779217]
[0.55708903]
[0.5564751]
[0.60773313]
[0.5748342]
[0.59748507]
[0.5351993]
[0.55096865]
[0.532706]
[0.5452412]
[0.5831637]
[0.5324447]
[0.5185585]
[0.55891216]
[0.5523068]
[0.5848699]
563.56067
epoch:152	 time:30.999252796173096
[0.5991945]
[0.56992203]
[0.62042576]
[0.5897382]
[0.5607866]
[0.6116846]
[0.58056897]
[0.6944381]
[0.50825405]
[0.4845551]
[0.6021333]
[0.56627756]
[0.5683212]
[0.566038]
[0.55070996]
[0.43806374]
[0.5065789]
[0.5439632]
[0.53288376]
[0.603169]
[0.5752701]
[0.52825576]
[0.55003434]
[0.5935185]
[0.49441695]
[0.5614952]
[0.5039978]
[0.6118075]
[0.61909705]
[0.5496169]
[0.56540984]
[0.5014071]
[0.62386644]
[0.4605982]
[0.4879553]
[0.54982525]
[0.58245254]
[0.53580874]
[0.58427304]
[0.5689753]
[0.62422013]
[0.6748701]
[0.6247294]
[0.54671484]
[0.56412405]
586.13525
epoch:153	 time:31.770700216293335
[0.51171684]
[0.57799625]
[0.5481452]
[0.50810057]
[0.5452205]
[0.47056687]
[0.5439731]
[0.6044438]
[0.5357422]
[0.5271651]
[0.56072843]
[0.54323655]
[0.49521673]
[0.5566485]
[0.6579845]
[0.5952706]
[0.59094226]
[0.59537303]
[0.4877918]
[0.59291583]
[0.55919516]
[0.5909181]
[0.49917087]
[0.5919478]
[0.5446905]
[0.5218398]
[0.5182499]
[0.5290515]
[0.497085]
[0.53337973]
[0.48876235]
[0.43190512]
[0.5555533]
[0.5344984]
[0.50350165]
[0.6324752]
[0.55775726]
[0.59936994]
[0.5515231]
[0.5643992]
[0.60739094]
[0.47551382]
[0.49738693]
[0.57250047]
[0.46176308]
469.91483
epoch:154	 time:31.352855920791626
[0.4854349]
[0.51376283]
[0.55859333]
[0.5002765]
[0.66914916]
[0.5014095]
[0.5044338]
[0.5352702]
[0.5647732]
[0.6844901]
[0.5225367]
[0.59225136]
[0.48680726]
[0.5364572]
[0.5589271]
[0.51002073]
[0.5647814]
[0.5039653]
[0.59211093]
[0.54614466]
[0.6266038]
[0.47848296]
[0.4899006]
[0.6548297]
[0.48299852]
[0.47939473]
[0.56657434]
[0.4981879]
[0.5859153]
[0.6209519]
[0.5544662]
[0.434941]
[0.68571115]
[0.529461]
[0.4940777]
[0.52127707]
[0.6139111]
[0.54695076]
[0.5528659]
[0.5178181]
[0.6458093]
[0.57989967]
[0.61315316]
[0.6187866]
[0.46374926]
539.8744
epoch:155	 time:30.040781497955322
[0.6156358]
[0.50883067]
[0.5334969]
[0.57196087]
[0.58419466]
[0.61352915]
[0.5441121]
[0.49857718]
[0.566061]
[0.62944543]
[0.5706737]
[0.63899726]
[0.59135723]
[0.5292046]
[0.5430649]
[0.57848924]
[0.57223594]
[0.55818427]
[0.46397933]
[0.6242634]
[0.5698767]
[0.6104867]
[0.53891385]
[0.5568951]
[0.46860904]
[0.5553938]
[0.5679085]
[0.5480042]
[0.520888]
[0.5990336]
[0.5484693]
[0.5834116]
[0.54433477]
[0.50158983]
[0.5560621]
[0.5098803]
[0.5114351]
[0.59105223]
[0.58696645]
[0.49490875]
[0.5912735]
[0.47824895]
[0.47353557]
[0.4779302]
[0.48484161]
606.4662
epoch:156	 time:31.186394214630127
time elapsed of EmbeddingSimilarity: 22.908899784088135
time elapsed of nll-test: 15.194650650024414
time elapsed of Bleu: 365.9803276062012
time elapsed of Self-Bleu: 21.76688504219055
epoch:156	EmbeddingSimilarity:-0.013743029228064887	nll-test:0.94260484	Bleu:0.6463132138435562	Self-Bleu:0.511415927056067	
[0.5399854]
[0.49049073]
[0.5395514]
[0.56962764]
[0.5920593]
[0.61723614]
[0.55123204]
[0.57021815]
[0.6034322]
[0.44868517]
[0.4927365]
[0.58113587]
[0.5655995]
[0.47779605]
[0.6699977]
[0.56891686]
[0.46362615]
[0.5345382]
[0.5232131]
[0.59342825]
[0.5705716]
[0.46899715]
[0.5913051]
[0.5678847]
[0.5308392]
[0.58961695]
[0.50717926]
[0.50335383]
[0.47150394]
[0.5256763]
[0.6162708]
[0.56784695]
[0.5041403]
[0.58977205]
[0.61827195]
[0.44460976]
[0.6663221]
[0.45785463]
[0.5235138]
[0.62191737]
[0.51025474]
[0.5932766]
[0.50107855]
[0.51128787]
[0.61270857]
574.1074
epoch:157	 time:31.114712953567505
[0.6037627]
[0.525273]
[0.6468289]
[0.6132522]
[0.5961639]
[0.5196386]
[0.5663752]
[0.58948004]
[0.49694476]
[0.49638793]
[0.585396]
[0.66969776]
[0.55120367]
[0.57066125]
[0.6683965]
[0.4871749]
[0.5307686]
[0.6734141]
[0.5730749]
[0.6102029]
[0.50827575]
[0.49962267]
[0.6762015]
[0.644828]
[0.57682276]
[0.5899273]
[0.49253184]
[0.53158283]
[0.5124445]
[0.60505694]
[0.5761116]
[0.52354264]
[0.6115191]
[0.5021215]
[0.489674]
[0.5493359]
[0.5048784]
[0.5459688]
[0.5853874]
[0.5320603]
[0.5675069]
[0.518885]
[0.48192373]
[0.67816705]
[0.54865915]
506.58276
epoch:158	 time:30.95224404335022
[0.42373362]
[0.5274767]
[0.67276496]
[0.61750424]
[0.6502613]
[0.5911907]
[0.5796246]
[0.5636511]
[0.61823756]
[0.5631515]
[0.50032526]
[0.55895954]
[0.58206093]
[0.63823056]
[0.58449703]
[0.58225924]
[0.6119494]
[0.5271421]
[0.5812417]
[0.5781641]
[0.580128]
[0.61694944]
[0.556571]
[0.5372514]
[0.50099397]
[0.46195662]
[0.4996274]
[0.5090975]
[0.47588828]
[0.67246634]
[0.47708908]
[0.6010523]
[0.63681716]
[0.5269682]
[0.5293154]
[0.6016882]
[0.55104077]
[0.48664892]
[0.50300914]
[0.5356201]
[0.6499309]
[0.4941539]
[0.5204831]
[0.50984097]
[0.5717759]
585.54877
epoch:159	 time:31.05956244468689
[0.61548865]
[0.5035871]
[0.4725279]
[0.6294085]
[0.58933336]
[0.4871604]
[0.58068]
[0.4826967]
[0.52567625]
[0.48843047]
[0.43819848]
[0.50486356]
[0.5120449]
[0.49346188]
[0.5656774]
[0.5003982]
[0.523855]
[0.47199064]
[0.59351]
[0.51713943]
[0.64703476]
[0.6237434]
[0.5393859]
[0.5669371]
[0.72792995]
[0.6217967]
[0.59028006]
[0.56754285]
[0.5943346]
[0.6104084]
[0.47429356]
[0.49195975]
[0.57280797]
[0.6125375]
[0.5076837]
[0.5045718]
[0.49707037]
[0.52189684]
[0.591272]
[0.5595169]
[0.61570656]
[0.5117656]
[0.5587369]
[0.566821]
[0.54855144]
584.4923
epoch:160	 time:30.85339331626892
[0.58776224]
[0.50191015]
[0.54573274]
[0.5490686]
[0.50219315]
[0.5651987]
[0.59555167]
[0.5761977]
[0.61085075]
[0.5509482]
[0.506752]
[0.6300045]
[0.61748356]
[0.48511535]
[0.5897459]
[0.5549809]
[0.5266066]
[0.56907046]
[0.5563101]
[0.5888226]
[0.58478034]
[0.5109174]
[0.46807295]
[0.5655393]
[0.54596156]
[0.5398495]
[0.5331345]
[0.6048625]
[0.5613946]
[0.5932081]
[0.63424164]
[0.4962161]
[0.5540723]
[0.46663117]
[0.6403815]
[0.6761173]
[0.52303404]
[0.56581044]
[0.5414648]
[0.5716228]
[0.59617347]
[0.59778583]
[0.5320504]
[0.67751956]
[0.5781145]
504.93582
epoch:161	 time:30.700066566467285
time elapsed of EmbeddingSimilarity: 22.703150033950806
time elapsed of nll-test: 15.406868696212769
time elapsed of Bleu: 359.0884041786194
time elapsed of Self-Bleu: 21.886228561401367
epoch:161	EmbeddingSimilarity:-0.01385533236147608	nll-test:0.9475238	Bleu:0.6520920702477856	Self-Bleu:0.511415927056067	
[0.5318505]
[0.49040574]
[0.5551189]
[0.5004667]
[0.60662764]
[0.5281286]
[0.6431828]
[0.47589198]
[0.5623655]
[0.633571]
[0.5794566]
[0.5623792]
[0.52199215]
[0.58672607]
[0.54792297]
[0.6023388]
[0.6120978]
[0.5174286]
[0.5500689]
[0.5026342]
[0.6791899]
[0.5848751]
[0.5655198]
[0.5184971]
[0.57992816]
[0.62688327]
[0.5882985]
[0.6116667]
[0.4938834]
[0.6158889]
[0.5758841]
[0.48014456]
[0.6027937]
[0.53970015]
[0.5959574]
[0.61249095]
[0.6401149]
[0.5987594]
[0.5867876]
[0.51950765]
[0.5072393]
[0.5213648]
[0.5494105]
[0.5266596]
[0.6009267]
800.1532
epoch:162	 time:31.17592430114746
[0.56336683]
[0.5224534]
[0.49832273]
[0.5762381]
[0.5397437]
[0.5808287]
[0.550074]
[0.54975545]
[0.5793302]
[0.5451546]
[0.55138326]
[0.5606602]
[0.5376763]
[0.56811386]
[0.51838756]
[0.5820962]
[0.59807885]
[0.58930093]
[0.5083113]
[0.63725835]
[0.5700197]
[0.5802278]
[0.56016135]
[0.59006613]
[0.5605523]
[0.62085307]
[0.5689525]
[0.5879735]
[0.5486877]
[0.54785067]
[0.5557297]
[0.47785446]
[0.5273075]
[0.5149855]
[0.5379312]
[0.5611385]
[0.60313827]
[0.57272226]
[0.57510364]
[0.57602686]
[0.5489941]
[0.52733344]
[0.5804589]
[0.48136735]
[0.5423599]
555.1227
epoch:163	 time:31.110217571258545
[0.6051804]
[0.5169189]
[0.604878]
[0.5762084]
[0.57031226]
[0.57071036]
[0.48088396]
[0.62030756]
[0.630139]
[0.637214]
[0.5939332]
[0.5585987]
[0.64227515]
[0.59397364]
[0.5467249]
[0.5127748]
[0.5966382]
[0.49096566]
[0.5783447]
[0.6076596]
[0.5932182]
[0.6223303]
[0.5877896]
[0.5236025]
[0.596302]
[0.6131655]
[0.588983]
[0.5009647]
[0.6440492]
[0.4618964]
[0.5386132]
[0.51000226]
[0.5365116]
[0.6550388]
[0.57531726]
[0.62811774]
[0.530408]
[0.59841365]
[0.5326266]
[0.46656582]
[0.56901103]
[0.63149905]
[0.5076923]
[0.6227068]
[0.5874189]
579.57385
epoch:164	 time:31.146941423416138
[0.4585602]
[0.52821463]
[0.5050787]
[0.5981007]
[0.5203253]
[0.5391231]
[0.5429471]
[0.49373046]
[0.5446758]
[0.48724657]
[0.4997281]
[0.5330611]
[0.5430056]
[0.571676]
[0.53960353]
[0.5365051]
[0.60921276]
[0.56104374]
[0.53252274]
[0.5390387]
[0.5164186]
[0.5399029]
[0.5209112]
[0.48924243]
[0.54219913]
[0.55721164]
[0.4869932]
[0.48925954]
[0.46528327]
[0.5306024]
[0.5750136]
[0.6204081]
[0.5654238]
[0.4579338]
[0.5903854]
[0.57522607]
[0.5672552]
[0.6185076]
[0.49821454]
[0.58717823]
[0.4911167]
[0.55227137]
[0.6044]
[0.6344979]
[0.50267285]
531.364
epoch:165	 time:30.538808345794678
[0.5925619]
[0.4946736]
[0.577155]
[0.58369595]
[0.59041876]
[0.63271856]
[0.5945749]
[0.55143976]
[0.54770094]
[0.60993487]
[0.5595036]
[0.5569942]
[0.5777725]
[0.46000114]
[0.5619218]
[0.54951984]
[0.5035705]
[0.6513972]
[0.5697468]
[0.6127665]
[0.5423101]
[0.5928568]
[0.5432313]
[0.6178323]
[0.49434748]
[0.62732685]
[0.52427]
[0.5735162]
[0.5397511]
[0.58796555]
[0.5734796]
[0.5946141]
[0.7541887]
[0.550871]
[0.53862655]
[0.59036934]
[0.5134578]
[0.63136953]
[0.6167836]
[0.5854283]
[0.5613382]
[0.51371795]
[0.58522785]
[0.54673916]
[0.58199674]
619.1268
epoch:166	 time:31.713463068008423
time elapsed of EmbeddingSimilarity: 23.749726057052612
time elapsed of nll-test: 15.444937229156494
time elapsed of Bleu: 363.30538988113403
time elapsed of Self-Bleu: 21.938192129135132
epoch:166	EmbeddingSimilarity:-0.013793135264842925	nll-test:0.9605398	Bleu:0.6694796461661923	Self-Bleu:0.511415927056067	
[0.53039867]
[0.5651536]
[0.5601816]
[0.53300416]
[0.59487844]
[0.61801124]
[0.5386456]
[0.48997942]
[0.54546803]
[0.5574082]
[0.61123794]
[0.58727425]
[0.4775079]
[0.5299965]
[0.6090119]
[0.54969704]
[0.46533477]
[0.5436992]
[0.47303438]
[0.4768434]
[0.5670454]
[0.4907578]
[0.56033534]
[0.58783627]
[0.5762696]
[0.6164103]
[0.5932927]
[0.5768644]
[0.5614272]
[0.51663804]
[0.51350176]
[0.57899797]
[0.51922756]
[0.59370387]
[0.52019864]
[0.57450813]
[0.5859666]
[0.5925358]
[0.6042572]
[0.5049895]
[0.58319485]
[0.5520755]
[0.526714]
[0.5603002]
[0.5683893]
553.93945
epoch:167	 time:31.274954557418823
[0.5456345]
[0.534514]
[0.572735]
[0.5312533]
[0.6243301]
[0.48253825]
[0.54346704]
[0.5724551]
[0.47936684]
[0.5181061]
[0.49347848]
[0.53511244]
[0.56357616]
[0.5895893]
[0.47119266]
[0.64074343]
[0.545725]
[0.48675016]
[0.5595053]
[0.48897326]
[0.5037363]
[0.56112075]
[0.5685927]
[0.5655906]
[0.4811723]
[0.54176974]
[0.43570423]
[0.5685543]
[0.5134219]
[0.58481973]
[0.6048262]
[0.5270517]
[0.48634195]
[0.5845482]
[0.60893506]
[0.5387302]
[0.50263447]
[0.57557666]
[0.496988]
[0.5321295]
[0.5748314]
[0.40068504]
[0.40796235]
[0.54295963]
[0.5838037]
511.79825
epoch:168	 time:31.031701803207397
[0.5328739]
[0.5495464]
[0.5595839]
[0.6177699]
[0.5356419]
[0.5458858]
[0.6453916]
[0.46946892]
[0.5682905]
[0.55240613]
[0.5747753]
[0.5055226]
[0.49740022]
[0.53528357]
[0.58038133]
[0.52245104]
[0.54492575]
[0.5409465]
[0.5792718]
[0.4871805]
[0.6093017]
[0.5056613]
[0.5682739]
[0.5358244]
[0.48931766]
[0.53977585]
[0.54022217]
[0.5482617]
[0.45334125]
[0.5504259]
[0.5425387]
[0.5710717]
[0.49032766]
[0.506173]
[0.5757107]
[0.491883]
[0.46282184]
[0.5240722]
[0.5568635]
[0.5454583]
[0.5629689]
[0.55509365]
[0.5154406]
[0.5184454]
[0.49508435]
531.197
epoch:169	 time:30.581281661987305
[0.5731692]
[0.5782387]
[0.5704385]
[0.5387067]
[0.59785163]
[0.5291677]
[0.48132473]
[0.57370013]
[0.5820058]
[0.59878236]
[0.60211813]
[0.4979754]
[0.5329117]
[0.47597724]
[0.531176]
[0.48068768]
[0.65092486]
[0.5679]
[0.4564686]
[0.53760654]
[0.49299383]
[0.4660343]
[0.47708154]
[0.4480011]
[0.50307226]
[0.5735869]
[0.5040517]
[0.5274145]
[0.56472564]
[0.51747423]
[0.589975]
[0.51345295]
[0.51149994]
[0.48107064]
[0.4733183]
[0.52217793]
[0.5974526]
[0.5647945]
[0.5666152]
[0.53445387]
[0.51599276]
[0.49463075]
[0.47460577]
[0.5015052]
[0.5012954]
573.86035
epoch:170	 time:30.98741602897644
[0.44965473]
[0.5742016]
[0.4069444]
[0.5452634]
[0.58164454]
[0.54990715]
[0.54248]
[0.4897521]
[0.59934795]
[0.4532721]
[0.5065929]
[0.5999376]
[0.49566826]
[0.4831326]
[0.46511835]
[0.550175]
[0.5560515]
[0.5403283]
[0.48676154]
[0.5695447]
[0.5682995]
[0.5056459]
[0.5347232]
[0.569534]
[0.49116895]
[0.4934985]
[0.5510435]
[0.5145662]
[0.51980424]
[0.57164335]
[0.6568794]
[0.48654526]
[0.4158716]
[0.60227156]
[0.53740877]
[0.4969059]
[0.49298808]
[0.49832833]
[0.58213645]
[0.49116504]
[0.51971704]
[0.510333]
[0.5894096]
[0.51201105]
[0.50253713]
600.4341
epoch:171	 time:31.105005741119385
time elapsed of EmbeddingSimilarity: 23.006155967712402
time elapsed of nll-test: 15.528898239135742
time elapsed of Bleu: 367.91133522987366
time elapsed of Self-Bleu: 20.88623309135437
epoch:171	EmbeddingSimilarity:-0.013376062414717501	nll-test:0.97129726	Bleu:0.6802668745755552	Self-Bleu:0.511415927056067	
[0.52714837]
[0.48232245]
[0.5541008]
[0.53517056]
[0.50278497]
[0.47121057]
[0.45321992]
[0.5528615]
[0.54871976]
[0.57990533]
[0.55820644]
[0.49288145]
[0.44260496]
[0.5033202]
[0.44453388]
[0.52668726]
[0.49789047]
[0.5198524]
[0.48448396]
[0.508079]
[0.5248413]
[0.49946967]
[0.54746556]
[0.47035488]
[0.44197625]
[0.41436556]
[0.5444742]
[0.5397966]
[0.4688063]
[0.5510764]
[0.6035474]
[0.48027587]
[0.5579725]
[0.44425794]
[0.5118962]
[0.45940867]
[0.40954086]
[0.51364964]
[0.5820995]
[0.53686863]
[0.5121644]
[0.44275516]
[0.4469327]
[0.4983818]
[0.55732536]
501.7202
epoch:172	 time:31.27821969985962
[0.5422249]
[0.4866078]
[0.50289863]
[0.51209104]
[0.57046175]
[0.5666308]
[0.4984904]
[0.4949105]
[0.50664884]
[0.58645177]
[0.6166395]
[0.47344768]
[0.48085475]
[0.45551965]
[0.5657457]
[0.561814]
[0.47947663]
[0.5435987]
[0.56396246]
[0.46588388]
[0.54804975]
[0.6056472]
[0.49526545]
[0.60379195]
[0.5376012]
[0.47255728]
[0.5751643]
[0.50348294]
[0.4788752]
[0.47277546]
[0.52776563]
[0.56289995]
[0.6042407]
[0.5029244]
[0.52533984]
[0.47103423]
[0.5133508]
[0.4841012]
[0.56327856]
[0.49726805]
[0.65987754]
[0.45347208]
[0.47794148]
[0.47470987]
[0.4935823]
459.0857
epoch:173	 time:30.76933741569519
[0.45143014]
[0.49929863]
[0.38744]
[0.54362094]
[0.42688018]
[0.5628191]
[0.47779173]
[0.4772745]
[0.5086692]
[0.5230683]
[0.50775534]
[0.4970463]
[0.57141846]
[0.53539973]
[0.55660045]
[0.52151674]
[0.5753126]
[0.38444108]
[0.54755336]
[0.5248932]
[0.5077111]
[0.5474869]
[0.45805675]
[0.47434348]
[0.5738337]
[0.4635442]
[0.4987076]
[0.5203875]
[0.49075496]
[0.42207143]
[0.6208912]
[0.46652654]
[0.5217961]
[0.5013847]
[0.44277775]
[0.52197814]
[0.4828126]
[0.4843024]
[0.62535346]
[0.5183039]
[0.50241005]
[0.48155922]
[0.4989068]
[0.48115706]
[0.5301115]
492.19055
epoch:174	 time:30.547863960266113
[0.53354824]
[0.51916015]
[0.60014194]
[0.5337275]
[0.52405524]
[0.58893573]
[0.4699119]
[0.587788]
[0.6012825]
[0.521897]
[0.53983676]
[0.46672294]
[0.51384974]
[0.49353215]
[0.65204895]
[0.52671957]
[0.5492267]
[0.47864747]
[0.43150115]
[0.49535677]
[0.4626182]
[0.55121154]
[0.41921353]
[0.46838883]
[0.49664465]
[0.48089287]
[0.56155807]
[0.4632427]
[0.5827893]
[0.53990644]
[0.44992524]
[0.5200308]
[0.4467484]
[0.39340854]
[0.49268728]
[0.53281814]
[0.52141994]
[0.46885532]
[0.52346206]
[0.48882854]
[0.59316534]
[0.5184067]
[0.45279604]
[0.5479666]
[0.5024917]
564.36005
epoch:175	 time:30.966843366622925
[0.5612943]
[0.56502426]
[0.5249525]
[0.483355]
[0.4984459]
[0.57067955]
[0.545149]
[0.50963897]
[0.44131163]
[0.45987383]
[0.5153464]
[0.53478515]
[0.4736583]
[0.5137914]
[0.4443655]
[0.5233213]
[0.5016362]
[0.41793913]
[0.48225307]
[0.4480161]
[0.5184702]
[0.42795265]
[0.51012856]
[0.5652448]
[0.5142792]
[0.48785943]
[0.504226]
[0.4847489]
[0.5173105]
[0.5012785]
[0.5766278]
[0.523841]
[0.5449655]
[0.5284756]
[0.5296178]
[0.546381]
[0.5014593]
[0.45450878]
[0.47706988]
[0.46483728]
[0.5617526]
[0.41800666]
[0.5059236]
[0.44685793]
[0.51436514]
470.84067
epoch:176	 time:30.949461221694946
time elapsed of EmbeddingSimilarity: 22.990660905838013
time elapsed of nll-test: 15.535685300827026
time elapsed of Bleu: 361.1749761104584
time elapsed of Self-Bleu: 22.720988512039185
epoch:176	EmbeddingSimilarity:-0.014155003689696782	nll-test:0.97663164	Bleu:0.6857086701839599	Self-Bleu:0.511415927056067	
[0.5049298]
[0.5072782]
[0.5907124]
[0.5192659]
[0.44340605]
[0.498843]
[0.50538796]
[0.5112023]
[0.5110796]
[0.47638932]
[0.43510357]
[0.5138009]
[0.47229472]
[0.49769545]
[0.404925]
[0.51434255]
[0.50749934]
[0.51278836]
[0.44109076]
[0.49123144]
[0.40985262]
[0.509035]
[0.4273629]
[0.4962077]
[0.51250106]
[0.50385493]
[0.5487292]
[0.48445776]
[0.45578444]
[0.50930107]
[0.48735887]
[0.4490563]
[0.37990892]
[0.50923014]
[0.5952187]
[0.53941464]
[0.44525537]
[0.38763833]
[0.5762348]
[0.5622483]
[0.4713597]
[0.5156933]
[0.4238148]
[0.5261475]
[0.534825]
548.2609
epoch:177	 time:31.390120029449463
[0.4454903]
[0.48293063]
[0.48432222]
[0.5407816]
[0.5418099]
[0.5000062]
[0.4839878]
[0.35449582]
[0.4548562]
[0.55330044]
[0.46644384]
[0.46089494]
[0.51794356]
[0.46868163]
[0.51939076]
[0.5540187]
[0.5437711]
[0.5505927]
[0.49092036]
[0.51861197]
[0.5153641]
[0.5170604]
[0.5066898]
[0.4575178]
[0.5627943]
[0.5233185]
[0.51702374]
[0.5179749]
[0.50141734]
[0.3963134]
[0.5141844]
[0.48037285]
[0.43159235]
[0.4990795]
[0.41443655]
[0.4880058]
[0.41428307]
[0.48769468]
[0.46394166]
[0.40482128]
[0.4824267]
[0.4962681]
[0.5458729]
[0.42669082]
[0.4307502]
506.59674
epoch:178	 time:30.991308212280273
[0.639176]
[0.5872415]
[0.49584174]
[0.43482125]
[0.5054886]
[0.42433167]
[0.5007744]
[0.4535348]
[0.5776413]
[0.4675506]
[0.44642755]
[0.4740336]
[0.5464139]
[0.5495711]
[0.5328404]
[0.5125549]
[0.52136]
[0.53747547]
[0.4686752]
[0.5209361]
[0.5447686]
[0.4847246]
[0.5091323]
[0.57365495]
[0.48700333]
[0.4356528]
[0.4888801]
[0.44766116]
[0.44088215]
[0.517315]
[0.53402466]
[0.39273146]
[0.544968]
[0.5683086]
[0.39184034]
[0.5179701]
[0.47603104]
[0.506279]
[0.5551145]
[0.47189713]
[0.5201673]
[0.52705765]
[0.49993932]
[0.4913097]
[0.4738924]
546.5682
epoch:179	 time:30.46583604812622
[0.49324405]
[0.59019935]
[0.5352779]
[0.4006118]
[0.4993158]
[0.42952365]
[0.4947925]
[0.4267051]
[0.5356882]
[0.43219832]
[0.44203195]
[0.46733257]
[0.49654663]
[0.526674]
[0.47036985]
[0.48732445]
[0.50936604]
[0.45115545]
[0.4363129]
[0.5741283]
[0.47215304]
[0.48440364]
[0.4781359]
[0.5677102]
[0.50304276]
[0.49520406]
[0.49376088]
[0.4329321]
[0.44723186]
[0.45449454]
[0.45363405]
[0.51428944]
[0.4361775]
[0.4382986]
[0.5484596]
[0.47879785]
[0.50534016]
[0.39109868]
[0.5529803]
[0.48756957]
[0.4666507]
[0.44232026]
[0.55605114]
[0.47473142]
[0.48973688]
424.98834
epoch:180	 time:31.296468496322632
time elapsed of EmbeddingSimilarity: 22.923900604248047
time elapsed of nll-test: 15.344841957092285
time elapsed of Bleu: 366.1032147407532
time elapsed of Self-Bleu: 19.338839769363403
epoch:180	EmbeddingSimilarity:-0.014255171644308152	nll-test:0.97615093	Bleu:0.6819094217648642	Self-Bleu:0.511415927056067	
[0.5298529]
[0.44309142]
[0.5370396]
[0.58893013]
[0.56965894]
[0.48147294]
[0.38301703]
[0.5157374]
[0.52119625]
[0.51311165]
[0.44234952]
[0.47656602]
[0.44527534]
[0.47341764]
[0.4829293]
[0.49466166]
[0.42635712]
[0.47561198]
[0.43449074]
[0.4757583]
[0.5496549]
[0.6248027]
[0.510968]
[0.4791687]
[0.41985315]
[0.4601853]
[0.4780332]
[0.4886739]
[0.5157357]
[0.4308114]
[0.5872195]
[0.4795954]
[0.50537735]
[0.5257504]
[0.474332]
[0.46021912]
[0.457872]
[0.56350744]
[0.54577816]
[0.5113229]
[0.49057934]
[0.4618467]
[0.55673546]
[0.5331265]
[0.4563139]
